core   0: 0x0001013c (0x00007179) c.addi16sp sp, -48
core   0: 0 0x0001013c (0x7179) x2  0x7ffffd70
core   0: 0x0001013e (0x0000d622) c.swsp  s0, 44(sp)
core   0: 0 0x0001013e (0xd622) mem 0x7ffffd9c 0x00000000
core   0: 0x00010140 (0x00001800) c.addi4spn s0, sp, 48
core   0: 0 0x00010140 (0x1800) x8  0x7ffffda0
core   0: 0x00010142 (0x00006789) c.lui   a5, 0x2
core   0: 0 0x00010142 (0x6789) x15 0x00002000
core   0: 0x00010144 (0x70f78793) addi    a5, a5, 1807
core   0: 0 0x00010144 (0x70f78793) x15 0x0000270f
core   0: 0x00010148 (0xfef42023) sw      a5, -32(s0)
core   0: 0 0x00010148 (0xfef42023) mem 0x7ffffd80 0x0000270f
core   0: 0x0001014c (0xfe042623) sw      zero, -20(s0)
core   0: 0 0x0001014c (0xfe042623) mem 0x7ffffd8c 0x00000000
core   0: 0x00010150 (0xfe042423) sw      zero, -24(s0)
core   0: 0 0x00010150 (0xfe042423) mem 0x7ffffd88 0x00000000
core   0: 0x00010154 (0xfe042223) sw      zero, -28(s0)
core   0: 0 0x00010154 (0xfe042223) mem 0x7ffffd84 0x00000000
core   0: 0x00010158 (0x0000a041) c.j     pc + 128
core   0: 0 0x00010158 (0xa041)
core   0: 0x000101d8 (0xfe442703) lw      a4, -28(s0)
core   0: 0 0x000101d8 (0xfe442703) x14 0x00000000 mem 0x7ffffd84
core   0: 0x000101dc (0x06300793) li      a5, 99
core   0: 0 0x000101dc (0x06300793) x15 0x00000063
core   0: 0x000101e0 (0xf6e7fde3) bgeu    a5, a4, pc - 134
core   0: 0 0x000101e0 (0xf6e7fde3)
core   0: 0x0001015a (0xfe442703) lw      a4, -28(s0)
core   0: 0 0x0001015a (0xfe442703) x14 0x00000000 mem 0x7ffffd84
core   0: 0x0001015e (0x03100793) li      a5, 49
core   0: 0 0x0001015e (0x03100793) x15 0x00000031
core   0: 0x00010162 (0x02e7ec63) bltu    a5, a4, pc + 56
core   0: 0 0x00010162 (0x02e7ec63)
core   0: 0x00010166 (0xfec42783) lw      a5, -20(s0)
core   0: 0 0x00010166 (0xfec42783) x15 0x00000000 mem 0x7ffffd8c
core   0: 0x0001016a (0x00000785) c.addi  a5, 1
core   0: 0 0x0001016a (0x0785) x15 0x00000001
core   0: 0x0001016c (0xfef42623) sw      a5, -20(s0)
core   0: 0 0x0001016c (0xfef42623) mem 0x7ffffd8c 0x00000001
core   0: 0x00010170 (0xfec42703) lw      a4, -20(s0)
core   0: 0 0x00010170 (0xfec42703) x14 0x00000001 mem 0x7ffffd8c
core   0: 0x00010174 (0x000047cd) c.li    a5, 19
core   0: 0 0x00010174 (0x47cd) x15 0x00000013
core   0: 0x00010176 (0x00e7e863) bltu    a5, a4, pc + 16
core   0: 0 0x00010176 (0x00e7e863)
core   0: 0x0001017a (0xfe842783) lw      a5, -24(s0)
core   0: 0 0x0001017a (0xfe842783) x15 0x00000000 mem 0x7ffffd88
core   0: 0x0001017e (0x00000785) c.addi  a5, 1
core   0: 0 0x0001017e (0x0785) x15 0x00000001
core   0: 0x00010180 (0xfef42423) sw      a5, -24(s0)
core   0: 0 0x00010180 (0xfef42423) mem 0x7ffffd88 0x00000001
core   0: 0x00010184 (0x0000a0a9) c.j     pc + 74
core   0: 0 0x00010184 (0xa0a9)
core   0: 0x000101ce (0xfe442783) lw      a5, -28(s0)
core   0: 0 0x000101ce (0xfe442783) x15 0x00000000 mem 0x7ffffd84
core   0: 0x000101d2 (0x00000785) c.addi  a5, 1
core   0: 0 0x000101d2 (0x0785) x15 0x00000001
core   0: 0x000101d4 (0xfef42223) sw      a5, -28(s0)
core   0: 0 0x000101d4 (0xfef42223) mem 0x7ffffd84 0x00000001
core   0: 0x000101d8 (0xfe442703) lw      a4, -28(s0)
core   0: 0 0x000101d8 (0xfe442703) x14 0x00000001 mem 0x7ffffd84
core   0: 0x000101dc (0x06300793) li      a5, 99
core   0: 0 0x000101dc (0x06300793) x15 0x00000063
core   0: 0x000101e0 (0xf6e7fde3) bgeu    a5, a4, pc - 134
core   0: 0 0x000101e0 (0xf6e7fde3)
core   0: 0x0001015a (0xfe442703) lw      a4, -28(s0)
core   0: 0 0x0001015a (0xfe442703) x14 0x00000001 mem 0x7ffffd84
core   0: 0x0001015e (0x03100793) li      a5, 49
core   0: 0 0x0001015e (0x03100793) x15 0x00000031
core   0: 0x00010162 (0x02e7ec63) bltu    a5, a4, pc + 56
core   0: 0 0x00010162 (0x02e7ec63)
core   0: 0x00010166 (0xfec42783) lw      a5, -20(s0)
core   0: 0 0x00010166 (0xfec42783) x15 0x00000001 mem 0x7ffffd8c
core   0: 0x0001016a (0x00000785) c.addi  a5, 1
core   0: 0 0x0001016a (0x0785) x15 0x00000002
core   0: 0x0001016c (0xfef42623) sw      a5, -20(s0)
core   0: 0 0x0001016c (0xfef42623) mem 0x7ffffd8c 0x00000002
core   0: 0x00010170 (0xfec42703) lw      a4, -20(s0)
core   0: 0 0x00010170 (0xfec42703) x14 0x00000002 mem 0x7ffffd8c
core   0: 0x00010174 (0x000047cd) c.li    a5, 19
core   0: 0 0x00010174 (0x47cd) x15 0x00000013
core   0: 0x00010176 (0x00e7e863) bltu    a5, a4, pc + 16
core   0: 0 0x00010176 (0x00e7e863)
core   0: 0x0001017a (0xfe842783) lw      a5, -24(s0)
core   0: 0 0x0001017a (0xfe842783) x15 0x00000001 mem 0x7ffffd88
core   0: 0x0001017e (0x00000785) c.addi  a5, 1
core   0: 0 0x0001017e (0x0785) x15 0x00000002
core   0: 0x00010180 (0xfef42423) sw      a5, -24(s0)
core   0: 0 0x00010180 (0xfef42423) mem 0x7ffffd88 0x00000002
core   0: 0x00010184 (0x0000a0a9) c.j     pc + 74
core   0: 0 0x00010184 (0xa0a9)
core   0: 0x000101ce (0xfe442783) lw      a5, -28(s0)
core   0: 0 0x000101ce (0xfe442783) x15 0x00000001 mem 0x7ffffd84
core   0: 0x000101d2 (0x00000785) c.addi  a5, 1
core   0: 0 0x000101d2 (0x0785) x15 0x00000002
core   0: 0x000101d4 (0xfef42223) sw      a5, -28(s0)
core   0: 0 0x000101d4 (0xfef42223) mem 0x7ffffd84 0x00000002
core   0: 0x000101d8 (0xfe442703) lw      a4, -28(s0)
core   0: 0 0x000101d8 (0xfe442703) x14 0x00000002 mem 0x7ffffd84
core   0: 0x000101dc (0x06300793) li      a5, 99
core   0: 0 0x000101dc (0x06300793) x15 0x00000063
core   0: 0x000101e0 (0xf6e7fde3) bgeu    a5, a4, pc - 134
core   0: 0 0x000101e0 (0xf6e7fde3)
core   0: 0x0001015a (0xfe442703) lw      a4, -28(s0)
core   0: 0 0x0001015a (0xfe442703) x14 0x00000002 mem 0x7ffffd84
core   0: 0x0001015e (0x03100793) li      a5, 49
core   0: 0 0x0001015e (0x03100793) x15 0x00000031
core   0: 0x00010162 (0x02e7ec63) bltu    a5, a4, pc + 56
core   0: 0 0x00010162 (0x02e7ec63)
core   0: 0x00010166 (0xfec42783) lw      a5, -20(s0)
core   0: 0 0x00010166 (0xfec42783) x15 0x00000002 mem 0x7ffffd8c
core   0: 0x0001016a (0x00000785) c.addi  a5, 1
core   0: 0 0x0001016a (0x0785) x15 0x00000003
core   0: 0x0001016c (0xfef42623) sw      a5, -20(s0)
core   0: 0 0x0001016c (0xfef42623) mem 0x7ffffd8c 0x00000003
core   0: 0x00010170 (0xfec42703) lw      a4, -20(s0)
core   0: 0 0x00010170 (0xfec42703) x14 0x00000003 mem 0x7ffffd8c
core   0: 0x00010174 (0x000047cd) c.li    a5, 19
core   0: 0 0x00010174 (0x47cd) x15 0x00000013
core   0: 0x00010176 (0x00e7e863) bltu    a5, a4, pc + 16
core   0: 0 0x00010176 (0x00e7e863)
core   0: 0x0001017a (0xfe842783) lw      a5, -24(s0)
core   0: 0 0x0001017a (0xfe842783) x15 0x00000002 mem 0x7ffffd88
core   0: 0x0001017e (0x00000785) c.addi  a5, 1
core   0: 0 0x0001017e (0x0785) x15 0x00000003
core   0: 0x00010180 (0xfef42423) sw      a5, -24(s0)
core   0: 0 0x00010180 (0xfef42423) mem 0x7ffffd88 0x00000003
core   0: 0x00010184 (0x0000a0a9) c.j     pc + 74
core   0: 0 0x00010184 (0xa0a9)
core   0: 0x000101ce (0xfe442783) lw      a5, -28(s0)
core   0: 0 0x000101ce (0xfe442783) x15 0x00000002 mem 0x7ffffd84
core   0: 0x000101d2 (0x00000785) c.addi  a5, 1
core   0: 0 0x000101d2 (0x0785) x15 0x00000003
core   0: 0x000101d4 (0xfef42223) sw      a5, -28(s0)
core   0: 0 0x000101d4 (0xfef42223) mem 0x7ffffd84 0x00000003
core   0: 0x000101d8 (0xfe442703) lw      a4, -28(s0)
core   0: 0 0x000101d8 (0xfe442703) x14 0x00000003 mem 0x7ffffd84
core   0: 0x000101dc (0x06300793) li      a5, 99
core   0: 0 0x000101dc (0x06300793) x15 0x00000063
core   0: 0x000101e0 (0xf6e7fde3) bgeu    a5, a4, pc - 134
core   0: 0 0x000101e0 (0xf6e7fde3)
core   0: 0x0001015a (0xfe442703) lw      a4, -28(s0)
core   0: 0 0x0001015a (0xfe442703) x14 0x00000003 mem 0x7ffffd84
core   0: 0x0001015e (0x03100793) li      a5, 49
core   0: 0 0x0001015e (0x03100793) x15 0x00000031
core   0: 0x00010162 (0x02e7ec63) bltu    a5, a4, pc + 56
core   0: 0 0x00010162 (0x02e7ec63)
core   0: 0x00010166 (0xfec42783) lw      a5, -20(s0)
core   0: 0 0x00010166 (0xfec42783) x15 0x00000003 mem 0x7ffffd8c
core   0: 0x0001016a (0x00000785) c.addi  a5, 1
core   0: 0 0x0001016a (0x0785) x15 0x00000004
core   0: 0x0001016c (0xfef42623) sw      a5, -20(s0)
core   0: 0 0x0001016c (0xfef42623) mem 0x7ffffd8c 0x00000004
core   0: 0x00010170 (0xfec42703) lw      a4, -20(s0)
core   0: 0 0x00010170 (0xfec42703) x14 0x00000004 mem 0x7ffffd8c
core   0: 0x00010174 (0x000047cd) c.li    a5, 19
core   0: 0 0x00010174 (0x47cd) x15 0x00000013
core   0: 0x00010176 (0x00e7e863) bltu    a5, a4, pc + 16
core   0: 0 0x00010176 (0x00e7e863)
core   0: 0x0001017a (0xfe842783) lw      a5, -24(s0)
core   0: 0 0x0001017a (0xfe842783) x15 0x00000003 mem 0x7ffffd88
core   0: 0x0001017e (0x00000785) c.addi  a5, 1
core   0: 0 0x0001017e (0x0785) x15 0x00000004
core   0: 0x00010180 (0xfef42423) sw      a5, -24(s0)
core   0: 0 0x00010180 (0xfef42423) mem 0x7ffffd88 0x00000004
core   0: 0x00010184 (0x0000a0a9) c.j     pc + 74
core   0: 0 0x00010184 (0xa0a9)
core   0: 0x000101ce (0xfe442783) lw      a5, -28(s0)
core   0: 0 0x000101ce (0xfe442783) x15 0x00000003 mem 0x7ffffd84
core   0: 0x000101d2 (0x00000785) c.addi  a5, 1
core   0: 0 0x000101d2 (0x0785) x15 0x00000004
core   0: 0x000101d4 (0xfef42223) sw      a5, -28(s0)
core   0: 0 0x000101d4 (0xfef42223) mem 0x7ffffd84 0x00000004
core   0: 0x000101d8 (0xfe442703) lw      a4, -28(s0)
core   0: 0 0x000101d8 (0xfe442703) x14 0x00000004 mem 0x7ffffd84
core   0: 0x000101dc (0x06300793) li      a5, 99
core   0: 0 0x000101dc (0x06300793) x15 0x00000063
core   0: 0x000101e0 (0xf6e7fde3) bgeu    a5, a4, pc - 134
core   0: 0 0x000101e0 (0xf6e7fde3)
core   0: 0x0001015a (0xfe442703) lw      a4, -28(s0)
core   0: 0 0x0001015a (0xfe442703) x14 0x00000004 mem 0x7ffffd84
core   0: 0x0001015e (0x03100793) li      a5, 49
core   0: 0 0x0001015e (0x03100793) x15 0x00000031
core   0: 0x00010162 (0x02e7ec63) bltu    a5, a4, pc + 56
core   0: 0 0x00010162 (0x02e7ec63)
core   0: 0x00010166 (0xfec42783) lw      a5, -20(s0)
core   0: 0 0x00010166 (0xfec42783) x15 0x00000004 mem 0x7ffffd8c
core   0: 0x0001016a (0x00000785) c.addi  a5, 1
core   0: 0 0x0001016a (0x0785) x15 0x00000005
core   0: 0x0001016c (0xfef42623) sw      a5, -20(s0)
core   0: 0 0x0001016c (0xfef42623) mem 0x7ffffd8c 0x00000005
core   0: 0x00010170 (0xfec42703) lw      a4, -20(s0)
core   0: 0 0x00010170 (0xfec42703) x14 0x00000005 mem 0x7ffffd8c
core   0: 0x00010174 (0x000047cd) c.li    a5, 19
core   0: 0 0x00010174 (0x47cd) x15 0x00000013
core   0: 0x00010176 (0x00e7e863) bltu    a5, a4, pc + 16
core   0: 0 0x00010176 (0x00e7e863)
core   0: 0x0001017a (0xfe842783) lw      a5, -24(s0)
core   0: 0 0x0001017a (0xfe842783) x15 0x00000004 mem 0x7ffffd88
core   0: 0x0001017e (0x00000785) c.addi  a5, 1
core   0: 0 0x0001017e (0x0785) x15 0x00000005
core   0: 0x00010180 (0xfef42423) sw      a5, -24(s0)
core   0: 0 0x00010180 (0xfef42423) mem 0x7ffffd88 0x00000005
core   0: 0x00010184 (0x0000a0a9) c.j     pc + 74
core   0: 0 0x00010184 (0xa0a9)
core   0: 0x000101ce (0xfe442783) lw      a5, -28(s0)
core   0: 0 0x000101ce (0xfe442783) x15 0x00000004 mem 0x7ffffd84
core   0: 0x000101d2 (0x00000785) c.addi  a5, 1
core   0: 0 0x000101d2 (0x0785) x15 0x00000005
core   0: 0x000101d4 (0xfef42223) sw      a5, -28(s0)
core   0: 0 0x000101d4 (0xfef42223) mem 0x7ffffd84 0x00000005
core   0: 0x000101d8 (0xfe442703) lw      a4, -28(s0)
core   0: 0 0x000101d8 (0xfe442703) x14 0x00000005 mem 0x7ffffd84
core   0: 0x000101dc (0x06300793) li      a5, 99
core   0: 0 0x000101dc (0x06300793) x15 0x00000063
core   0: 0x000101e0 (0xf6e7fde3) bgeu    a5, a4, pc - 134
core   0: 0 0x000101e0 (0xf6e7fde3)
core   0: 0x0001015a (0xfe442703) lw      a4, -28(s0)
core   0: 0 0x0001015a (0xfe442703) x14 0x00000005 mem 0x7ffffd84
core   0: 0x0001015e (0x03100793) li      a5, 49
core   0: 0 0x0001015e (0x03100793) x15 0x00000031
core   0: 0x00010162 (0x02e7ec63) bltu    a5, a4, pc + 56
core   0: 0 0x00010162 (0x02e7ec63)
core   0: 0x00010166 (0xfec42783) lw      a5, -20(s0)
core   0: 0 0x00010166 (0xfec42783) x15 0x00000005 mem 0x7ffffd8c
core   0: 0x0001016a (0x00000785) c.addi  a5, 1
core   0: 0 0x0001016a (0x0785) x15 0x00000006
core   0: 0x0001016c (0xfef42623) sw      a5, -20(s0)
core   0: 0 0x0001016c (0xfef42623) mem 0x7ffffd8c 0x00000006
core   0: 0x00010170 (0xfec42703) lw      a4, -20(s0)
core   0: 0 0x00010170 (0xfec42703) x14 0x00000006 mem 0x7ffffd8c
core   0: 0x00010174 (0x000047cd) c.li    a5, 19
core   0: 0 0x00010174 (0x47cd) x15 0x00000013
core   0: 0x00010176 (0x00e7e863) bltu    a5, a4, pc + 16
core   0: 0 0x00010176 (0x00e7e863)
core   0: 0x0001017a (0xfe842783) lw      a5, -24(s0)
core   0: 0 0x0001017a (0xfe842783) x15 0x00000005 mem 0x7ffffd88
core   0: 0x0001017e (0x00000785) c.addi  a5, 1
core   0: 0 0x0001017e (0x0785) x15 0x00000006
core   0: 0x00010180 (0xfef42423) sw      a5, -24(s0)
core   0: 0 0x00010180 (0xfef42423) mem 0x7ffffd88 0x00000006
core   0: 0x00010184 (0x0000a0a9) c.j     pc + 74
core   0: 0 0x00010184 (0xa0a9)
core   0: 0x000101ce (0xfe442783) lw      a5, -28(s0)
core   0: 0 0x000101ce (0xfe442783) x15 0x00000005 mem 0x7ffffd84
core   0: 0x000101d2 (0x00000785) c.addi  a5, 1
core   0: 0 0x000101d2 (0x0785) x15 0x00000006
core   0: 0x000101d4 (0xfef42223) sw      a5, -28(s0)
core   0: 0 0x000101d4 (0xfef42223) mem 0x7ffffd84 0x00000006
core   0: 0x000101d8 (0xfe442703) lw      a4, -28(s0)
core   0: 0 0x000101d8 (0xfe442703) x14 0x00000006 mem 0x7ffffd84
core   0: 0x000101dc (0x06300793) li      a5, 99
core   0: 0 0x000101dc (0x06300793) x15 0x00000063
core   0: 0x000101e0 (0xf6e7fde3) bgeu    a5, a4, pc - 134
core   0: 0 0x000101e0 (0xf6e7fde3)
core   0: 0x0001015a (0xfe442703) lw      a4, -28(s0)
core   0: 0 0x0001015a (0xfe442703) x14 0x00000006 mem 0x7ffffd84
core   0: 0x0001015e (0x03100793) li      a5, 49
core   0: 0 0x0001015e (0x03100793) x15 0x00000031
core   0: 0x00010162 (0x02e7ec63) bltu    a5, a4, pc + 56
core   0: 0 0x00010162 (0x02e7ec63)
core   0: 0x00010166 (0xfec42783) lw      a5, -20(s0)
core   0: 0 0x00010166 (0xfec42783) x15 0x00000006 mem 0x7ffffd8c
core   0: 0x0001016a (0x00000785) c.addi  a5, 1
core   0: 0 0x0001016a (0x0785) x15 0x00000007
core   0: 0x0001016c (0xfef42623) sw      a5, -20(s0)
core   0: 0 0x0001016c (0xfef42623) mem 0x7ffffd8c 0x00000007
core   0: 0x00010170 (0xfec42703) lw      a4, -20(s0)
core   0: 0 0x00010170 (0xfec42703) x14 0x00000007 mem 0x7ffffd8c
core   0: 0x00010174 (0x000047cd) c.li    a5, 19
core   0: 0 0x00010174 (0x47cd) x15 0x00000013
core   0: 0x00010176 (0x00e7e863) bltu    a5, a4, pc + 16
core   0: 0 0x00010176 (0x00e7e863)
core   0: 0x0001017a (0xfe842783) lw      a5, -24(s0)
core   0: 0 0x0001017a (0xfe842783) x15 0x00000006 mem 0x7ffffd88
core   0: 0x0001017e (0x00000785) c.addi  a5, 1
core   0: 0 0x0001017e (0x0785) x15 0x00000007
core   0: 0x00010180 (0xfef42423) sw      a5, -24(s0)
core   0: 0 0x00010180 (0xfef42423) mem 0x7ffffd88 0x00000007
core   0: 0x00010184 (0x0000a0a9) c.j     pc + 74
core   0: 0 0x00010184 (0xa0a9)
core   0: 0x000101ce (0xfe442783) lw      a5, -28(s0)
core   0: 0 0x000101ce (0xfe442783) x15 0x00000006 mem 0x7ffffd84
core   0: 0x000101d2 (0x00000785) c.addi  a5, 1
core   0: 0 0x000101d2 (0x0785) x15 0x00000007
core   0: 0x000101d4 (0xfef42223) sw      a5, -28(s0)
core   0: 0 0x000101d4 (0xfef42223) mem 0x7ffffd84 0x00000007
core   0: 0x000101d8 (0xfe442703) lw      a4, -28(s0)
core   0: 0 0x000101d8 (0xfe442703) x14 0x00000007 mem 0x7ffffd84
core   0: 0x000101dc (0x06300793) li      a5, 99
core   0: 0 0x000101dc (0x06300793) x15 0x00000063
core   0: 0x000101e0 (0xf6e7fde3) bgeu    a5, a4, pc - 134
core   0: 0 0x000101e0 (0xf6e7fde3)
core   0: 0x0001015a (0xfe442703) lw      a4, -28(s0)
core   0: 0 0x0001015a (0xfe442703) x14 0x00000007 mem 0x7ffffd84
core   0: 0x0001015e (0x03100793) li      a5, 49
core   0: 0 0x0001015e (0x03100793) x15 0x00000031
core   0: 0x00010162 (0x02e7ec63) bltu    a5, a4, pc + 56
core   0: 0 0x00010162 (0x02e7ec63)
core   0: 0x00010166 (0xfec42783) lw      a5, -20(s0)
core   0: 0 0x00010166 (0xfec42783) x15 0x00000007 mem 0x7ffffd8c
core   0: 0x0001016a (0x00000785) c.addi  a5, 1
core   0: 0 0x0001016a (0x0785) x15 0x00000008
core   0: 0x0001016c (0xfef42623) sw      a5, -20(s0)
core   0: 0 0x0001016c (0xfef42623) mem 0x7ffffd8c 0x00000008
core   0: 0x00010170 (0xfec42703) lw      a4, -20(s0)
core   0: 0 0x00010170 (0xfec42703) x14 0x00000008 mem 0x7ffffd8c
core   0: 0x00010174 (0x000047cd) c.li    a5, 19
core   0: 0 0x00010174 (0x47cd) x15 0x00000013
core   0: 0x00010176 (0x00e7e863) bltu    a5, a4, pc + 16
core   0: 0 0x00010176 (0x00e7e863)
core   0: 0x0001017a (0xfe842783) lw      a5, -24(s0)
core   0: 0 0x0001017a (0xfe842783) x15 0x00000007 mem 0x7ffffd88
core   0: 0x0001017e (0x00000785) c.addi  a5, 1
core   0: 0 0x0001017e (0x0785) x15 0x00000008
core   0: 0x00010180 (0xfef42423) sw      a5, -24(s0)
core   0: 0 0x00010180 (0xfef42423) mem 0x7ffffd88 0x00000008
core   0: 0x00010184 (0x0000a0a9) c.j     pc + 74
core   0: 0 0x00010184 (0xa0a9)
core   0: 0x000101ce (0xfe442783) lw      a5, -28(s0)
core   0: 0 0x000101ce (0xfe442783) x15 0x00000007 mem 0x7ffffd84
core   0: 0x000101d2 (0x00000785) c.addi  a5, 1
core   0: 0 0x000101d2 (0x0785) x15 0x00000008
core   0: 0x000101d4 (0xfef42223) sw      a5, -28(s0)
core   0: 0 0x000101d4 (0xfef42223) mem 0x7ffffd84 0x00000008
core   0: 0x000101d8 (0xfe442703) lw      a4, -28(s0)
core   0: 0 0x000101d8 (0xfe442703) x14 0x00000008 mem 0x7ffffd84
core   0: 0x000101dc (0x06300793) li      a5, 99
core   0: 0 0x000101dc (0x06300793) x15 0x00000063
core   0: 0x000101e0 (0xf6e7fde3) bgeu    a5, a4, pc - 134
core   0: 0 0x000101e0 (0xf6e7fde3)
core   0: 0x0001015a (0xfe442703) lw      a4, -28(s0)
core   0: 0 0x0001015a (0xfe442703) x14 0x00000008 mem 0x7ffffd84
core   0: 0x0001015e (0x03100793) li      a5, 49
core   0: 0 0x0001015e (0x03100793) x15 0x00000031
core   0: 0x00010162 (0x02e7ec63) bltu    a5, a4, pc + 56
core   0: 0 0x00010162 (0x02e7ec63)
core   0: 0x00010166 (0xfec42783) lw      a5, -20(s0)
core   0: 0 0x00010166 (0xfec42783) x15 0x00000008 mem 0x7ffffd8c
core   0: 0x0001016a (0x00000785) c.addi  a5, 1
core   0: 0 0x0001016a (0x0785) x15 0x00000009
core   0: 0x0001016c (0xfef42623) sw      a5, -20(s0)
core   0: 0 0x0001016c (0xfef42623) mem 0x7ffffd8c 0x00000009
core   0: 0x00010170 (0xfec42703) lw      a4, -20(s0)
core   0: 0 0x00010170 (0xfec42703) x14 0x00000009 mem 0x7ffffd8c
core   0: 0x00010174 (0x000047cd) c.li    a5, 19
core   0: 0 0x00010174 (0x47cd) x15 0x00000013
core   0: 0x00010176 (0x00e7e863) bltu    a5, a4, pc + 16
core   0: 0 0x00010176 (0x00e7e863)
core   0: 0x0001017a (0xfe842783) lw      a5, -24(s0)
core   0: 0 0x0001017a (0xfe842783) x15 0x00000008 mem 0x7ffffd88
core   0: 0x0001017e (0x00000785) c.addi  a5, 1
core   0: 0 0x0001017e (0x0785) x15 0x00000009
core   0: 0x00010180 (0xfef42423) sw      a5, -24(s0)
core   0: 0 0x00010180 (0xfef42423) mem 0x7ffffd88 0x00000009
core   0: 0x00010184 (0x0000a0a9) c.j     pc + 74
core   0: 0 0x00010184 (0xa0a9)
core   0: 0x000101ce (0xfe442783) lw      a5, -28(s0)
core   0: 0 0x000101ce (0xfe442783) x15 0x00000008 mem 0x7ffffd84
core   0: 0x000101d2 (0x00000785) c.addi  a5, 1
core   0: 0 0x000101d2 (0x0785) x15 0x00000009
core   0: 0x000101d4 (0xfef42223) sw      a5, -28(s0)
core   0: 0 0x000101d4 (0xfef42223) mem 0x7ffffd84 0x00000009
core   0: 0x000101d8 (0xfe442703) lw      a4, -28(s0)
core   0: 0 0x000101d8 (0xfe442703) x14 0x00000009 mem 0x7ffffd84
core   0: 0x000101dc (0x06300793) li      a5, 99
core   0: 0 0x000101dc (0x06300793) x15 0x00000063
core   0: 0x000101e0 (0xf6e7fde3) bgeu    a5, a4, pc - 134
core   0: 0 0x000101e0 (0xf6e7fde3)
core   0: 0x0001015a (0xfe442703) lw      a4, -28(s0)
core   0: 0 0x0001015a (0xfe442703) x14 0x00000009 mem 0x7ffffd84
core   0: 0x0001015e (0x03100793) li      a5, 49
core   0: 0 0x0001015e (0x03100793) x15 0x00000031
core   0: 0x00010162 (0x02e7ec63) bltu    a5, a4, pc + 56
core   0: 0 0x00010162 (0x02e7ec63)
core   0: 0x00010166 (0xfec42783) lw      a5, -20(s0)
core   0: 0 0x00010166 (0xfec42783) x15 0x00000009 mem 0x7ffffd8c
core   0: 0x0001016a (0x00000785) c.addi  a5, 1
core   0: 0 0x0001016a (0x0785) x15 0x0000000a
core   0: 0x0001016c (0xfef42623) sw      a5, -20(s0)
core   0: 0 0x0001016c (0xfef42623) mem 0x7ffffd8c 0x0000000a
core   0: 0x00010170 (0xfec42703) lw      a4, -20(s0)
core   0: 0 0x00010170 (0xfec42703) x14 0x0000000a mem 0x7ffffd8c
core   0: 0x00010174 (0x000047cd) c.li    a5, 19
core   0: 0 0x00010174 (0x47cd) x15 0x00000013
core   0: 0x00010176 (0x00e7e863) bltu    a5, a4, pc + 16
core   0: 0 0x00010176 (0x00e7e863)
core   0: 0x0001017a (0xfe842783) lw      a5, -24(s0)
core   0: 0 0x0001017a (0xfe842783) x15 0x00000009 mem 0x7ffffd88
core   0: 0x0001017e (0x00000785) c.addi  a5, 1
core   0: 0 0x0001017e (0x0785) x15 0x0000000a
core   0: 0x00010180 (0xfef42423) sw      a5, -24(s0)
core   0: 0 0x00010180 (0xfef42423) mem 0x7ffffd88 0x0000000a
core   0: 0x00010184 (0x0000a0a9) c.j     pc + 74
core   0: 0 0x00010184 (0xa0a9)
core   0: 0x000101ce (0xfe442783) lw      a5, -28(s0)
core   0: 0 0x000101ce (0xfe442783) x15 0x00000009 mem 0x7ffffd84
core   0: 0x000101d2 (0x00000785) c.addi  a5, 1
core   0: 0 0x000101d2 (0x0785) x15 0x0000000a
core   0: 0x000101d4 (0xfef42223) sw      a5, -28(s0)
core   0: 0 0x000101d4 (0xfef42223) mem 0x7ffffd84 0x0000000a
core   0: 0x000101d8 (0xfe442703) lw      a4, -28(s0)
core   0: 0 0x000101d8 (0xfe442703) x14 0x0000000a mem 0x7ffffd84
core   0: 0x000101dc (0x06300793) li      a5, 99
core   0: 0 0x000101dc (0x06300793) x15 0x00000063
core   0: 0x000101e0 (0xf6e7fde3) bgeu    a5, a4, pc - 134
core   0: 0 0x000101e0 (0xf6e7fde3)
core   0: 0x0001015a (0xfe442703) lw      a4, -28(s0)
core   0: 0 0x0001015a (0xfe442703) x14 0x0000000a mem 0x7ffffd84
core   0: 0x0001015e (0x03100793) li      a5, 49
core   0: 0 0x0001015e (0x03100793) x15 0x00000031
core   0: 0x00010162 (0x02e7ec63) bltu    a5, a4, pc + 56
core   0: 0 0x00010162 (0x02e7ec63)
core   0: 0x00010166 (0xfec42783) lw      a5, -20(s0)
core   0: 0 0x00010166 (0xfec42783) x15 0x0000000a mem 0x7ffffd8c
core   0: 0x0001016a (0x00000785) c.addi  a5, 1
core   0: 0 0x0001016a (0x0785) x15 0x0000000b
core   0: 0x0001016c (0xfef42623) sw      a5, -20(s0)
core   0: 0 0x0001016c (0xfef42623) mem 0x7ffffd8c 0x0000000b
core   0: 0x00010170 (0xfec42703) lw      a4, -20(s0)
core   0: 0 0x00010170 (0xfec42703) x14 0x0000000b mem 0x7ffffd8c
core   0: 0x00010174 (0x000047cd) c.li    a5, 19
core   0: 0 0x00010174 (0x47cd) x15 0x00000013
core   0: 0x00010176 (0x00e7e863) bltu    a5, a4, pc + 16
core   0: 0 0x00010176 (0x00e7e863)
core   0: 0x0001017a (0xfe842783) lw      a5, -24(s0)
core   0: 0 0x0001017a (0xfe842783) x15 0x0000000a mem 0x7ffffd88
core   0: 0x0001017e (0x00000785) c.addi  a5, 1
core   0: 0 0x0001017e (0x0785) x15 0x0000000b
core   0: 0x00010180 (0xfef42423) sw      a5, -24(s0)
core   0: 0 0x00010180 (0xfef42423) mem 0x7ffffd88 0x0000000b
core   0: 0x00010184 (0x0000a0a9) c.j     pc + 74
core   0: 0 0x00010184 (0xa0a9)
core   0: 0x000101ce (0xfe442783) lw      a5, -28(s0)
core   0: 0 0x000101ce (0xfe442783) x15 0x0000000a mem 0x7ffffd84
core   0: 0x000101d2 (0x00000785) c.addi  a5, 1
core   0: 0 0x000101d2 (0x0785) x15 0x0000000b
core   0: 0x000101d4 (0xfef42223) sw      a5, -28(s0)
core   0: 0 0x000101d4 (0xfef42223) mem 0x7ffffd84 0x0000000b
core   0: 0x000101d8 (0xfe442703) lw      a4, -28(s0)
core   0: 0 0x000101d8 (0xfe442703) x14 0x0000000b mem 0x7ffffd84
core   0: 0x000101dc (0x06300793) li      a5, 99
core   0: 0 0x000101dc (0x06300793) x15 0x00000063
core   0: 0x000101e0 (0xf6e7fde3) bgeu    a5, a4, pc - 134
core   0: 0 0x000101e0 (0xf6e7fde3)
core   0: 0x0001015a (0xfe442703) lw      a4, -28(s0)
core   0: 0 0x0001015a (0xfe442703) x14 0x0000000b mem 0x7ffffd84
core   0: 0x0001015e (0x03100793) li      a5, 49
core   0: 0 0x0001015e (0x03100793) x15 0x00000031
core   0: 0x00010162 (0x02e7ec63) bltu    a5, a4, pc + 56
core   0: 0 0x00010162 (0x02e7ec63)
core   0: 0x00010166 (0xfec42783) lw      a5, -20(s0)
core   0: 0 0x00010166 (0xfec42783) x15 0x0000000b mem 0x7ffffd8c
core   0: 0x0001016a (0x00000785) c.addi  a5, 1
core   0: 0 0x0001016a (0x0785) x15 0x0000000c
core   0: 0x0001016c (0xfef42623) sw      a5, -20(s0)
core   0: 0 0x0001016c (0xfef42623) mem 0x7ffffd8c 0x0000000c
core   0: 0x00010170 (0xfec42703) lw      a4, -20(s0)
core   0: 0 0x00010170 (0xfec42703) x14 0x0000000c mem 0x7ffffd8c
core   0: 0x00010174 (0x000047cd) c.li    a5, 19
core   0: 0 0x00010174 (0x47cd) x15 0x00000013
core   0: 0x00010176 (0x00e7e863) bltu    a5, a4, pc + 16
core   0: 0 0x00010176 (0x00e7e863)
core   0: 0x0001017a (0xfe842783) lw      a5, -24(s0)
core   0: 0 0x0001017a (0xfe842783) x15 0x0000000b mem 0x7ffffd88
core   0: 0x0001017e (0x00000785) c.addi  a5, 1
core   0: 0 0x0001017e (0x0785) x15 0x0000000c
core   0: 0x00010180 (0xfef42423) sw      a5, -24(s0)
core   0: 0 0x00010180 (0xfef42423) mem 0x7ffffd88 0x0000000c
core   0: 0x00010184 (0x0000a0a9) c.j     pc + 74
core   0: 0 0x00010184 (0xa0a9)
core   0: 0x000101ce (0xfe442783) lw      a5, -28(s0)
core   0: 0 0x000101ce (0xfe442783) x15 0x0000000b mem 0x7ffffd84
core   0: 0x000101d2 (0x00000785) c.addi  a5, 1
core   0: 0 0x000101d2 (0x0785) x15 0x0000000c
core   0: 0x000101d4 (0xfef42223) sw      a5, -28(s0)
core   0: 0 0x000101d4 (0xfef42223) mem 0x7ffffd84 0x0000000c
core   0: 0x000101d8 (0xfe442703) lw      a4, -28(s0)
core   0: 0 0x000101d8 (0xfe442703) x14 0x0000000c mem 0x7ffffd84
core   0: 0x000101dc (0x06300793) li      a5, 99
core   0: 0 0x000101dc (0x06300793) x15 0x00000063
core   0: 0x000101e0 (0xf6e7fde3) bgeu    a5, a4, pc - 134
core   0: 0 0x000101e0 (0xf6e7fde3)
core   0: 0x0001015a (0xfe442703) lw      a4, -28(s0)
core   0: 0 0x0001015a (0xfe442703) x14 0x0000000c mem 0x7ffffd84
core   0: 0x0001015e (0x03100793) li      a5, 49
core   0: 0 0x0001015e (0x03100793) x15 0x00000031
core   0: 0x00010162 (0x02e7ec63) bltu    a5, a4, pc + 56
core   0: 0 0x00010162 (0x02e7ec63)
core   0: 0x00010166 (0xfec42783) lw      a5, -20(s0)
core   0: 0 0x00010166 (0xfec42783) x15 0x0000000c mem 0x7ffffd8c
core   0: 0x0001016a (0x00000785) c.addi  a5, 1
core   0: 0 0x0001016a (0x0785) x15 0x0000000d
core   0: 0x0001016c (0xfef42623) sw      a5, -20(s0)
core   0: 0 0x0001016c (0xfef42623) mem 0x7ffffd8c 0x0000000d
core   0: 0x00010170 (0xfec42703) lw      a4, -20(s0)
core   0: 0 0x00010170 (0xfec42703) x14 0x0000000d mem 0x7ffffd8c
core   0: 0x00010174 (0x000047cd) c.li    a5, 19
core   0: 0 0x00010174 (0x47cd) x15 0x00000013
core   0: 0x00010176 (0x00e7e863) bltu    a5, a4, pc + 16
core   0: 0 0x00010176 (0x00e7e863)
core   0: 0x0001017a (0xfe842783) lw      a5, -24(s0)
core   0: 0 0x0001017a (0xfe842783) x15 0x0000000c mem 0x7ffffd88
core   0: 0x0001017e (0x00000785) c.addi  a5, 1
core   0: 0 0x0001017e (0x0785) x15 0x0000000d
core   0: 0x00010180 (0xfef42423) sw      a5, -24(s0)
core   0: 0 0x00010180 (0xfef42423) mem 0x7ffffd88 0x0000000d
core   0: 0x00010184 (0x0000a0a9) c.j     pc + 74
core   0: 0 0x00010184 (0xa0a9)
core   0: 0x000101ce (0xfe442783) lw      a5, -28(s0)
core   0: 0 0x000101ce (0xfe442783) x15 0x0000000c mem 0x7ffffd84
core   0: 0x000101d2 (0x00000785) c.addi  a5, 1
core   0: 0 0x000101d2 (0x0785) x15 0x0000000d
core   0: 0x000101d4 (0xfef42223) sw      a5, -28(s0)
core   0: 0 0x000101d4 (0xfef42223) mem 0x7ffffd84 0x0000000d
core   0: 0x000101d8 (0xfe442703) lw      a4, -28(s0)
core   0: 0 0x000101d8 (0xfe442703) x14 0x0000000d mem 0x7ffffd84
core   0: 0x000101dc (0x06300793) li      a5, 99
core   0: 0 0x000101dc (0x06300793) x15 0x00000063
core   0: 0x000101e0 (0xf6e7fde3) bgeu    a5, a4, pc - 134
core   0: 0 0x000101e0 (0xf6e7fde3)
core   0: 0x0001015a (0xfe442703) lw      a4, -28(s0)
core   0: 0 0x0001015a (0xfe442703) x14 0x0000000d mem 0x7ffffd84
core   0: 0x0001015e (0x03100793) li      a5, 49
core   0: 0 0x0001015e (0x03100793) x15 0x00000031
core   0: 0x00010162 (0x02e7ec63) bltu    a5, a4, pc + 56
core   0: 0 0x00010162 (0x02e7ec63)
core   0: 0x00010166 (0xfec42783) lw      a5, -20(s0)
core   0: 0 0x00010166 (0xfec42783) x15 0x0000000d mem 0x7ffffd8c
core   0: 0x0001016a (0x00000785) c.addi  a5, 1
core   0: 0 0x0001016a (0x0785) x15 0x0000000e
core   0: 0x0001016c (0xfef42623) sw      a5, -20(s0)
core   0: 0 0x0001016c (0xfef42623) mem 0x7ffffd8c 0x0000000e
core   0: 0x00010170 (0xfec42703) lw      a4, -20(s0)
core   0: 0 0x00010170 (0xfec42703) x14 0x0000000e mem 0x7ffffd8c
core   0: 0x00010174 (0x000047cd) c.li    a5, 19
core   0: 0 0x00010174 (0x47cd) x15 0x00000013
core   0: 0x00010176 (0x00e7e863) bltu    a5, a4, pc + 16
core   0: 0 0x00010176 (0x00e7e863)
core   0: 0x0001017a (0xfe842783) lw      a5, -24(s0)
core   0: 0 0x0001017a (0xfe842783) x15 0x0000000d mem 0x7ffffd88
core   0: 0x0001017e (0x00000785) c.addi  a5, 1
core   0: 0 0x0001017e (0x0785) x15 0x0000000e
core   0: 0x00010180 (0xfef42423) sw      a5, -24(s0)
core   0: 0 0x00010180 (0xfef42423) mem 0x7ffffd88 0x0000000e
core   0: 0x00010184 (0x0000a0a9) c.j     pc + 74
core   0: 0 0x00010184 (0xa0a9)
core   0: 0x000101ce (0xfe442783) lw      a5, -28(s0)
core   0: 0 0x000101ce (0xfe442783) x15 0x0000000d mem 0x7ffffd84
core   0: 0x000101d2 (0x00000785) c.addi  a5, 1
core   0: 0 0x000101d2 (0x0785) x15 0x0000000e
core   0: 0x000101d4 (0xfef42223) sw      a5, -28(s0)
core   0: 0 0x000101d4 (0xfef42223) mem 0x7ffffd84 0x0000000e
core   0: 0x000101d8 (0xfe442703) lw      a4, -28(s0)
core   0: 0 0x000101d8 (0xfe442703) x14 0x0000000e mem 0x7ffffd84
core   0: 0x000101dc (0x06300793) li      a5, 99
core   0: 0 0x000101dc (0x06300793) x15 0x00000063
core   0: 0x000101e0 (0xf6e7fde3) bgeu    a5, a4, pc - 134
core   0: 0 0x000101e0 (0xf6e7fde3)
core   0: 0x0001015a (0xfe442703) lw      a4, -28(s0)
core   0: 0 0x0001015a (0xfe442703) x14 0x0000000e mem 0x7ffffd84
core   0: 0x0001015e (0x03100793) li      a5, 49
core   0: 0 0x0001015e (0x03100793) x15 0x00000031
core   0: 0x00010162 (0x02e7ec63) bltu    a5, a4, pc + 56
core   0: 0 0x00010162 (0x02e7ec63)
core   0: 0x00010166 (0xfec42783) lw      a5, -20(s0)
core   0: 0 0x00010166 (0xfec42783) x15 0x0000000e mem 0x7ffffd8c
core   0: 0x0001016a (0x00000785) c.addi  a5, 1
core   0: 0 0x0001016a (0x0785) x15 0x0000000f
core   0: 0x0001016c (0xfef42623) sw      a5, -20(s0)
core   0: 0 0x0001016c (0xfef42623) mem 0x7ffffd8c 0x0000000f
core   0: 0x00010170 (0xfec42703) lw      a4, -20(s0)
core   0: 0 0x00010170 (0xfec42703) x14 0x0000000f mem 0x7ffffd8c
core   0: 0x00010174 (0x000047cd) c.li    a5, 19
core   0: 0 0x00010174 (0x47cd) x15 0x00000013
core   0: 0x00010176 (0x00e7e863) bltu    a5, a4, pc + 16
core   0: 0 0x00010176 (0x00e7e863)
core   0: 0x0001017a (0xfe842783) lw      a5, -24(s0)
core   0: 0 0x0001017a (0xfe842783) x15 0x0000000e mem 0x7ffffd88
core   0: 0x0001017e (0x00000785) c.addi  a5, 1
core   0: 0 0x0001017e (0x0785) x15 0x0000000f
core   0: 0x00010180 (0xfef42423) sw      a5, -24(s0)
core   0: 0 0x00010180 (0xfef42423) mem 0x7ffffd88 0x0000000f
core   0: 0x00010184 (0x0000a0a9) c.j     pc + 74
core   0: 0 0x00010184 (0xa0a9)
core   0: 0x000101ce (0xfe442783) lw      a5, -28(s0)
core   0: 0 0x000101ce (0xfe442783) x15 0x0000000e mem 0x7ffffd84
core   0: 0x000101d2 (0x00000785) c.addi  a5, 1
core   0: 0 0x000101d2 (0x0785) x15 0x0000000f
core   0: 0x000101d4 (0xfef42223) sw      a5, -28(s0)
core   0: 0 0x000101d4 (0xfef42223) mem 0x7ffffd84 0x0000000f
core   0: 0x000101d8 (0xfe442703) lw      a4, -28(s0)
core   0: 0 0x000101d8 (0xfe442703) x14 0x0000000f mem 0x7ffffd84
core   0: 0x000101dc (0x06300793) li      a5, 99
core   0: 0 0x000101dc (0x06300793) x15 0x00000063
core   0: 0x000101e0 (0xf6e7fde3) bgeu    a5, a4, pc - 134
core   0: 0 0x000101e0 (0xf6e7fde3)
core   0: 0x0001015a (0xfe442703) lw      a4, -28(s0)
core   0: 0 0x0001015a (0xfe442703) x14 0x0000000f mem 0x7ffffd84
core   0: 0x0001015e (0x03100793) li      a5, 49
core   0: 0 0x0001015e (0x03100793) x15 0x00000031
core   0: 0x00010162 (0x02e7ec63) bltu    a5, a4, pc + 56
core   0: 0 0x00010162 (0x02e7ec63)
core   0: 0x00010166 (0xfec42783) lw      a5, -20(s0)
core   0: 0 0x00010166 (0xfec42783) x15 0x0000000f mem 0x7ffffd8c
core   0: 0x0001016a (0x00000785) c.addi  a5, 1
core   0: 0 0x0001016a (0x0785) x15 0x00000010
core   0: 0x0001016c (0xfef42623) sw      a5, -20(s0)
core   0: 0 0x0001016c (0xfef42623) mem 0x7ffffd8c 0x00000010
core   0: 0x00010170 (0xfec42703) lw      a4, -20(s0)
core   0: 0 0x00010170 (0xfec42703) x14 0x00000010 mem 0x7ffffd8c
core   0: 0x00010174 (0x000047cd) c.li    a5, 19
core   0: 0 0x00010174 (0x47cd) x15 0x00000013
core   0: 0x00010176 (0x00e7e863) bltu    a5, a4, pc + 16
core   0: 0 0x00010176 (0x00e7e863)
core   0: 0x0001017a (0xfe842783) lw      a5, -24(s0)
core   0: 0 0x0001017a (0xfe842783) x15 0x0000000f mem 0x7ffffd88
core   0: 0x0001017e (0x00000785) c.addi  a5, 1
core   0: 0 0x0001017e (0x0785) x15 0x00000010
core   0: 0x00010180 (0xfef42423) sw      a5, -24(s0)
core   0: 0 0x00010180 (0xfef42423) mem 0x7ffffd88 0x00000010
core   0: 0x00010184 (0x0000a0a9) c.j     pc + 74
core   0: 0 0x00010184 (0xa0a9)
core   0: 0x000101ce (0xfe442783) lw      a5, -28(s0)
core   0: 0 0x000101ce (0xfe442783) x15 0x0000000f mem 0x7ffffd84
core   0: 0x000101d2 (0x00000785) c.addi  a5, 1
core   0: 0 0x000101d2 (0x0785) x15 0x00000010
core   0: 0x000101d4 (0xfef42223) sw      a5, -28(s0)
core   0: 0 0x000101d4 (0xfef42223) mem 0x7ffffd84 0x00000010
core   0: 0x000101d8 (0xfe442703) lw      a4, -28(s0)
core   0: 0 0x000101d8 (0xfe442703) x14 0x00000010 mem 0x7ffffd84
core   0: 0x000101dc (0x06300793) li      a5, 99
core   0: 0 0x000101dc (0x06300793) x15 0x00000063
core   0: 0x000101e0 (0xf6e7fde3) bgeu    a5, a4, pc - 134
core   0: 0 0x000101e0 (0xf6e7fde3)
core   0: 0x0001015a (0xfe442703) lw      a4, -28(s0)
core   0: 0 0x0001015a (0xfe442703) x14 0x00000010 mem 0x7ffffd84
core   0: 0x0001015e (0x03100793) li      a5, 49
core   0: 0 0x0001015e (0x03100793) x15 0x00000031
core   0: 0x00010162 (0x02e7ec63) bltu    a5, a4, pc + 56
core   0: 0 0x00010162 (0x02e7ec63)
core   0: 0x00010166 (0xfec42783) lw      a5, -20(s0)
core   0: 0 0x00010166 (0xfec42783) x15 0x00000010 mem 0x7ffffd8c
core   0: 0x0001016a (0x00000785) c.addi  a5, 1
core   0: 0 0x0001016a (0x0785) x15 0x00000011
core   0: 0x0001016c (0xfef42623) sw      a5, -20(s0)
core   0: 0 0x0001016c (0xfef42623) mem 0x7ffffd8c 0x00000011
core   0: 0x00010170 (0xfec42703) lw      a4, -20(s0)
core   0: 0 0x00010170 (0xfec42703) x14 0x00000011 mem 0x7ffffd8c
core   0: 0x00010174 (0x000047cd) c.li    a5, 19
core   0: 0 0x00010174 (0x47cd) x15 0x00000013
core   0: 0x00010176 (0x00e7e863) bltu    a5, a4, pc + 16
core   0: 0 0x00010176 (0x00e7e863)
core   0: 0x0001017a (0xfe842783) lw      a5, -24(s0)
core   0: 0 0x0001017a (0xfe842783) x15 0x00000010 mem 0x7ffffd88
core   0: 0x0001017e (0x00000785) c.addi  a5, 1
core   0: 0 0x0001017e (0x0785) x15 0x00000011
core   0: 0x00010180 (0xfef42423) sw      a5, -24(s0)
core   0: 0 0x00010180 (0xfef42423) mem 0x7ffffd88 0x00000011
core   0: 0x00010184 (0x0000a0a9) c.j     pc + 74
core   0: 0 0x00010184 (0xa0a9)
core   0: 0x000101ce (0xfe442783) lw      a5, -28(s0)
core   0: 0 0x000101ce (0xfe442783) x15 0x00000010 mem 0x7ffffd84
core   0: 0x000101d2 (0x00000785) c.addi  a5, 1
core   0: 0 0x000101d2 (0x0785) x15 0x00000011
core   0: 0x000101d4 (0xfef42223) sw      a5, -28(s0)
core   0: 0 0x000101d4 (0xfef42223) mem 0x7ffffd84 0x00000011
core   0: 0x000101d8 (0xfe442703) lw      a4, -28(s0)
core   0: 0 0x000101d8 (0xfe442703) x14 0x00000011 mem 0x7ffffd84
core   0: 0x000101dc (0x06300793) li      a5, 99
core   0: 0 0x000101dc (0x06300793) x15 0x00000063
core   0: 0x000101e0 (0xf6e7fde3) bgeu    a5, a4, pc - 134
core   0: 0 0x000101e0 (0xf6e7fde3)
core   0: 0x0001015a (0xfe442703) lw      a4, -28(s0)
core   0: 0 0x0001015a (0xfe442703) x14 0x00000011 mem 0x7ffffd84
core   0: 0x0001015e (0x03100793) li      a5, 49
core   0: 0 0x0001015e (0x03100793) x15 0x00000031
core   0: 0x00010162 (0x02e7ec63) bltu    a5, a4, pc + 56
core   0: 0 0x00010162 (0x02e7ec63)
core   0: 0x00010166 (0xfec42783) lw      a5, -20(s0)
core   0: 0 0x00010166 (0xfec42783) x15 0x00000011 mem 0x7ffffd8c
core   0: 0x0001016a (0x00000785) c.addi  a5, 1
core   0: 0 0x0001016a (0x0785) x15 0x00000012
core   0: 0x0001016c (0xfef42623) sw      a5, -20(s0)
core   0: 0 0x0001016c (0xfef42623) mem 0x7ffffd8c 0x00000012
core   0: 0x00010170 (0xfec42703) lw      a4, -20(s0)
core   0: 0 0x00010170 (0xfec42703) x14 0x00000012 mem 0x7ffffd8c
core   0: 0x00010174 (0x000047cd) c.li    a5, 19
core   0: 0 0x00010174 (0x47cd) x15 0x00000013
core   0: 0x00010176 (0x00e7e863) bltu    a5, a4, pc + 16
core   0: 0 0x00010176 (0x00e7e863)
core   0: 0x0001017a (0xfe842783) lw      a5, -24(s0)
core   0: 0 0x0001017a (0xfe842783) x15 0x00000011 mem 0x7ffffd88
core   0: 0x0001017e (0x00000785) c.addi  a5, 1
core   0: 0 0x0001017e (0x0785) x15 0x00000012
core   0: 0x00010180 (0xfef42423) sw      a5, -24(s0)
core   0: 0 0x00010180 (0xfef42423) mem 0x7ffffd88 0x00000012
core   0: 0x00010184 (0x0000a0a9) c.j     pc + 74
core   0: 0 0x00010184 (0xa0a9)
core   0: 0x000101ce (0xfe442783) lw      a5, -28(s0)
core   0: 0 0x000101ce (0xfe442783) x15 0x00000011 mem 0x7ffffd84
core   0: 0x000101d2 (0x00000785) c.addi  a5, 1
core   0: 0 0x000101d2 (0x0785) x15 0x00000012
core   0: 0x000101d4 (0xfef42223) sw      a5, -28(s0)
core   0: 0 0x000101d4 (0xfef42223) mem 0x7ffffd84 0x00000012
core   0: 0x000101d8 (0xfe442703) lw      a4, -28(s0)
core   0: 0 0x000101d8 (0xfe442703) x14 0x00000012 mem 0x7ffffd84
core   0: 0x000101dc (0x06300793) li      a5, 99
core   0: 0 0x000101dc (0x06300793) x15 0x00000063
core   0: 0x000101e0 (0xf6e7fde3) bgeu    a5, a4, pc - 134
core   0: 0 0x000101e0 (0xf6e7fde3)
core   0: 0x0001015a (0xfe442703) lw      a4, -28(s0)
core   0: 0 0x0001015a (0xfe442703) x14 0x00000012 mem 0x7ffffd84
core   0: 0x0001015e (0x03100793) li      a5, 49
core   0: 0 0x0001015e (0x03100793) x15 0x00000031
core   0: 0x00010162 (0x02e7ec63) bltu    a5, a4, pc + 56
core   0: 0 0x00010162 (0x02e7ec63)
core   0: 0x00010166 (0xfec42783) lw      a5, -20(s0)
core   0: 0 0x00010166 (0xfec42783) x15 0x00000012 mem 0x7ffffd8c
core   0: 0x0001016a (0x00000785) c.addi  a5, 1
core   0: 0 0x0001016a (0x0785) x15 0x00000013
core   0: 0x0001016c (0xfef42623) sw      a5, -20(s0)
core   0: 0 0x0001016c (0xfef42623) mem 0x7ffffd8c 0x00000013
core   0: 0x00010170 (0xfec42703) lw      a4, -20(s0)
core   0: 0 0x00010170 (0xfec42703) x14 0x00000013 mem 0x7ffffd8c
core   0: 0x00010174 (0x000047cd) c.li    a5, 19
core   0: 0 0x00010174 (0x47cd) x15 0x00000013
core   0: 0x00010176 (0x00e7e863) bltu    a5, a4, pc + 16
core   0: 0 0x00010176 (0x00e7e863)
core   0: 0x0001017a (0xfe842783) lw      a5, -24(s0)
core   0: 0 0x0001017a (0xfe842783) x15 0x00000012 mem 0x7ffffd88
core   0: 0x0001017e (0x00000785) c.addi  a5, 1
core   0: 0 0x0001017e (0x0785) x15 0x00000013
core   0: 0x00010180 (0xfef42423) sw      a5, -24(s0)
core   0: 0 0x00010180 (0xfef42423) mem 0x7ffffd88 0x00000013
core   0: 0x00010184 (0x0000a0a9) c.j     pc + 74
core   0: 0 0x00010184 (0xa0a9)
core   0: 0x000101ce (0xfe442783) lw      a5, -28(s0)
core   0: 0 0x000101ce (0xfe442783) x15 0x00000012 mem 0x7ffffd84
core   0: 0x000101d2 (0x00000785) c.addi  a5, 1
core   0: 0 0x000101d2 (0x0785) x15 0x00000013
core   0: 0x000101d4 (0xfef42223) sw      a5, -28(s0)
core   0: 0 0x000101d4 (0xfef42223) mem 0x7ffffd84 0x00000013
core   0: 0x000101d8 (0xfe442703) lw      a4, -28(s0)
core   0: 0 0x000101d8 (0xfe442703) x14 0x00000013 mem 0x7ffffd84
core   0: 0x000101dc (0x06300793) li      a5, 99
core   0: 0 0x000101dc (0x06300793) x15 0x00000063
core   0: 0x000101e0 (0xf6e7fde3) bgeu    a5, a4, pc - 134
core   0: 0 0x000101e0 (0xf6e7fde3)
core   0: 0x0001015a (0xfe442703) lw      a4, -28(s0)
core   0: 0 0x0001015a (0xfe442703) x14 0x00000013 mem 0x7ffffd84
core   0: 0x0001015e (0x03100793) li      a5, 49
core   0: 0 0x0001015e (0x03100793) x15 0x00000031
core   0: 0x00010162 (0x02e7ec63) bltu    a5, a4, pc + 56
core   0: 0 0x00010162 (0x02e7ec63)
core   0: 0x00010166 (0xfec42783) lw      a5, -20(s0)
core   0: 0 0x00010166 (0xfec42783) x15 0x00000013 mem 0x7ffffd8c
core   0: 0x0001016a (0x00000785) c.addi  a5, 1
core   0: 0 0x0001016a (0x0785) x15 0x00000014
core   0: 0x0001016c (0xfef42623) sw      a5, -20(s0)
core   0: 0 0x0001016c (0xfef42623) mem 0x7ffffd8c 0x00000014
core   0: 0x00010170 (0xfec42703) lw      a4, -20(s0)
core   0: 0 0x00010170 (0xfec42703) x14 0x00000014 mem 0x7ffffd8c
core   0: 0x00010174 (0x000047cd) c.li    a5, 19
core   0: 0 0x00010174 (0x47cd) x15 0x00000013
core   0: 0x00010176 (0x00e7e863) bltu    a5, a4, pc + 16
core   0: 0 0x00010176 (0x00e7e863)
core   0: 0x00010186 (0xfe842783) lw      a5, -24(s0)
core   0: 0 0x00010186 (0xfe842783) x15 0x00000013 mem 0x7ffffd88
core   0: 0x0001018a (0x00008b85) c.andi  a5, 1
core   0: 0 0x0001018a (0x8b85) x15 0x00000001
core   0: 0x0001018c (0x0000e3a9) c.bnez  a5, pc + 66
core   0: 0 0x0001018c (0xe3a9)
core   0: 0x000101ce (0xfe442783) lw      a5, -28(s0)
core   0: 0 0x000101ce (0xfe442783) x15 0x00000013 mem 0x7ffffd84
core   0: 0x000101d2 (0x00000785) c.addi  a5, 1
core   0: 0 0x000101d2 (0x0785) x15 0x00000014
core   0: 0x000101d4 (0xfef42223) sw      a5, -28(s0)
core   0: 0 0x000101d4 (0xfef42223) mem 0x7ffffd84 0x00000014
core   0: 0x000101d8 (0xfe442703) lw      a4, -28(s0)
core   0: 0 0x000101d8 (0xfe442703) x14 0x00000014 mem 0x7ffffd84
core   0: 0x000101dc (0x06300793) li      a5, 99
core   0: 0 0x000101dc (0x06300793) x15 0x00000063
core   0: 0x000101e0 (0xf6e7fde3) bgeu    a5, a4, pc - 134
core   0: 0 0x000101e0 (0xf6e7fde3)
core   0: 0x0001015a (0xfe442703) lw      a4, -28(s0)
core   0: 0 0x0001015a (0xfe442703) x14 0x00000014 mem 0x7ffffd84
core   0: 0x0001015e (0x03100793) li      a5, 49
core   0: 0 0x0001015e (0x03100793) x15 0x00000031
core   0: 0x00010162 (0x02e7ec63) bltu    a5, a4, pc + 56
core   0: 0 0x00010162 (0x02e7ec63)
core   0: 0x00010166 (0xfec42783) lw      a5, -20(s0)
core   0: 0 0x00010166 (0xfec42783) x15 0x00000014 mem 0x7ffffd8c
core   0: 0x0001016a (0x00000785) c.addi  a5, 1
core   0: 0 0x0001016a (0x0785) x15 0x00000015
core   0: 0x0001016c (0xfef42623) sw      a5, -20(s0)
core   0: 0 0x0001016c (0xfef42623) mem 0x7ffffd8c 0x00000015
core   0: 0x00010170 (0xfec42703) lw      a4, -20(s0)
core   0: 0 0x00010170 (0xfec42703) x14 0x00000015 mem 0x7ffffd8c
core   0: 0x00010174 (0x000047cd) c.li    a5, 19
core   0: 0 0x00010174 (0x47cd) x15 0x00000013
core   0: 0x00010176 (0x00e7e863) bltu    a5, a4, pc + 16
core   0: 0 0x00010176 (0x00e7e863)
core   0: 0x00010186 (0xfe842783) lw      a5, -24(s0)
core   0: 0 0x00010186 (0xfe842783) x15 0x00000013 mem 0x7ffffd88
core   0: 0x0001018a (0x00008b85) c.andi  a5, 1
core   0: 0 0x0001018a (0x8b85) x15 0x00000001
core   0: 0x0001018c (0x0000e3a9) c.bnez  a5, pc + 66
core   0: 0 0x0001018c (0xe3a9)
core   0: 0x000101ce (0xfe442783) lw      a5, -28(s0)
core   0: 0 0x000101ce (0xfe442783) x15 0x00000014 mem 0x7ffffd84
core   0: 0x000101d2 (0x00000785) c.addi  a5, 1
core   0: 0 0x000101d2 (0x0785) x15 0x00000015
core   0: 0x000101d4 (0xfef42223) sw      a5, -28(s0)
core   0: 0 0x000101d4 (0xfef42223) mem 0x7ffffd84 0x00000015
core   0: 0x000101d8 (0xfe442703) lw      a4, -28(s0)
core   0: 0 0x000101d8 (0xfe442703) x14 0x00000015 mem 0x7ffffd84
core   0: 0x000101dc (0x06300793) li      a5, 99
core   0: 0 0x000101dc (0x06300793) x15 0x00000063
core   0: 0x000101e0 (0xf6e7fde3) bgeu    a5, a4, pc - 134
core   0: 0 0x000101e0 (0xf6e7fde3)
core   0: 0x0001015a (0xfe442703) lw      a4, -28(s0)
core   0: 0 0x0001015a (0xfe442703) x14 0x00000015 mem 0x7ffffd84
core   0: 0x0001015e (0x03100793) li      a5, 49
core   0: 0 0x0001015e (0x03100793) x15 0x00000031
core   0: 0x00010162 (0x02e7ec63) bltu    a5, a4, pc + 56
core   0: 0 0x00010162 (0x02e7ec63)
core   0: 0x00010166 (0xfec42783) lw      a5, -20(s0)
core   0: 0 0x00010166 (0xfec42783) x15 0x00000015 mem 0x7ffffd8c
core   0: 0x0001016a (0x00000785) c.addi  a5, 1
core   0: 0 0x0001016a (0x0785) x15 0x00000016
core   0: 0x0001016c (0xfef42623) sw      a5, -20(s0)
core   0: 0 0x0001016c (0xfef42623) mem 0x7ffffd8c 0x00000016
core   0: 0x00010170 (0xfec42703) lw      a4, -20(s0)
core   0: 0 0x00010170 (0xfec42703) x14 0x00000016 mem 0x7ffffd8c
core   0: 0x00010174 (0x000047cd) c.li    a5, 19
core   0: 0 0x00010174 (0x47cd) x15 0x00000013
core   0: 0x00010176 (0x00e7e863) bltu    a5, a4, pc + 16
core   0: 0 0x00010176 (0x00e7e863)
core   0: 0x00010186 (0xfe842783) lw      a5, -24(s0)
core   0: 0 0x00010186 (0xfe842783) x15 0x00000013 mem 0x7ffffd88
core   0: 0x0001018a (0x00008b85) c.andi  a5, 1
core   0: 0 0x0001018a (0x8b85) x15 0x00000001
core   0: 0x0001018c (0x0000e3a9) c.bnez  a5, pc + 66
core   0: 0 0x0001018c (0xe3a9)
core   0: 0x000101ce (0xfe442783) lw      a5, -28(s0)
core   0: 0 0x000101ce (0xfe442783) x15 0x00000015 mem 0x7ffffd84
core   0: 0x000101d2 (0x00000785) c.addi  a5, 1
core   0: 0 0x000101d2 (0x0785) x15 0x00000016
core   0: 0x000101d4 (0xfef42223) sw      a5, -28(s0)
core   0: 0 0x000101d4 (0xfef42223) mem 0x7ffffd84 0x00000016
core   0: 0x000101d8 (0xfe442703) lw      a4, -28(s0)
core   0: 0 0x000101d8 (0xfe442703) x14 0x00000016 mem 0x7ffffd84
core   0: 0x000101dc (0x06300793) li      a5, 99
core   0: 0 0x000101dc (0x06300793) x15 0x00000063
core   0: 0x000101e0 (0xf6e7fde3) bgeu    a5, a4, pc - 134
core   0: 0 0x000101e0 (0xf6e7fde3)
core   0: 0x0001015a (0xfe442703) lw      a4, -28(s0)
core   0: 0 0x0001015a (0xfe442703) x14 0x00000016 mem 0x7ffffd84
core   0: 0x0001015e (0x03100793) li      a5, 49
core   0: 0 0x0001015e (0x03100793) x15 0x00000031
core   0: 0x00010162 (0x02e7ec63) bltu    a5, a4, pc + 56
core   0: 0 0x00010162 (0x02e7ec63)
core   0: 0x00010166 (0xfec42783) lw      a5, -20(s0)
core   0: 0 0x00010166 (0xfec42783) x15 0x00000016 mem 0x7ffffd8c
core   0: 0x0001016a (0x00000785) c.addi  a5, 1
core   0: 0 0x0001016a (0x0785) x15 0x00000017
core   0: 0x0001016c (0xfef42623) sw      a5, -20(s0)
core   0: 0 0x0001016c (0xfef42623) mem 0x7ffffd8c 0x00000017
core   0: 0x00010170 (0xfec42703) lw      a4, -20(s0)
core   0: 0 0x00010170 (0xfec42703) x14 0x00000017 mem 0x7ffffd8c
core   0: 0x00010174 (0x000047cd) c.li    a5, 19
core   0: 0 0x00010174 (0x47cd) x15 0x00000013
core   0: 0x00010176 (0x00e7e863) bltu    a5, a4, pc + 16
core   0: 0 0x00010176 (0x00e7e863)
core   0: 0x00010186 (0xfe842783) lw      a5, -24(s0)
core   0: 0 0x00010186 (0xfe842783) x15 0x00000013 mem 0x7ffffd88
core   0: 0x0001018a (0x00008b85) c.andi  a5, 1
core   0: 0 0x0001018a (0x8b85) x15 0x00000001
core   0: 0x0001018c (0x0000e3a9) c.bnez  a5, pc + 66
core   0: 0 0x0001018c (0xe3a9)
core   0: 0x000101ce (0xfe442783) lw      a5, -28(s0)
core   0: 0 0x000101ce (0xfe442783) x15 0x00000016 mem 0x7ffffd84
core   0: 0x000101d2 (0x00000785) c.addi  a5, 1
core   0: 0 0x000101d2 (0x0785) x15 0x00000017
core   0: 0x000101d4 (0xfef42223) sw      a5, -28(s0)
core   0: 0 0x000101d4 (0xfef42223) mem 0x7ffffd84 0x00000017
core   0: 0x000101d8 (0xfe442703) lw      a4, -28(s0)
core   0: 0 0x000101d8 (0xfe442703) x14 0x00000017 mem 0x7ffffd84
core   0: 0x000101dc (0x06300793) li      a5, 99
core   0: 0 0x000101dc (0x06300793) x15 0x00000063
core   0: 0x000101e0 (0xf6e7fde3) bgeu    a5, a4, pc - 134
core   0: 0 0x000101e0 (0xf6e7fde3)
core   0: 0x0001015a (0xfe442703) lw      a4, -28(s0)
core   0: 0 0x0001015a (0xfe442703) x14 0x00000017 mem 0x7ffffd84
core   0: 0x0001015e (0x03100793) li      a5, 49
core   0: 0 0x0001015e (0x03100793) x15 0x00000031
core   0: 0x00010162 (0x02e7ec63) bltu    a5, a4, pc + 56
core   0: 0 0x00010162 (0x02e7ec63)
core   0: 0x00010166 (0xfec42783) lw      a5, -20(s0)
core   0: 0 0x00010166 (0xfec42783) x15 0x00000017 mem 0x7ffffd8c
core   0: 0x0001016a (0x00000785) c.addi  a5, 1
core   0: 0 0x0001016a (0x0785) x15 0x00000018
core   0: 0x0001016c (0xfef42623) sw      a5, -20(s0)
core   0: 0 0x0001016c (0xfef42623) mem 0x7ffffd8c 0x00000018
core   0: 0x00010170 (0xfec42703) lw      a4, -20(s0)
core   0: 0 0x00010170 (0xfec42703) x14 0x00000018 mem 0x7ffffd8c
core   0: 0x00010174 (0x000047cd) c.li    a5, 19
core   0: 0 0x00010174 (0x47cd) x15 0x00000013
core   0: 0x00010176 (0x00e7e863) bltu    a5, a4, pc + 16
core   0: 0 0x00010176 (0x00e7e863)
core   0: 0x00010186 (0xfe842783) lw      a5, -24(s0)
core   0: 0 0x00010186 (0xfe842783) x15 0x00000013 mem 0x7ffffd88
core   0: 0x0001018a (0x00008b85) c.andi  a5, 1
core   0: 0 0x0001018a (0x8b85) x15 0x00000001
core   0: 0x0001018c (0x0000e3a9) c.bnez  a5, pc + 66
core   0: 0 0x0001018c (0xe3a9)
core   0: 0x000101ce (0xfe442783) lw      a5, -28(s0)
core   0: 0 0x000101ce (0xfe442783) x15 0x00000017 mem 0x7ffffd84
core   0: 0x000101d2 (0x00000785) c.addi  a5, 1
core   0: 0 0x000101d2 (0x0785) x15 0x00000018
core   0: 0x000101d4 (0xfef42223) sw      a5, -28(s0)
core   0: 0 0x000101d4 (0xfef42223) mem 0x7ffffd84 0x00000018
core   0: 0x000101d8 (0xfe442703) lw      a4, -28(s0)
core   0: 0 0x000101d8 (0xfe442703) x14 0x00000018 mem 0x7ffffd84
core   0: 0x000101dc (0x06300793) li      a5, 99
core   0: 0 0x000101dc (0x06300793) x15 0x00000063
core   0: 0x000101e0 (0xf6e7fde3) bgeu    a5, a4, pc - 134
core   0: 0 0x000101e0 (0xf6e7fde3)
core   0: 0x0001015a (0xfe442703) lw      a4, -28(s0)
core   0: 0 0x0001015a (0xfe442703) x14 0x00000018 mem 0x7ffffd84
core   0: 0x0001015e (0x03100793) li      a5, 49
core   0: 0 0x0001015e (0x03100793) x15 0x00000031
core   0: 0x00010162 (0x02e7ec63) bltu    a5, a4, pc + 56
core   0: 0 0x00010162 (0x02e7ec63)
core   0: 0x00010166 (0xfec42783) lw      a5, -20(s0)
core   0: 0 0x00010166 (0xfec42783) x15 0x00000018 mem 0x7ffffd8c
core   0: 0x0001016a (0x00000785) c.addi  a5, 1
core   0: 0 0x0001016a (0x0785) x15 0x00000019
core   0: 0x0001016c (0xfef42623) sw      a5, -20(s0)
core   0: 0 0x0001016c (0xfef42623) mem 0x7ffffd8c 0x00000019
core   0: 0x00010170 (0xfec42703) lw      a4, -20(s0)
core   0: 0 0x00010170 (0xfec42703) x14 0x00000019 mem 0x7ffffd8c
core   0: 0x00010174 (0x000047cd) c.li    a5, 19
core   0: 0 0x00010174 (0x47cd) x15 0x00000013
core   0: 0x00010176 (0x00e7e863) bltu    a5, a4, pc + 16
core   0: 0 0x00010176 (0x00e7e863)
core   0: 0x00010186 (0xfe842783) lw      a5, -24(s0)
core   0: 0 0x00010186 (0xfe842783) x15 0x00000013 mem 0x7ffffd88
core   0: 0x0001018a (0x00008b85) c.andi  a5, 1
core   0: 0 0x0001018a (0x8b85) x15 0x00000001
core   0: 0x0001018c (0x0000e3a9) c.bnez  a5, pc + 66
core   0: 0 0x0001018c (0xe3a9)
core   0: 0x000101ce (0xfe442783) lw      a5, -28(s0)
core   0: 0 0x000101ce (0xfe442783) x15 0x00000018 mem 0x7ffffd84
core   0: 0x000101d2 (0x00000785) c.addi  a5, 1
core   0: 0 0x000101d2 (0x0785) x15 0x00000019
core   0: 0x000101d4 (0xfef42223) sw      a5, -28(s0)
core   0: 0 0x000101d4 (0xfef42223) mem 0x7ffffd84 0x00000019
core   0: 0x000101d8 (0xfe442703) lw      a4, -28(s0)
core   0: 0 0x000101d8 (0xfe442703) x14 0x00000019 mem 0x7ffffd84
core   0: 0x000101dc (0x06300793) li      a5, 99
core   0: 0 0x000101dc (0x06300793) x15 0x00000063
core   0: 0x000101e0 (0xf6e7fde3) bgeu    a5, a4, pc - 134
core   0: 0 0x000101e0 (0xf6e7fde3)
core   0: 0x0001015a (0xfe442703) lw      a4, -28(s0)
core   0: 0 0x0001015a (0xfe442703) x14 0x00000019 mem 0x7ffffd84
core   0: 0x0001015e (0x03100793) li      a5, 49
core   0: 0 0x0001015e (0x03100793) x15 0x00000031
core   0: 0x00010162 (0x02e7ec63) bltu    a5, a4, pc + 56
core   0: 0 0x00010162 (0x02e7ec63)
core   0: 0x00010166 (0xfec42783) lw      a5, -20(s0)
core   0: 0 0x00010166 (0xfec42783) x15 0x00000019 mem 0x7ffffd8c
core   0: 0x0001016a (0x00000785) c.addi  a5, 1
core   0: 0 0x0001016a (0x0785) x15 0x0000001a
core   0: 0x0001016c (0xfef42623) sw      a5, -20(s0)
core   0: 0 0x0001016c (0xfef42623) mem 0x7ffffd8c 0x0000001a
core   0: 0x00010170 (0xfec42703) lw      a4, -20(s0)
core   0: 0 0x00010170 (0xfec42703) x14 0x0000001a mem 0x7ffffd8c
core   0: 0x00010174 (0x000047cd) c.li    a5, 19
core   0: 0 0x00010174 (0x47cd) x15 0x00000013
core   0: 0x00010176 (0x00e7e863) bltu    a5, a4, pc + 16
core   0: 0 0x00010176 (0x00e7e863)
core   0: 0x00010186 (0xfe842783) lw      a5, -24(s0)
core   0: 0 0x00010186 (0xfe842783) x15 0x00000013 mem 0x7ffffd88
core   0: 0x0001018a (0x00008b85) c.andi  a5, 1
core   0: 0 0x0001018a (0x8b85) x15 0x00000001
core   0: 0x0001018c (0x0000e3a9) c.bnez  a5, pc + 66
core   0: 0 0x0001018c (0xe3a9)
core   0: 0x000101ce (0xfe442783) lw      a5, -28(s0)
core   0: 0 0x000101ce (0xfe442783) x15 0x00000019 mem 0x7ffffd84
core   0: 0x000101d2 (0x00000785) c.addi  a5, 1
core   0: 0 0x000101d2 (0x0785) x15 0x0000001a
core   0: 0x000101d4 (0xfef42223) sw      a5, -28(s0)
core   0: 0 0x000101d4 (0xfef42223) mem 0x7ffffd84 0x0000001a
core   0: 0x000101d8 (0xfe442703) lw      a4, -28(s0)
core   0: 0 0x000101d8 (0xfe442703) x14 0x0000001a mem 0x7ffffd84
core   0: 0x000101dc (0x06300793) li      a5, 99
core   0: 0 0x000101dc (0x06300793) x15 0x00000063
core   0: 0x000101e0 (0xf6e7fde3) bgeu    a5, a4, pc - 134
core   0: 0 0x000101e0 (0xf6e7fde3)
core   0: 0x0001015a (0xfe442703) lw      a4, -28(s0)
core   0: 0 0x0001015a (0xfe442703) x14 0x0000001a mem 0x7ffffd84
core   0: 0x0001015e (0x03100793) li      a5, 49
core   0: 0 0x0001015e (0x03100793) x15 0x00000031
core   0: 0x00010162 (0x02e7ec63) bltu    a5, a4, pc + 56
core   0: 0 0x00010162 (0x02e7ec63)
core   0: 0x00010166 (0xfec42783) lw      a5, -20(s0)
core   0: 0 0x00010166 (0xfec42783) x15 0x0000001a mem 0x7ffffd8c
core   0: 0x0001016a (0x00000785) c.addi  a5, 1
core   0: 0 0x0001016a (0x0785) x15 0x0000001b
core   0: 0x0001016c (0xfef42623) sw      a5, -20(s0)
core   0: 0 0x0001016c (0xfef42623) mem 0x7ffffd8c 0x0000001b
core   0: 0x00010170 (0xfec42703) lw      a4, -20(s0)
core   0: 0 0x00010170 (0xfec42703) x14 0x0000001b mem 0x7ffffd8c
core   0: 0x00010174 (0x000047cd) c.li    a5, 19
core   0: 0 0x00010174 (0x47cd) x15 0x00000013
core   0: 0x00010176 (0x00e7e863) bltu    a5, a4, pc + 16
core   0: 0 0x00010176 (0x00e7e863)
core   0: 0x00010186 (0xfe842783) lw      a5, -24(s0)
core   0: 0 0x00010186 (0xfe842783) x15 0x00000013 mem 0x7ffffd88
core   0: 0x0001018a (0x00008b85) c.andi  a5, 1
core   0: 0 0x0001018a (0x8b85) x15 0x00000001
core   0: 0x0001018c (0x0000e3a9) c.bnez  a5, pc + 66
core   0: 0 0x0001018c (0xe3a9)
core   0: 0x000101ce (0xfe442783) lw      a5, -28(s0)
core   0: 0 0x000101ce (0xfe442783) x15 0x0000001a mem 0x7ffffd84
core   0: 0x000101d2 (0x00000785) c.addi  a5, 1
core   0: 0 0x000101d2 (0x0785) x15 0x0000001b
core   0: 0x000101d4 (0xfef42223) sw      a5, -28(s0)
core   0: 0 0x000101d4 (0xfef42223) mem 0x7ffffd84 0x0000001b
core   0: 0x000101d8 (0xfe442703) lw      a4, -28(s0)
core   0: 0 0x000101d8 (0xfe442703) x14 0x0000001b mem 0x7ffffd84
core   0: 0x000101dc (0x06300793) li      a5, 99
core   0: 0 0x000101dc (0x06300793) x15 0x00000063
core   0: 0x000101e0 (0xf6e7fde3) bgeu    a5, a4, pc - 134
core   0: 0 0x000101e0 (0xf6e7fde3)
core   0: 0x0001015a (0xfe442703) lw      a4, -28(s0)
core   0: 0 0x0001015a (0xfe442703) x14 0x0000001b mem 0x7ffffd84
core   0: 0x0001015e (0x03100793) li      a5, 49
core   0: 0 0x0001015e (0x03100793) x15 0x00000031
core   0: 0x00010162 (0x02e7ec63) bltu    a5, a4, pc + 56
core   0: 0 0x00010162 (0x02e7ec63)
core   0: 0x00010166 (0xfec42783) lw      a5, -20(s0)
core   0: 0 0x00010166 (0xfec42783) x15 0x0000001b mem 0x7ffffd8c
core   0: 0x0001016a (0x00000785) c.addi  a5, 1
core   0: 0 0x0001016a (0x0785) x15 0x0000001c
core   0: 0x0001016c (0xfef42623) sw      a5, -20(s0)
core   0: 0 0x0001016c (0xfef42623) mem 0x7ffffd8c 0x0000001c
core   0: 0x00010170 (0xfec42703) lw      a4, -20(s0)
core   0: 0 0x00010170 (0xfec42703) x14 0x0000001c mem 0x7ffffd8c
core   0: 0x00010174 (0x000047cd) c.li    a5, 19
core   0: 0 0x00010174 (0x47cd) x15 0x00000013
core   0: 0x00010176 (0x00e7e863) bltu    a5, a4, pc + 16
core   0: 0 0x00010176 (0x00e7e863)
core   0: 0x00010186 (0xfe842783) lw      a5, -24(s0)
core   0: 0 0x00010186 (0xfe842783) x15 0x00000013 mem 0x7ffffd88
core   0: 0x0001018a (0x00008b85) c.andi  a5, 1
core   0: 0 0x0001018a (0x8b85) x15 0x00000001
core   0: 0x0001018c (0x0000e3a9) c.bnez  a5, pc + 66
core   0: 0 0x0001018c (0xe3a9)
core   0: 0x000101ce (0xfe442783) lw      a5, -28(s0)
core   0: 0 0x000101ce (0xfe442783) x15 0x0000001b mem 0x7ffffd84
core   0: 0x000101d2 (0x00000785) c.addi  a5, 1
core   0: 0 0x000101d2 (0x0785) x15 0x0000001c
core   0: 0x000101d4 (0xfef42223) sw      a5, -28(s0)
core   0: 0 0x000101d4 (0xfef42223) mem 0x7ffffd84 0x0000001c
core   0: 0x000101d8 (0xfe442703) lw      a4, -28(s0)
core   0: 0 0x000101d8 (0xfe442703) x14 0x0000001c mem 0x7ffffd84
core   0: 0x000101dc (0x06300793) li      a5, 99
core   0: 0 0x000101dc (0x06300793) x15 0x00000063
core   0: 0x000101e0 (0xf6e7fde3) bgeu    a5, a4, pc - 134
core   0: 0 0x000101e0 (0xf6e7fde3)
core   0: 0x0001015a (0xfe442703) lw      a4, -28(s0)
core   0: 0 0x0001015a (0xfe442703) x14 0x0000001c mem 0x7ffffd84
core   0: 0x0001015e (0x03100793) li      a5, 49
core   0: 0 0x0001015e (0x03100793) x15 0x00000031
core   0: 0x00010162 (0x02e7ec63) bltu    a5, a4, pc + 56
core   0: 0 0x00010162 (0x02e7ec63)
core   0: 0x00010166 (0xfec42783) lw      a5, -20(s0)
core   0: 0 0x00010166 (0xfec42783) x15 0x0000001c mem 0x7ffffd8c
core   0: 0x0001016a (0x00000785) c.addi  a5, 1
core   0: 0 0x0001016a (0x0785) x15 0x0000001d
core   0: 0x0001016c (0xfef42623) sw      a5, -20(s0)
core   0: 0 0x0001016c (0xfef42623) mem 0x7ffffd8c 0x0000001d
core   0: 0x00010170 (0xfec42703) lw      a4, -20(s0)
core   0: 0 0x00010170 (0xfec42703) x14 0x0000001d mem 0x7ffffd8c
core   0: 0x00010174 (0x000047cd) c.li    a5, 19
core   0: 0 0x00010174 (0x47cd) x15 0x00000013
core   0: 0x00010176 (0x00e7e863) bltu    a5, a4, pc + 16
core   0: 0 0x00010176 (0x00e7e863)
core   0: 0x00010186 (0xfe842783) lw      a5, -24(s0)
core   0: 0 0x00010186 (0xfe842783) x15 0x00000013 mem 0x7ffffd88
core   0: 0x0001018a (0x00008b85) c.andi  a5, 1
core   0: 0 0x0001018a (0x8b85) x15 0x00000001
core   0: 0x0001018c (0x0000e3a9) c.bnez  a5, pc + 66
core   0: 0 0x0001018c (0xe3a9)
core   0: 0x000101ce (0xfe442783) lw      a5, -28(s0)
core   0: 0 0x000101ce (0xfe442783) x15 0x0000001c mem 0x7ffffd84
core   0: 0x000101d2 (0x00000785) c.addi  a5, 1
core   0: 0 0x000101d2 (0x0785) x15 0x0000001d
core   0: 0x000101d4 (0xfef42223) sw      a5, -28(s0)
core   0: 0 0x000101d4 (0xfef42223) mem 0x7ffffd84 0x0000001d
core   0: 0x000101d8 (0xfe442703) lw      a4, -28(s0)
core   0: 0 0x000101d8 (0xfe442703) x14 0x0000001d mem 0x7ffffd84
core   0: 0x000101dc (0x06300793) li      a5, 99
core   0: 0 0x000101dc (0x06300793) x15 0x00000063
core   0: 0x000101e0 (0xf6e7fde3) bgeu    a5, a4, pc - 134
core   0: 0 0x000101e0 (0xf6e7fde3)
core   0: 0x0001015a (0xfe442703) lw      a4, -28(s0)
core   0: 0 0x0001015a (0xfe442703) x14 0x0000001d mem 0x7ffffd84
core   0: 0x0001015e (0x03100793) li      a5, 49
core   0: 0 0x0001015e (0x03100793) x15 0x00000031
core   0: 0x00010162 (0x02e7ec63) bltu    a5, a4, pc + 56
core   0: 0 0x00010162 (0x02e7ec63)
core   0: 0x00010166 (0xfec42783) lw      a5, -20(s0)
core   0: 0 0x00010166 (0xfec42783) x15 0x0000001d mem 0x7ffffd8c
core   0: 0x0001016a (0x00000785) c.addi  a5, 1
core   0: 0 0x0001016a (0x0785) x15 0x0000001e
core   0: 0x0001016c (0xfef42623) sw      a5, -20(s0)
core   0: 0 0x0001016c (0xfef42623) mem 0x7ffffd8c 0x0000001e
core   0: 0x00010170 (0xfec42703) lw      a4, -20(s0)
core   0: 0 0x00010170 (0xfec42703) x14 0x0000001e mem 0x7ffffd8c
core   0: 0x00010174 (0x000047cd) c.li    a5, 19
core   0: 0 0x00010174 (0x47cd) x15 0x00000013
core   0: 0x00010176 (0x00e7e863) bltu    a5, a4, pc + 16
core   0: 0 0x00010176 (0x00e7e863)
core   0: 0x00010186 (0xfe842783) lw      a5, -24(s0)
core   0: 0 0x00010186 (0xfe842783) x15 0x00000013 mem 0x7ffffd88
core   0: 0x0001018a (0x00008b85) c.andi  a5, 1
core   0: 0 0x0001018a (0x8b85) x15 0x00000001
core   0: 0x0001018c (0x0000e3a9) c.bnez  a5, pc + 66
core   0: 0 0x0001018c (0xe3a9)
core   0: 0x000101ce (0xfe442783) lw      a5, -28(s0)
core   0: 0 0x000101ce (0xfe442783) x15 0x0000001d mem 0x7ffffd84
core   0: 0x000101d2 (0x00000785) c.addi  a5, 1
core   0: 0 0x000101d2 (0x0785) x15 0x0000001e
core   0: 0x000101d4 (0xfef42223) sw      a5, -28(s0)
core   0: 0 0x000101d4 (0xfef42223) mem 0x7ffffd84 0x0000001e
core   0: 0x000101d8 (0xfe442703) lw      a4, -28(s0)
core   0: 0 0x000101d8 (0xfe442703) x14 0x0000001e mem 0x7ffffd84
core   0: 0x000101dc (0x06300793) li      a5, 99
core   0: 0 0x000101dc (0x06300793) x15 0x00000063
core   0: 0x000101e0 (0xf6e7fde3) bgeu    a5, a4, pc - 134
core   0: 0 0x000101e0 (0xf6e7fde3)
core   0: 0x0001015a (0xfe442703) lw      a4, -28(s0)
core   0: 0 0x0001015a (0xfe442703) x14 0x0000001e mem 0x7ffffd84
core   0: 0x0001015e (0x03100793) li      a5, 49
core   0: 0 0x0001015e (0x03100793) x15 0x00000031
core   0: 0x00010162 (0x02e7ec63) bltu    a5, a4, pc + 56
core   0: 0 0x00010162 (0x02e7ec63)
core   0: 0x00010166 (0xfec42783) lw      a5, -20(s0)
core   0: 0 0x00010166 (0xfec42783) x15 0x0000001e mem 0x7ffffd8c
core   0: 0x0001016a (0x00000785) c.addi  a5, 1
core   0: 0 0x0001016a (0x0785) x15 0x0000001f
core   0: 0x0001016c (0xfef42623) sw      a5, -20(s0)
core   0: 0 0x0001016c (0xfef42623) mem 0x7ffffd8c 0x0000001f
core   0: 0x00010170 (0xfec42703) lw      a4, -20(s0)
core   0: 0 0x00010170 (0xfec42703) x14 0x0000001f mem 0x7ffffd8c
core   0: 0x00010174 (0x000047cd) c.li    a5, 19
core   0: 0 0x00010174 (0x47cd) x15 0x00000013
core   0: 0x00010176 (0x00e7e863) bltu    a5, a4, pc + 16
core   0: 0 0x00010176 (0x00e7e863)
core   0: 0x00010186 (0xfe842783) lw      a5, -24(s0)
core   0: 0 0x00010186 (0xfe842783) x15 0x00000013 mem 0x7ffffd88
core   0: 0x0001018a (0x00008b85) c.andi  a5, 1
core   0: 0 0x0001018a (0x8b85) x15 0x00000001
core   0: 0x0001018c (0x0000e3a9) c.bnez  a5, pc + 66
core   0: 0 0x0001018c (0xe3a9)
core   0: 0x000101ce (0xfe442783) lw      a5, -28(s0)
core   0: 0 0x000101ce (0xfe442783) x15 0x0000001e mem 0x7ffffd84
core   0: 0x000101d2 (0x00000785) c.addi  a5, 1
core   0: 0 0x000101d2 (0x0785) x15 0x0000001f
core   0: 0x000101d4 (0xfef42223) sw      a5, -28(s0)
core   0: 0 0x000101d4 (0xfef42223) mem 0x7ffffd84 0x0000001f
core   0: 0x000101d8 (0xfe442703) lw      a4, -28(s0)
core   0: 0 0x000101d8 (0xfe442703) x14 0x0000001f mem 0x7ffffd84
core   0: 0x000101dc (0x06300793) li      a5, 99
core   0: 0 0x000101dc (0x06300793) x15 0x00000063
core   0: 0x000101e0 (0xf6e7fde3) bgeu    a5, a4, pc - 134
core   0: 0 0x000101e0 (0xf6e7fde3)
core   0: 0x0001015a (0xfe442703) lw      a4, -28(s0)
core   0: 0 0x0001015a (0xfe442703) x14 0x0000001f mem 0x7ffffd84
core   0: 0x0001015e (0x03100793) li      a5, 49
core   0: 0 0x0001015e (0x03100793) x15 0x00000031
core   0: 0x00010162 (0x02e7ec63) bltu    a5, a4, pc + 56
core   0: 0 0x00010162 (0x02e7ec63)
core   0: 0x00010166 (0xfec42783) lw      a5, -20(s0)
core   0: 0 0x00010166 (0xfec42783) x15 0x0000001f mem 0x7ffffd8c
core   0: 0x0001016a (0x00000785) c.addi  a5, 1
core   0: 0 0x0001016a (0x0785) x15 0x00000020
core   0: 0x0001016c (0xfef42623) sw      a5, -20(s0)
core   0: 0 0x0001016c (0xfef42623) mem 0x7ffffd8c 0x00000020
core   0: 0x00010170 (0xfec42703) lw      a4, -20(s0)
core   0: 0 0x00010170 (0xfec42703) x14 0x00000020 mem 0x7ffffd8c
core   0: 0x00010174 (0x000047cd) c.li    a5, 19
core   0: 0 0x00010174 (0x47cd) x15 0x00000013
core   0: 0x00010176 (0x00e7e863) bltu    a5, a4, pc + 16
core   0: 0 0x00010176 (0x00e7e863)
core   0: 0x00010186 (0xfe842783) lw      a5, -24(s0)
core   0: 0 0x00010186 (0xfe842783) x15 0x00000013 mem 0x7ffffd88
core   0: 0x0001018a (0x00008b85) c.andi  a5, 1
core   0: 0 0x0001018a (0x8b85) x15 0x00000001
core   0: 0x0001018c (0x0000e3a9) c.bnez  a5, pc + 66
core   0: 0 0x0001018c (0xe3a9)
core   0: 0x000101ce (0xfe442783) lw      a5, -28(s0)
core   0: 0 0x000101ce (0xfe442783) x15 0x0000001f mem 0x7ffffd84
core   0: 0x000101d2 (0x00000785) c.addi  a5, 1
core   0: 0 0x000101d2 (0x0785) x15 0x00000020
core   0: 0x000101d4 (0xfef42223) sw      a5, -28(s0)
core   0: 0 0x000101d4 (0xfef42223) mem 0x7ffffd84 0x00000020
core   0: 0x000101d8 (0xfe442703) lw      a4, -28(s0)
core   0: 0 0x000101d8 (0xfe442703) x14 0x00000020 mem 0x7ffffd84
core   0: 0x000101dc (0x06300793) li      a5, 99
core   0: 0 0x000101dc (0x06300793) x15 0x00000063
core   0: 0x000101e0 (0xf6e7fde3) bgeu    a5, a4, pc - 134
core   0: 0 0x000101e0 (0xf6e7fde3)
core   0: 0x0001015a (0xfe442703) lw      a4, -28(s0)
core   0: 0 0x0001015a (0xfe442703) x14 0x00000020 mem 0x7ffffd84
core   0: 0x0001015e (0x03100793) li      a5, 49
core   0: 0 0x0001015e (0x03100793) x15 0x00000031
core   0: 0x00010162 (0x02e7ec63) bltu    a5, a4, pc + 56
core   0: 0 0x00010162 (0x02e7ec63)
core   0: 0x00010166 (0xfec42783) lw      a5, -20(s0)
core   0: 0 0x00010166 (0xfec42783) x15 0x00000020 mem 0x7ffffd8c
core   0: 0x0001016a (0x00000785) c.addi  a5, 1
core   0: 0 0x0001016a (0x0785) x15 0x00000021
core   0: 0x0001016c (0xfef42623) sw      a5, -20(s0)
core   0: 0 0x0001016c (0xfef42623) mem 0x7ffffd8c 0x00000021
core   0: 0x00010170 (0xfec42703) lw      a4, -20(s0)
core   0: 0 0x00010170 (0xfec42703) x14 0x00000021 mem 0x7ffffd8c
core   0: 0x00010174 (0x000047cd) c.li    a5, 19
core   0: 0 0x00010174 (0x47cd) x15 0x00000013
core   0: 0x00010176 (0x00e7e863) bltu    a5, a4, pc + 16
core   0: 0 0x00010176 (0x00e7e863)
core   0: 0x00010186 (0xfe842783) lw      a5, -24(s0)
core   0: 0 0x00010186 (0xfe842783) x15 0x00000013 mem 0x7ffffd88
core   0: 0x0001018a (0x00008b85) c.andi  a5, 1
core   0: 0 0x0001018a (0x8b85) x15 0x00000001
core   0: 0x0001018c (0x0000e3a9) c.bnez  a5, pc + 66
core   0: 0 0x0001018c (0xe3a9)
core   0: 0x000101ce (0xfe442783) lw      a5, -28(s0)
core   0: 0 0x000101ce (0xfe442783) x15 0x00000020 mem 0x7ffffd84
core   0: 0x000101d2 (0x00000785) c.addi  a5, 1
core   0: 0 0x000101d2 (0x0785) x15 0x00000021
core   0: 0x000101d4 (0xfef42223) sw      a5, -28(s0)
core   0: 0 0x000101d4 (0xfef42223) mem 0x7ffffd84 0x00000021
core   0: 0x000101d8 (0xfe442703) lw      a4, -28(s0)
core   0: 0 0x000101d8 (0xfe442703) x14 0x00000021 mem 0x7ffffd84
core   0: 0x000101dc (0x06300793) li      a5, 99
core   0: 0 0x000101dc (0x06300793) x15 0x00000063
core   0: 0x000101e0 (0xf6e7fde3) bgeu    a5, a4, pc - 134
core   0: 0 0x000101e0 (0xf6e7fde3)
core   0: 0x0001015a (0xfe442703) lw      a4, -28(s0)
core   0: 0 0x0001015a (0xfe442703) x14 0x00000021 mem 0x7ffffd84
core   0: 0x0001015e (0x03100793) li      a5, 49
core   0: 0 0x0001015e (0x03100793) x15 0x00000031
core   0: 0x00010162 (0x02e7ec63) bltu    a5, a4, pc + 56
core   0: 0 0x00010162 (0x02e7ec63)
core   0: 0x00010166 (0xfec42783) lw      a5, -20(s0)
core   0: 0 0x00010166 (0xfec42783) x15 0x00000021 mem 0x7ffffd8c
core   0: 0x0001016a (0x00000785) c.addi  a5, 1
core   0: 0 0x0001016a (0x0785) x15 0x00000022
core   0: 0x0001016c (0xfef42623) sw      a5, -20(s0)
core   0: 0 0x0001016c (0xfef42623) mem 0x7ffffd8c 0x00000022
core   0: 0x00010170 (0xfec42703) lw      a4, -20(s0)
core   0: 0 0x00010170 (0xfec42703) x14 0x00000022 mem 0x7ffffd8c
core   0: 0x00010174 (0x000047cd) c.li    a5, 19
core   0: 0 0x00010174 (0x47cd) x15 0x00000013
core   0: 0x00010176 (0x00e7e863) bltu    a5, a4, pc + 16
core   0: 0 0x00010176 (0x00e7e863)
core   0: 0x00010186 (0xfe842783) lw      a5, -24(s0)
core   0: 0 0x00010186 (0xfe842783) x15 0x00000013 mem 0x7ffffd88
core   0: 0x0001018a (0x00008b85) c.andi  a5, 1
core   0: 0 0x0001018a (0x8b85) x15 0x00000001
core   0: 0x0001018c (0x0000e3a9) c.bnez  a5, pc + 66
core   0: 0 0x0001018c (0xe3a9)
core   0: 0x000101ce (0xfe442783) lw      a5, -28(s0)
core   0: 0 0x000101ce (0xfe442783) x15 0x00000021 mem 0x7ffffd84
core   0: 0x000101d2 (0x00000785) c.addi  a5, 1
core   0: 0 0x000101d2 (0x0785) x15 0x00000022
core   0: 0x000101d4 (0xfef42223) sw      a5, -28(s0)
core   0: 0 0x000101d4 (0xfef42223) mem 0x7ffffd84 0x00000022
core   0: 0x000101d8 (0xfe442703) lw      a4, -28(s0)
core   0: 0 0x000101d8 (0xfe442703) x14 0x00000022 mem 0x7ffffd84
core   0: 0x000101dc (0x06300793) li      a5, 99
core   0: 0 0x000101dc (0x06300793) x15 0x00000063
core   0: 0x000101e0 (0xf6e7fde3) bgeu    a5, a4, pc - 134
core   0: 0 0x000101e0 (0xf6e7fde3)
core   0: 0x0001015a (0xfe442703) lw      a4, -28(s0)
core   0: 0 0x0001015a (0xfe442703) x14 0x00000022 mem 0x7ffffd84
core   0: 0x0001015e (0x03100793) li      a5, 49
core   0: 0 0x0001015e (0x03100793) x15 0x00000031
core   0: 0x00010162 (0x02e7ec63) bltu    a5, a4, pc + 56
core   0: 0 0x00010162 (0x02e7ec63)
core   0: 0x00010166 (0xfec42783) lw      a5, -20(s0)
core   0: 0 0x00010166 (0xfec42783) x15 0x00000022 mem 0x7ffffd8c
core   0: 0x0001016a (0x00000785) c.addi  a5, 1
core   0: 0 0x0001016a (0x0785) x15 0x00000023
core   0: 0x0001016c (0xfef42623) sw      a5, -20(s0)
core   0: 0 0x0001016c (0xfef42623) mem 0x7ffffd8c 0x00000023
core   0: 0x00010170 (0xfec42703) lw      a4, -20(s0)
core   0: 0 0x00010170 (0xfec42703) x14 0x00000023 mem 0x7ffffd8c
core   0: 0x00010174 (0x000047cd) c.li    a5, 19
core   0: 0 0x00010174 (0x47cd) x15 0x00000013
core   0: 0x00010176 (0x00e7e863) bltu    a5, a4, pc + 16
core   0: 0 0x00010176 (0x00e7e863)
core   0: 0x00010186 (0xfe842783) lw      a5, -24(s0)
core   0: 0 0x00010186 (0xfe842783) x15 0x00000013 mem 0x7ffffd88
core   0: 0x0001018a (0x00008b85) c.andi  a5, 1
core   0: 0 0x0001018a (0x8b85) x15 0x00000001
core   0: 0x0001018c (0x0000e3a9) c.bnez  a5, pc + 66
core   0: 0 0x0001018c (0xe3a9)
core   0: 0x000101ce (0xfe442783) lw      a5, -28(s0)
core   0: 0 0x000101ce (0xfe442783) x15 0x00000022 mem 0x7ffffd84
core   0: 0x000101d2 (0x00000785) c.addi  a5, 1
core   0: 0 0x000101d2 (0x0785) x15 0x00000023
core   0: 0x000101d4 (0xfef42223) sw      a5, -28(s0)
core   0: 0 0x000101d4 (0xfef42223) mem 0x7ffffd84 0x00000023
core   0: 0x000101d8 (0xfe442703) lw      a4, -28(s0)
core   0: 0 0x000101d8 (0xfe442703) x14 0x00000023 mem 0x7ffffd84
core   0: 0x000101dc (0x06300793) li      a5, 99
core   0: 0 0x000101dc (0x06300793) x15 0x00000063
core   0: 0x000101e0 (0xf6e7fde3) bgeu    a5, a4, pc - 134
core   0: 0 0x000101e0 (0xf6e7fde3)
core   0: 0x0001015a (0xfe442703) lw      a4, -28(s0)
core   0: 0 0x0001015a (0xfe442703) x14 0x00000023 mem 0x7ffffd84
core   0: 0x0001015e (0x03100793) li      a5, 49
core   0: 0 0x0001015e (0x03100793) x15 0x00000031
core   0: 0x00010162 (0x02e7ec63) bltu    a5, a4, pc + 56
core   0: 0 0x00010162 (0x02e7ec63)
core   0: 0x00010166 (0xfec42783) lw      a5, -20(s0)
core   0: 0 0x00010166 (0xfec42783) x15 0x00000023 mem 0x7ffffd8c
core   0: 0x0001016a (0x00000785) c.addi  a5, 1
core   0: 0 0x0001016a (0x0785) x15 0x00000024
core   0: 0x0001016c (0xfef42623) sw      a5, -20(s0)
core   0: 0 0x0001016c (0xfef42623) mem 0x7ffffd8c 0x00000024
core   0: 0x00010170 (0xfec42703) lw      a4, -20(s0)
core   0: 0 0x00010170 (0xfec42703) x14 0x00000024 mem 0x7ffffd8c
core   0: 0x00010174 (0x000047cd) c.li    a5, 19
core   0: 0 0x00010174 (0x47cd) x15 0x00000013
core   0: 0x00010176 (0x00e7e863) bltu    a5, a4, pc + 16
core   0: 0 0x00010176 (0x00e7e863)
core   0: 0x00010186 (0xfe842783) lw      a5, -24(s0)
core   0: 0 0x00010186 (0xfe842783) x15 0x00000013 mem 0x7ffffd88
core   0: 0x0001018a (0x00008b85) c.andi  a5, 1
core   0: 0 0x0001018a (0x8b85) x15 0x00000001
core   0: 0x0001018c (0x0000e3a9) c.bnez  a5, pc + 66
core   0: 0 0x0001018c (0xe3a9)
core   0: 0x000101ce (0xfe442783) lw      a5, -28(s0)
core   0: 0 0x000101ce (0xfe442783) x15 0x00000023 mem 0x7ffffd84
core   0: 0x000101d2 (0x00000785) c.addi  a5, 1
core   0: 0 0x000101d2 (0x0785) x15 0x00000024
core   0: 0x000101d4 (0xfef42223) sw      a5, -28(s0)
core   0: 0 0x000101d4 (0xfef42223) mem 0x7ffffd84 0x00000024
core   0: 0x000101d8 (0xfe442703) lw      a4, -28(s0)
core   0: 0 0x000101d8 (0xfe442703) x14 0x00000024 mem 0x7ffffd84
core   0: 0x000101dc (0x06300793) li      a5, 99
core   0: 0 0x000101dc (0x06300793) x15 0x00000063
core   0: 0x000101e0 (0xf6e7fde3) bgeu    a5, a4, pc - 134
core   0: 0 0x000101e0 (0xf6e7fde3)
core   0: 0x0001015a (0xfe442703) lw      a4, -28(s0)
core   0: 0 0x0001015a (0xfe442703) x14 0x00000024 mem 0x7ffffd84
core   0: 0x0001015e (0x03100793) li      a5, 49
core   0: 0 0x0001015e (0x03100793) x15 0x00000031
core   0: 0x00010162 (0x02e7ec63) bltu    a5, a4, pc + 56
core   0: 0 0x00010162 (0x02e7ec63)
core   0: 0x00010166 (0xfec42783) lw      a5, -20(s0)
core   0: 0 0x00010166 (0xfec42783) x15 0x00000024 mem 0x7ffffd8c
core   0: 0x0001016a (0x00000785) c.addi  a5, 1
core   0: 0 0x0001016a (0x0785) x15 0x00000025
core   0: 0x0001016c (0xfef42623) sw      a5, -20(s0)
core   0: 0 0x0001016c (0xfef42623) mem 0x7ffffd8c 0x00000025
core   0: 0x00010170 (0xfec42703) lw      a4, -20(s0)
core   0: 0 0x00010170 (0xfec42703) x14 0x00000025 mem 0x7ffffd8c
core   0: 0x00010174 (0x000047cd) c.li    a5, 19
core   0: 0 0x00010174 (0x47cd) x15 0x00000013
core   0: 0x00010176 (0x00e7e863) bltu    a5, a4, pc + 16
core   0: 0 0x00010176 (0x00e7e863)
core   0: 0x00010186 (0xfe842783) lw      a5, -24(s0)
core   0: 0 0x00010186 (0xfe842783) x15 0x00000013 mem 0x7ffffd88
core   0: 0x0001018a (0x00008b85) c.andi  a5, 1
core   0: 0 0x0001018a (0x8b85) x15 0x00000001
core   0: 0x0001018c (0x0000e3a9) c.bnez  a5, pc + 66
core   0: 0 0x0001018c (0xe3a9)
core   0: 0x000101ce (0xfe442783) lw      a5, -28(s0)
core   0: 0 0x000101ce (0xfe442783) x15 0x00000024 mem 0x7ffffd84
core   0: 0x000101d2 (0x00000785) c.addi  a5, 1
core   0: 0 0x000101d2 (0x0785) x15 0x00000025
core   0: 0x000101d4 (0xfef42223) sw      a5, -28(s0)
core   0: 0 0x000101d4 (0xfef42223) mem 0x7ffffd84 0x00000025
core   0: 0x000101d8 (0xfe442703) lw      a4, -28(s0)
core   0: 0 0x000101d8 (0xfe442703) x14 0x00000025 mem 0x7ffffd84
core   0: 0x000101dc (0x06300793) li      a5, 99
core   0: 0 0x000101dc (0x06300793) x15 0x00000063
core   0: 0x000101e0 (0xf6e7fde3) bgeu    a5, a4, pc - 134
core   0: 0 0x000101e0 (0xf6e7fde3)
core   0: 0x0001015a (0xfe442703) lw      a4, -28(s0)
core   0: 0 0x0001015a (0xfe442703) x14 0x00000025 mem 0x7ffffd84
core   0: 0x0001015e (0x03100793) li      a5, 49
core   0: 0 0x0001015e (0x03100793) x15 0x00000031
core   0: 0x00010162 (0x02e7ec63) bltu    a5, a4, pc + 56
core   0: 0 0x00010162 (0x02e7ec63)
core   0: 0x00010166 (0xfec42783) lw      a5, -20(s0)
core   0: 0 0x00010166 (0xfec42783) x15 0x00000025 mem 0x7ffffd8c
core   0: 0x0001016a (0x00000785) c.addi  a5, 1
core   0: 0 0x0001016a (0x0785) x15 0x00000026
core   0: 0x0001016c (0xfef42623) sw      a5, -20(s0)
core   0: 0 0x0001016c (0xfef42623) mem 0x7ffffd8c 0x00000026
core   0: 0x00010170 (0xfec42703) lw      a4, -20(s0)
core   0: 0 0x00010170 (0xfec42703) x14 0x00000026 mem 0x7ffffd8c
core   0: 0x00010174 (0x000047cd) c.li    a5, 19
core   0: 0 0x00010174 (0x47cd) x15 0x00000013
core   0: 0x00010176 (0x00e7e863) bltu    a5, a4, pc + 16
core   0: 0 0x00010176 (0x00e7e863)
core   0: 0x00010186 (0xfe842783) lw      a5, -24(s0)
core   0: 0 0x00010186 (0xfe842783) x15 0x00000013 mem 0x7ffffd88
core   0: 0x0001018a (0x00008b85) c.andi  a5, 1
core   0: 0 0x0001018a (0x8b85) x15 0x00000001
core   0: 0x0001018c (0x0000e3a9) c.bnez  a5, pc + 66
core   0: 0 0x0001018c (0xe3a9)
core   0: 0x000101ce (0xfe442783) lw      a5, -28(s0)
core   0: 0 0x000101ce (0xfe442783) x15 0x00000025 mem 0x7ffffd84
core   0: 0x000101d2 (0x00000785) c.addi  a5, 1
core   0: 0 0x000101d2 (0x0785) x15 0x00000026
core   0: 0x000101d4 (0xfef42223) sw      a5, -28(s0)
core   0: 0 0x000101d4 (0xfef42223) mem 0x7ffffd84 0x00000026
core   0: 0x000101d8 (0xfe442703) lw      a4, -28(s0)
core   0: 0 0x000101d8 (0xfe442703) x14 0x00000026 mem 0x7ffffd84
core   0: 0x000101dc (0x06300793) li      a5, 99
core   0: 0 0x000101dc (0x06300793) x15 0x00000063
core   0: 0x000101e0 (0xf6e7fde3) bgeu    a5, a4, pc - 134
core   0: 0 0x000101e0 (0xf6e7fde3)
core   0: 0x0001015a (0xfe442703) lw      a4, -28(s0)
core   0: 0 0x0001015a (0xfe442703) x14 0x00000026 mem 0x7ffffd84
core   0: 0x0001015e (0x03100793) li      a5, 49
core   0: 0 0x0001015e (0x03100793) x15 0x00000031
core   0: 0x00010162 (0x02e7ec63) bltu    a5, a4, pc + 56
core   0: 0 0x00010162 (0x02e7ec63)
core   0: 0x00010166 (0xfec42783) lw      a5, -20(s0)
core   0: 0 0x00010166 (0xfec42783) x15 0x00000026 mem 0x7ffffd8c
core   0: 0x0001016a (0x00000785) c.addi  a5, 1
core   0: 0 0x0001016a (0x0785) x15 0x00000027
core   0: 0x0001016c (0xfef42623) sw      a5, -20(s0)
core   0: 0 0x0001016c (0xfef42623) mem 0x7ffffd8c 0x00000027
core   0: 0x00010170 (0xfec42703) lw      a4, -20(s0)
core   0: 0 0x00010170 (0xfec42703) x14 0x00000027 mem 0x7ffffd8c
core   0: 0x00010174 (0x000047cd) c.li    a5, 19
core   0: 0 0x00010174 (0x47cd) x15 0x00000013
core   0: 0x00010176 (0x00e7e863) bltu    a5, a4, pc + 16
core   0: 0 0x00010176 (0x00e7e863)
core   0: 0x00010186 (0xfe842783) lw      a5, -24(s0)
core   0: 0 0x00010186 (0xfe842783) x15 0x00000013 mem 0x7ffffd88
core   0: 0x0001018a (0x00008b85) c.andi  a5, 1
core   0: 0 0x0001018a (0x8b85) x15 0x00000001
core   0: 0x0001018c (0x0000e3a9) c.bnez  a5, pc + 66
core   0: 0 0x0001018c (0xe3a9)
core   0: 0x000101ce (0xfe442783) lw      a5, -28(s0)
core   0: 0 0x000101ce (0xfe442783) x15 0x00000026 mem 0x7ffffd84
core   0: 0x000101d2 (0x00000785) c.addi  a5, 1
core   0: 0 0x000101d2 (0x0785) x15 0x00000027
core   0: 0x000101d4 (0xfef42223) sw      a5, -28(s0)
core   0: 0 0x000101d4 (0xfef42223) mem 0x7ffffd84 0x00000027
core   0: 0x000101d8 (0xfe442703) lw      a4, -28(s0)
core   0: 0 0x000101d8 (0xfe442703) x14 0x00000027 mem 0x7ffffd84
core   0: 0x000101dc (0x06300793) li      a5, 99
core   0: 0 0x000101dc (0x06300793) x15 0x00000063
core   0: 0x000101e0 (0xf6e7fde3) bgeu    a5, a4, pc - 134
core   0: 0 0x000101e0 (0xf6e7fde3)
core   0: 0x0001015a (0xfe442703) lw      a4, -28(s0)
core   0: 0 0x0001015a (0xfe442703) x14 0x00000027 mem 0x7ffffd84
core   0: 0x0001015e (0x03100793) li      a5, 49
core   0: 0 0x0001015e (0x03100793) x15 0x00000031
core   0: 0x00010162 (0x02e7ec63) bltu    a5, a4, pc + 56
core   0: 0 0x00010162 (0x02e7ec63)
core   0: 0x00010166 (0xfec42783) lw      a5, -20(s0)
core   0: 0 0x00010166 (0xfec42783) x15 0x00000027 mem 0x7ffffd8c
core   0: 0x0001016a (0x00000785) c.addi  a5, 1
core   0: 0 0x0001016a (0x0785) x15 0x00000028
core   0: 0x0001016c (0xfef42623) sw      a5, -20(s0)
core   0: 0 0x0001016c (0xfef42623) mem 0x7ffffd8c 0x00000028
core   0: 0x00010170 (0xfec42703) lw      a4, -20(s0)
core   0: 0 0x00010170 (0xfec42703) x14 0x00000028 mem 0x7ffffd8c
core   0: 0x00010174 (0x000047cd) c.li    a5, 19
core   0: 0 0x00010174 (0x47cd) x15 0x00000013
core   0: 0x00010176 (0x00e7e863) bltu    a5, a4, pc + 16
core   0: 0 0x00010176 (0x00e7e863)
core   0: 0x00010186 (0xfe842783) lw      a5, -24(s0)
core   0: 0 0x00010186 (0xfe842783) x15 0x00000013 mem 0x7ffffd88
core   0: 0x0001018a (0x00008b85) c.andi  a5, 1
core   0: 0 0x0001018a (0x8b85) x15 0x00000001
core   0: 0x0001018c (0x0000e3a9) c.bnez  a5, pc + 66
core   0: 0 0x0001018c (0xe3a9)
core   0: 0x000101ce (0xfe442783) lw      a5, -28(s0)
core   0: 0 0x000101ce (0xfe442783) x15 0x00000027 mem 0x7ffffd84
core   0: 0x000101d2 (0x00000785) c.addi  a5, 1
core   0: 0 0x000101d2 (0x0785) x15 0x00000028
core   0: 0x000101d4 (0xfef42223) sw      a5, -28(s0)
core   0: 0 0x000101d4 (0xfef42223) mem 0x7ffffd84 0x00000028
core   0: 0x000101d8 (0xfe442703) lw      a4, -28(s0)
core   0: 0 0x000101d8 (0xfe442703) x14 0x00000028 mem 0x7ffffd84
core   0: 0x000101dc (0x06300793) li      a5, 99
core   0: 0 0x000101dc (0x06300793) x15 0x00000063
core   0: 0x000101e0 (0xf6e7fde3) bgeu    a5, a4, pc - 134
core   0: 0 0x000101e0 (0xf6e7fde3)
core   0: 0x0001015a (0xfe442703) lw      a4, -28(s0)
core   0: 0 0x0001015a (0xfe442703) x14 0x00000028 mem 0x7ffffd84
core   0: 0x0001015e (0x03100793) li      a5, 49
core   0: 0 0x0001015e (0x03100793) x15 0x00000031
core   0: 0x00010162 (0x02e7ec63) bltu    a5, a4, pc + 56
core   0: 0 0x00010162 (0x02e7ec63)
core   0: 0x00010166 (0xfec42783) lw      a5, -20(s0)
core   0: 0 0x00010166 (0xfec42783) x15 0x00000028 mem 0x7ffffd8c
core   0: 0x0001016a (0x00000785) c.addi  a5, 1
core   0: 0 0x0001016a (0x0785) x15 0x00000029
core   0: 0x0001016c (0xfef42623) sw      a5, -20(s0)
core   0: 0 0x0001016c (0xfef42623) mem 0x7ffffd8c 0x00000029
core   0: 0x00010170 (0xfec42703) lw      a4, -20(s0)
core   0: 0 0x00010170 (0xfec42703) x14 0x00000029 mem 0x7ffffd8c
core   0: 0x00010174 (0x000047cd) c.li    a5, 19
core   0: 0 0x00010174 (0x47cd) x15 0x00000013
core   0: 0x00010176 (0x00e7e863) bltu    a5, a4, pc + 16
core   0: 0 0x00010176 (0x00e7e863)
core   0: 0x00010186 (0xfe842783) lw      a5, -24(s0)
core   0: 0 0x00010186 (0xfe842783) x15 0x00000013 mem 0x7ffffd88
core   0: 0x0001018a (0x00008b85) c.andi  a5, 1
core   0: 0 0x0001018a (0x8b85) x15 0x00000001
core   0: 0x0001018c (0x0000e3a9) c.bnez  a5, pc + 66
core   0: 0 0x0001018c (0xe3a9)
core   0: 0x000101ce (0xfe442783) lw      a5, -28(s0)
core   0: 0 0x000101ce (0xfe442783) x15 0x00000028 mem 0x7ffffd84
core   0: 0x000101d2 (0x00000785) c.addi  a5, 1
core   0: 0 0x000101d2 (0x0785) x15 0x00000029
core   0: 0x000101d4 (0xfef42223) sw      a5, -28(s0)
core   0: 0 0x000101d4 (0xfef42223) mem 0x7ffffd84 0x00000029
core   0: 0x000101d8 (0xfe442703) lw      a4, -28(s0)
core   0: 0 0x000101d8 (0xfe442703) x14 0x00000029 mem 0x7ffffd84
core   0: 0x000101dc (0x06300793) li      a5, 99
core   0: 0 0x000101dc (0x06300793) x15 0x00000063
core   0: 0x000101e0 (0xf6e7fde3) bgeu    a5, a4, pc - 134
core   0: 0 0x000101e0 (0xf6e7fde3)
core   0: 0x0001015a (0xfe442703) lw      a4, -28(s0)
core   0: 0 0x0001015a (0xfe442703) x14 0x00000029 mem 0x7ffffd84
core   0: 0x0001015e (0x03100793) li      a5, 49
core   0: 0 0x0001015e (0x03100793) x15 0x00000031
core   0: 0x00010162 (0x02e7ec63) bltu    a5, a4, pc + 56
core   0: 0 0x00010162 (0x02e7ec63)
core   0: 0x00010166 (0xfec42783) lw      a5, -20(s0)
core   0: 0 0x00010166 (0xfec42783) x15 0x00000029 mem 0x7ffffd8c
core   0: 0x0001016a (0x00000785) c.addi  a5, 1
core   0: 0 0x0001016a (0x0785) x15 0x0000002a
core   0: 0x0001016c (0xfef42623) sw      a5, -20(s0)
core   0: 0 0x0001016c (0xfef42623) mem 0x7ffffd8c 0x0000002a
core   0: 0x00010170 (0xfec42703) lw      a4, -20(s0)
core   0: 0 0x00010170 (0xfec42703) x14 0x0000002a mem 0x7ffffd8c
core   0: 0x00010174 (0x000047cd) c.li    a5, 19
core   0: 0 0x00010174 (0x47cd) x15 0x00000013
core   0: 0x00010176 (0x00e7e863) bltu    a5, a4, pc + 16
core   0: 0 0x00010176 (0x00e7e863)
core   0: 0x00010186 (0xfe842783) lw      a5, -24(s0)
core   0: 0 0x00010186 (0xfe842783) x15 0x00000013 mem 0x7ffffd88
core   0: 0x0001018a (0x00008b85) c.andi  a5, 1
core   0: 0 0x0001018a (0x8b85) x15 0x00000001
core   0: 0x0001018c (0x0000e3a9) c.bnez  a5, pc + 66
core   0: 0 0x0001018c (0xe3a9)
core   0: 0x000101ce (0xfe442783) lw      a5, -28(s0)
core   0: 0 0x000101ce (0xfe442783) x15 0x00000029 mem 0x7ffffd84
core   0: 0x000101d2 (0x00000785) c.addi  a5, 1
core   0: 0 0x000101d2 (0x0785) x15 0x0000002a
core   0: 0x000101d4 (0xfef42223) sw      a5, -28(s0)
core   0: 0 0x000101d4 (0xfef42223) mem 0x7ffffd84 0x0000002a
core   0: 0x000101d8 (0xfe442703) lw      a4, -28(s0)
core   0: 0 0x000101d8 (0xfe442703) x14 0x0000002a mem 0x7ffffd84
core   0: 0x000101dc (0x06300793) li      a5, 99
core   0: 0 0x000101dc (0x06300793) x15 0x00000063
core   0: 0x000101e0 (0xf6e7fde3) bgeu    a5, a4, pc - 134
core   0: 0 0x000101e0 (0xf6e7fde3)
core   0: 0x0001015a (0xfe442703) lw      a4, -28(s0)
core   0: 0 0x0001015a (0xfe442703) x14 0x0000002a mem 0x7ffffd84
core   0: 0x0001015e (0x03100793) li      a5, 49
core   0: 0 0x0001015e (0x03100793) x15 0x00000031
core   0: 0x00010162 (0x02e7ec63) bltu    a5, a4, pc + 56
core   0: 0 0x00010162 (0x02e7ec63)
core   0: 0x00010166 (0xfec42783) lw      a5, -20(s0)
core   0: 0 0x00010166 (0xfec42783) x15 0x0000002a mem 0x7ffffd8c
core   0: 0x0001016a (0x00000785) c.addi  a5, 1
core   0: 0 0x0001016a (0x0785) x15 0x0000002b
core   0: 0x0001016c (0xfef42623) sw      a5, -20(s0)
core   0: 0 0x0001016c (0xfef42623) mem 0x7ffffd8c 0x0000002b
core   0: 0x00010170 (0xfec42703) lw      a4, -20(s0)
core   0: 0 0x00010170 (0xfec42703) x14 0x0000002b mem 0x7ffffd8c
core   0: 0x00010174 (0x000047cd) c.li    a5, 19
core   0: 0 0x00010174 (0x47cd) x15 0x00000013
core   0: 0x00010176 (0x00e7e863) bltu    a5, a4, pc + 16
core   0: 0 0x00010176 (0x00e7e863)
core   0: 0x00010186 (0xfe842783) lw      a5, -24(s0)
core   0: 0 0x00010186 (0xfe842783) x15 0x00000013 mem 0x7ffffd88
core   0: 0x0001018a (0x00008b85) c.andi  a5, 1
core   0: 0 0x0001018a (0x8b85) x15 0x00000001
core   0: 0x0001018c (0x0000e3a9) c.bnez  a5, pc + 66
core   0: 0 0x0001018c (0xe3a9)
core   0: 0x000101ce (0xfe442783) lw      a5, -28(s0)
core   0: 0 0x000101ce (0xfe442783) x15 0x0000002a mem 0x7ffffd84
core   0: 0x000101d2 (0x00000785) c.addi  a5, 1
core   0: 0 0x000101d2 (0x0785) x15 0x0000002b
core   0: 0x000101d4 (0xfef42223) sw      a5, -28(s0)
core   0: 0 0x000101d4 (0xfef42223) mem 0x7ffffd84 0x0000002b
core   0: 0x000101d8 (0xfe442703) lw      a4, -28(s0)
core   0: 0 0x000101d8 (0xfe442703) x14 0x0000002b mem 0x7ffffd84
core   0: 0x000101dc (0x06300793) li      a5, 99
core   0: 0 0x000101dc (0x06300793) x15 0x00000063
core   0: 0x000101e0 (0xf6e7fde3) bgeu    a5, a4, pc - 134
core   0: 0 0x000101e0 (0xf6e7fde3)
core   0: 0x0001015a (0xfe442703) lw      a4, -28(s0)
core   0: 0 0x0001015a (0xfe442703) x14 0x0000002b mem 0x7ffffd84
core   0: 0x0001015e (0x03100793) li      a5, 49
core   0: 0 0x0001015e (0x03100793) x15 0x00000031
core   0: 0x00010162 (0x02e7ec63) bltu    a5, a4, pc + 56
core   0: 0 0x00010162 (0x02e7ec63)
core   0: 0x00010166 (0xfec42783) lw      a5, -20(s0)
core   0: 0 0x00010166 (0xfec42783) x15 0x0000002b mem 0x7ffffd8c
core   0: 0x0001016a (0x00000785) c.addi  a5, 1
core   0: 0 0x0001016a (0x0785) x15 0x0000002c
core   0: 0x0001016c (0xfef42623) sw      a5, -20(s0)
core   0: 0 0x0001016c (0xfef42623) mem 0x7ffffd8c 0x0000002c
core   0: 0x00010170 (0xfec42703) lw      a4, -20(s0)
core   0: 0 0x00010170 (0xfec42703) x14 0x0000002c mem 0x7ffffd8c
core   0: 0x00010174 (0x000047cd) c.li    a5, 19
core   0: 0 0x00010174 (0x47cd) x15 0x00000013
core   0: 0x00010176 (0x00e7e863) bltu    a5, a4, pc + 16
core   0: 0 0x00010176 (0x00e7e863)
core   0: 0x00010186 (0xfe842783) lw      a5, -24(s0)
core   0: 0 0x00010186 (0xfe842783) x15 0x00000013 mem 0x7ffffd88
core   0: 0x0001018a (0x00008b85) c.andi  a5, 1
core   0: 0 0x0001018a (0x8b85) x15 0x00000001
core   0: 0x0001018c (0x0000e3a9) c.bnez  a5, pc + 66
core   0: 0 0x0001018c (0xe3a9)
core   0: 0x000101ce (0xfe442783) lw      a5, -28(s0)
core   0: 0 0x000101ce (0xfe442783) x15 0x0000002b mem 0x7ffffd84
core   0: 0x000101d2 (0x00000785) c.addi  a5, 1
core   0: 0 0x000101d2 (0x0785) x15 0x0000002c
core   0: 0x000101d4 (0xfef42223) sw      a5, -28(s0)
core   0: 0 0x000101d4 (0xfef42223) mem 0x7ffffd84 0x0000002c
core   0: 0x000101d8 (0xfe442703) lw      a4, -28(s0)
core   0: 0 0x000101d8 (0xfe442703) x14 0x0000002c mem 0x7ffffd84
core   0: 0x000101dc (0x06300793) li      a5, 99
core   0: 0 0x000101dc (0x06300793) x15 0x00000063
core   0: 0x000101e0 (0xf6e7fde3) bgeu    a5, a4, pc - 134
core   0: 0 0x000101e0 (0xf6e7fde3)
core   0: 0x0001015a (0xfe442703) lw      a4, -28(s0)
core   0: 0 0x0001015a (0xfe442703) x14 0x0000002c mem 0x7ffffd84
core   0: 0x0001015e (0x03100793) li      a5, 49
core   0: 0 0x0001015e (0x03100793) x15 0x00000031
core   0: 0x00010162 (0x02e7ec63) bltu    a5, a4, pc + 56
core   0: 0 0x00010162 (0x02e7ec63)
core   0: 0x00010166 (0xfec42783) lw      a5, -20(s0)
core   0: 0 0x00010166 (0xfec42783) x15 0x0000002c mem 0x7ffffd8c
core   0: 0x0001016a (0x00000785) c.addi  a5, 1
core   0: 0 0x0001016a (0x0785) x15 0x0000002d
core   0: 0x0001016c (0xfef42623) sw      a5, -20(s0)
core   0: 0 0x0001016c (0xfef42623) mem 0x7ffffd8c 0x0000002d
core   0: 0x00010170 (0xfec42703) lw      a4, -20(s0)
core   0: 0 0x00010170 (0xfec42703) x14 0x0000002d mem 0x7ffffd8c
core   0: 0x00010174 (0x000047cd) c.li    a5, 19
core   0: 0 0x00010174 (0x47cd) x15 0x00000013
core   0: 0x00010176 (0x00e7e863) bltu    a5, a4, pc + 16
core   0: 0 0x00010176 (0x00e7e863)
core   0: 0x00010186 (0xfe842783) lw      a5, -24(s0)
core   0: 0 0x00010186 (0xfe842783) x15 0x00000013 mem 0x7ffffd88
core   0: 0x0001018a (0x00008b85) c.andi  a5, 1
core   0: 0 0x0001018a (0x8b85) x15 0x00000001
core   0: 0x0001018c (0x0000e3a9) c.bnez  a5, pc + 66
core   0: 0 0x0001018c (0xe3a9)
core   0: 0x000101ce (0xfe442783) lw      a5, -28(s0)
core   0: 0 0x000101ce (0xfe442783) x15 0x0000002c mem 0x7ffffd84
core   0: 0x000101d2 (0x00000785) c.addi  a5, 1
core   0: 0 0x000101d2 (0x0785) x15 0x0000002d
core   0: 0x000101d4 (0xfef42223) sw      a5, -28(s0)
core   0: 0 0x000101d4 (0xfef42223) mem 0x7ffffd84 0x0000002d
core   0: 0x000101d8 (0xfe442703) lw      a4, -28(s0)
core   0: 0 0x000101d8 (0xfe442703) x14 0x0000002d mem 0x7ffffd84
core   0: 0x000101dc (0x06300793) li      a5, 99
core   0: 0 0x000101dc (0x06300793) x15 0x00000063
core   0: 0x000101e0 (0xf6e7fde3) bgeu    a5, a4, pc - 134
core   0: 0 0x000101e0 (0xf6e7fde3)
core   0: 0x0001015a (0xfe442703) lw      a4, -28(s0)
core   0: 0 0x0001015a (0xfe442703) x14 0x0000002d mem 0x7ffffd84
core   0: 0x0001015e (0x03100793) li      a5, 49
core   0: 0 0x0001015e (0x03100793) x15 0x00000031
core   0: 0x00010162 (0x02e7ec63) bltu    a5, a4, pc + 56
core   0: 0 0x00010162 (0x02e7ec63)
core   0: 0x00010166 (0xfec42783) lw      a5, -20(s0)
core   0: 0 0x00010166 (0xfec42783) x15 0x0000002d mem 0x7ffffd8c
core   0: 0x0001016a (0x00000785) c.addi  a5, 1
core   0: 0 0x0001016a (0x0785) x15 0x0000002e
core   0: 0x0001016c (0xfef42623) sw      a5, -20(s0)
core   0: 0 0x0001016c (0xfef42623) mem 0x7ffffd8c 0x0000002e
core   0: 0x00010170 (0xfec42703) lw      a4, -20(s0)
core   0: 0 0x00010170 (0xfec42703) x14 0x0000002e mem 0x7ffffd8c
core   0: 0x00010174 (0x000047cd) c.li    a5, 19
core   0: 0 0x00010174 (0x47cd) x15 0x00000013
core   0: 0x00010176 (0x00e7e863) bltu    a5, a4, pc + 16
core   0: 0 0x00010176 (0x00e7e863)
core   0: 0x00010186 (0xfe842783) lw      a5, -24(s0)
core   0: 0 0x00010186 (0xfe842783) x15 0x00000013 mem 0x7ffffd88
core   0: 0x0001018a (0x00008b85) c.andi  a5, 1
core   0: 0 0x0001018a (0x8b85) x15 0x00000001
core   0: 0x0001018c (0x0000e3a9) c.bnez  a5, pc + 66
core   0: 0 0x0001018c (0xe3a9)
core   0: 0x000101ce (0xfe442783) lw      a5, -28(s0)
core   0: 0 0x000101ce (0xfe442783) x15 0x0000002d mem 0x7ffffd84
core   0: 0x000101d2 (0x00000785) c.addi  a5, 1
core   0: 0 0x000101d2 (0x0785) x15 0x0000002e
core   0: 0x000101d4 (0xfef42223) sw      a5, -28(s0)
core   0: 0 0x000101d4 (0xfef42223) mem 0x7ffffd84 0x0000002e
core   0: 0x000101d8 (0xfe442703) lw      a4, -28(s0)
core   0: 0 0x000101d8 (0xfe442703) x14 0x0000002e mem 0x7ffffd84
core   0: 0x000101dc (0x06300793) li      a5, 99
core   0: 0 0x000101dc (0x06300793) x15 0x00000063
core   0: 0x000101e0 (0xf6e7fde3) bgeu    a5, a4, pc - 134
core   0: 0 0x000101e0 (0xf6e7fde3)
core   0: 0x0001015a (0xfe442703) lw      a4, -28(s0)
core   0: 0 0x0001015a (0xfe442703) x14 0x0000002e mem 0x7ffffd84
core   0: 0x0001015e (0x03100793) li      a5, 49
core   0: 0 0x0001015e (0x03100793) x15 0x00000031
core   0: 0x00010162 (0x02e7ec63) bltu    a5, a4, pc + 56
core   0: 0 0x00010162 (0x02e7ec63)
core   0: 0x00010166 (0xfec42783) lw      a5, -20(s0)
core   0: 0 0x00010166 (0xfec42783) x15 0x0000002e mem 0x7ffffd8c
core   0: 0x0001016a (0x00000785) c.addi  a5, 1
core   0: 0 0x0001016a (0x0785) x15 0x0000002f
core   0: 0x0001016c (0xfef42623) sw      a5, -20(s0)
core   0: 0 0x0001016c (0xfef42623) mem 0x7ffffd8c 0x0000002f
core   0: 0x00010170 (0xfec42703) lw      a4, -20(s0)
core   0: 0 0x00010170 (0xfec42703) x14 0x0000002f mem 0x7ffffd8c
core   0: 0x00010174 (0x000047cd) c.li    a5, 19
core   0: 0 0x00010174 (0x47cd) x15 0x00000013
core   0: 0x00010176 (0x00e7e863) bltu    a5, a4, pc + 16
core   0: 0 0x00010176 (0x00e7e863)
core   0: 0x00010186 (0xfe842783) lw      a5, -24(s0)
core   0: 0 0x00010186 (0xfe842783) x15 0x00000013 mem 0x7ffffd88
core   0: 0x0001018a (0x00008b85) c.andi  a5, 1
core   0: 0 0x0001018a (0x8b85) x15 0x00000001
core   0: 0x0001018c (0x0000e3a9) c.bnez  a5, pc + 66
core   0: 0 0x0001018c (0xe3a9)
core   0: 0x000101ce (0xfe442783) lw      a5, -28(s0)
core   0: 0 0x000101ce (0xfe442783) x15 0x0000002e mem 0x7ffffd84
core   0: 0x000101d2 (0x00000785) c.addi  a5, 1
core   0: 0 0x000101d2 (0x0785) x15 0x0000002f
core   0: 0x000101d4 (0xfef42223) sw      a5, -28(s0)
core   0: 0 0x000101d4 (0xfef42223) mem 0x7ffffd84 0x0000002f
core   0: 0x000101d8 (0xfe442703) lw      a4, -28(s0)
core   0: 0 0x000101d8 (0xfe442703) x14 0x0000002f mem 0x7ffffd84
core   0: 0x000101dc (0x06300793) li      a5, 99
core   0: 0 0x000101dc (0x06300793) x15 0x00000063
core   0: 0x000101e0 (0xf6e7fde3) bgeu    a5, a4, pc - 134
core   0: 0 0x000101e0 (0xf6e7fde3)
core   0: 0x0001015a (0xfe442703) lw      a4, -28(s0)
core   0: 0 0x0001015a (0xfe442703) x14 0x0000002f mem 0x7ffffd84
core   0: 0x0001015e (0x03100793) li      a5, 49
core   0: 0 0x0001015e (0x03100793) x15 0x00000031
core   0: 0x00010162 (0x02e7ec63) bltu    a5, a4, pc + 56
core   0: 0 0x00010162 (0x02e7ec63)
core   0: 0x00010166 (0xfec42783) lw      a5, -20(s0)
core   0: 0 0x00010166 (0xfec42783) x15 0x0000002f mem 0x7ffffd8c
core   0: 0x0001016a (0x00000785) c.addi  a5, 1
core   0: 0 0x0001016a (0x0785) x15 0x00000030
core   0: 0x0001016c (0xfef42623) sw      a5, -20(s0)
core   0: 0 0x0001016c (0xfef42623) mem 0x7ffffd8c 0x00000030
core   0: 0x00010170 (0xfec42703) lw      a4, -20(s0)
core   0: 0 0x00010170 (0xfec42703) x14 0x00000030 mem 0x7ffffd8c
core   0: 0x00010174 (0x000047cd) c.li    a5, 19
core   0: 0 0x00010174 (0x47cd) x15 0x00000013
core   0: 0x00010176 (0x00e7e863) bltu    a5, a4, pc + 16
core   0: 0 0x00010176 (0x00e7e863)
core   0: 0x00010186 (0xfe842783) lw      a5, -24(s0)
core   0: 0 0x00010186 (0xfe842783) x15 0x00000013 mem 0x7ffffd88
core   0: 0x0001018a (0x00008b85) c.andi  a5, 1
core   0: 0 0x0001018a (0x8b85) x15 0x00000001
core   0: 0x0001018c (0x0000e3a9) c.bnez  a5, pc + 66
core   0: 0 0x0001018c (0xe3a9)
core   0: 0x000101ce (0xfe442783) lw      a5, -28(s0)
core   0: 0 0x000101ce (0xfe442783) x15 0x0000002f mem 0x7ffffd84
core   0: 0x000101d2 (0x00000785) c.addi  a5, 1
core   0: 0 0x000101d2 (0x0785) x15 0x00000030
core   0: 0x000101d4 (0xfef42223) sw      a5, -28(s0)
core   0: 0 0x000101d4 (0xfef42223) mem 0x7ffffd84 0x00000030
core   0: 0x000101d8 (0xfe442703) lw      a4, -28(s0)
core   0: 0 0x000101d8 (0xfe442703) x14 0x00000030 mem 0x7ffffd84
core   0: 0x000101dc (0x06300793) li      a5, 99
core   0: 0 0x000101dc (0x06300793) x15 0x00000063
core   0: 0x000101e0 (0xf6e7fde3) bgeu    a5, a4, pc - 134
core   0: 0 0x000101e0 (0xf6e7fde3)
core   0: 0x0001015a (0xfe442703) lw      a4, -28(s0)
core   0: 0 0x0001015a (0xfe442703) x14 0x00000030 mem 0x7ffffd84
core   0: 0x0001015e (0x03100793) li      a5, 49
core   0: 0 0x0001015e (0x03100793) x15 0x00000031
core   0: 0x00010162 (0x02e7ec63) bltu    a5, a4, pc + 56
core   0: 0 0x00010162 (0x02e7ec63)
core   0: 0x00010166 (0xfec42783) lw      a5, -20(s0)
core   0: 0 0x00010166 (0xfec42783) x15 0x00000030 mem 0x7ffffd8c
core   0: 0x0001016a (0x00000785) c.addi  a5, 1
core   0: 0 0x0001016a (0x0785) x15 0x00000031
core   0: 0x0001016c (0xfef42623) sw      a5, -20(s0)
core   0: 0 0x0001016c (0xfef42623) mem 0x7ffffd8c 0x00000031
core   0: 0x00010170 (0xfec42703) lw      a4, -20(s0)
core   0: 0 0x00010170 (0xfec42703) x14 0x00000031 mem 0x7ffffd8c
core   0: 0x00010174 (0x000047cd) c.li    a5, 19
core   0: 0 0x00010174 (0x47cd) x15 0x00000013
core   0: 0x00010176 (0x00e7e863) bltu    a5, a4, pc + 16
core   0: 0 0x00010176 (0x00e7e863)
core   0: 0x00010186 (0xfe842783) lw      a5, -24(s0)
core   0: 0 0x00010186 (0xfe842783) x15 0x00000013 mem 0x7ffffd88
core   0: 0x0001018a (0x00008b85) c.andi  a5, 1
core   0: 0 0x0001018a (0x8b85) x15 0x00000001
core   0: 0x0001018c (0x0000e3a9) c.bnez  a5, pc + 66
core   0: 0 0x0001018c (0xe3a9)
core   0: 0x000101ce (0xfe442783) lw      a5, -28(s0)
core   0: 0 0x000101ce (0xfe442783) x15 0x00000030 mem 0x7ffffd84
core   0: 0x000101d2 (0x00000785) c.addi  a5, 1
core   0: 0 0x000101d2 (0x0785) x15 0x00000031
core   0: 0x000101d4 (0xfef42223) sw      a5, -28(s0)
core   0: 0 0x000101d4 (0xfef42223) mem 0x7ffffd84 0x00000031
core   0: 0x000101d8 (0xfe442703) lw      a4, -28(s0)
core   0: 0 0x000101d8 (0xfe442703) x14 0x00000031 mem 0x7ffffd84
core   0: 0x000101dc (0x06300793) li      a5, 99
core   0: 0 0x000101dc (0x06300793) x15 0x00000063
core   0: 0x000101e0 (0xf6e7fde3) bgeu    a5, a4, pc - 134
core   0: 0 0x000101e0 (0xf6e7fde3)
core   0: 0x0001015a (0xfe442703) lw      a4, -28(s0)
core   0: 0 0x0001015a (0xfe442703) x14 0x00000031 mem 0x7ffffd84
core   0: 0x0001015e (0x03100793) li      a5, 49
core   0: 0 0x0001015e (0x03100793) x15 0x00000031
core   0: 0x00010162 (0x02e7ec63) bltu    a5, a4, pc + 56
core   0: 0 0x00010162 (0x02e7ec63)
core   0: 0x00010166 (0xfec42783) lw      a5, -20(s0)
core   0: 0 0x00010166 (0xfec42783) x15 0x00000031 mem 0x7ffffd8c
core   0: 0x0001016a (0x00000785) c.addi  a5, 1
core   0: 0 0x0001016a (0x0785) x15 0x00000032
core   0: 0x0001016c (0xfef42623) sw      a5, -20(s0)
core   0: 0 0x0001016c (0xfef42623) mem 0x7ffffd8c 0x00000032
core   0: 0x00010170 (0xfec42703) lw      a4, -20(s0)
core   0: 0 0x00010170 (0xfec42703) x14 0x00000032 mem 0x7ffffd8c
core   0: 0x00010174 (0x000047cd) c.li    a5, 19
core   0: 0 0x00010174 (0x47cd) x15 0x00000013
core   0: 0x00010176 (0x00e7e863) bltu    a5, a4, pc + 16
core   0: 0 0x00010176 (0x00e7e863)
core   0: 0x00010186 (0xfe842783) lw      a5, -24(s0)
core   0: 0 0x00010186 (0xfe842783) x15 0x00000013 mem 0x7ffffd88
core   0: 0x0001018a (0x00008b85) c.andi  a5, 1
core   0: 0 0x0001018a (0x8b85) x15 0x00000001
core   0: 0x0001018c (0x0000e3a9) c.bnez  a5, pc + 66
core   0: 0 0x0001018c (0xe3a9)
core   0: 0x000101ce (0xfe442783) lw      a5, -28(s0)
core   0: 0 0x000101ce (0xfe442783) x15 0x00000031 mem 0x7ffffd84
core   0: 0x000101d2 (0x00000785) c.addi  a5, 1
core   0: 0 0x000101d2 (0x0785) x15 0x00000032
core   0: 0x000101d4 (0xfef42223) sw      a5, -28(s0)
core   0: 0 0x000101d4 (0xfef42223) mem 0x7ffffd84 0x00000032
core   0: 0x000101d8 (0xfe442703) lw      a4, -28(s0)
core   0: 0 0x000101d8 (0xfe442703) x14 0x00000032 mem 0x7ffffd84
core   0: 0x000101dc (0x06300793) li      a5, 99
core   0: 0 0x000101dc (0x06300793) x15 0x00000063
core   0: 0x000101e0 (0xf6e7fde3) bgeu    a5, a4, pc - 134
core   0: 0 0x000101e0 (0xf6e7fde3)
core   0: 0x0001015a (0xfe442703) lw      a4, -28(s0)
core   0: 0 0x0001015a (0xfe442703) x14 0x00000032 mem 0x7ffffd84
core   0: 0x0001015e (0x03100793) li      a5, 49
core   0: 0 0x0001015e (0x03100793) x15 0x00000031
core   0: 0x00010162 (0x02e7ec63) bltu    a5, a4, pc + 56
core   0: 0 0x00010162 (0x02e7ec63)
core   0: 0x0001019a (0xfec42783) lw      a5, -20(s0)
core   0: 0 0x0001019a (0xfec42783) x15 0x00000032 mem 0x7ffffd8c
core   0: 0x0001019e (0x00000785) c.addi  a5, 1
core   0: 0 0x0001019e (0x0785) x15 0x00000033
core   0: 0x000101a0 (0xfef42623) sw      a5, -20(s0)
core   0: 0 0x000101a0 (0xfef42623) mem 0x7ffffd8c 0x00000033
core   0: 0x000101a4 (0xfec42703) lw      a4, -20(s0)
core   0: 0 0x000101a4 (0xfec42703) x14 0x00000033 mem 0x7ffffd8c
core   0: 0x000101a8 (0x03100793) li      a5, 49
core   0: 0 0x000101a8 (0x03100793) x15 0x00000031
core   0: 0x000101ac (0x00e7e863) bltu    a5, a4, pc + 16
core   0: 0 0x000101ac (0x00e7e863)
core   0: 0x000101bc (0xfe842783) lw      a5, -24(s0)
core   0: 0 0x000101bc (0xfe842783) x15 0x00000013 mem 0x7ffffd88
core   0: 0x000101c0 (0x00008b85) c.andi  a5, 1
core   0: 0 0x000101c0 (0x8b85) x15 0x00000001
core   0: 0x000101c2 (0x0000e791) c.bnez  a5, pc + 12
core   0: 0 0x000101c2 (0xe791)
core   0: 0x000101ce (0xfe442783) lw      a5, -28(s0)
core   0: 0 0x000101ce (0xfe442783) x15 0x00000032 mem 0x7ffffd84
core   0: 0x000101d2 (0x00000785) c.addi  a5, 1
core   0: 0 0x000101d2 (0x0785) x15 0x00000033
core   0: 0x000101d4 (0xfef42223) sw      a5, -28(s0)
core   0: 0 0x000101d4 (0xfef42223) mem 0x7ffffd84 0x00000033
core   0: 0x000101d8 (0xfe442703) lw      a4, -28(s0)
core   0: 0 0x000101d8 (0xfe442703) x14 0x00000033 mem 0x7ffffd84
core   0: 0x000101dc (0x06300793) li      a5, 99
core   0: 0 0x000101dc (0x06300793) x15 0x00000063
core   0: 0x000101e0 (0xf6e7fde3) bgeu    a5, a4, pc - 134
core   0: 0 0x000101e0 (0xf6e7fde3)
core   0: 0x0001015a (0xfe442703) lw      a4, -28(s0)
core   0: 0 0x0001015a (0xfe442703) x14 0x00000033 mem 0x7ffffd84
core   0: 0x0001015e (0x03100793) li      a5, 49
core   0: 0 0x0001015e (0x03100793) x15 0x00000031
core   0: 0x00010162 (0x02e7ec63) bltu    a5, a4, pc + 56
core   0: 0 0x00010162 (0x02e7ec63)
core   0: 0x0001019a (0xfec42783) lw      a5, -20(s0)
core   0: 0 0x0001019a (0xfec42783) x15 0x00000033 mem 0x7ffffd8c
core   0: 0x0001019e (0x00000785) c.addi  a5, 1
core   0: 0 0x0001019e (0x0785) x15 0x00000034
core   0: 0x000101a0 (0xfef42623) sw      a5, -20(s0)
core   0: 0 0x000101a0 (0xfef42623) mem 0x7ffffd8c 0x00000034
core   0: 0x000101a4 (0xfec42703) lw      a4, -20(s0)
core   0: 0 0x000101a4 (0xfec42703) x14 0x00000034 mem 0x7ffffd8c
core   0: 0x000101a8 (0x03100793) li      a5, 49
core   0: 0 0x000101a8 (0x03100793) x15 0x00000031
core   0: 0x000101ac (0x00e7e863) bltu    a5, a4, pc + 16
core   0: 0 0x000101ac (0x00e7e863)
core   0: 0x000101bc (0xfe842783) lw      a5, -24(s0)
core   0: 0 0x000101bc (0xfe842783) x15 0x00000013 mem 0x7ffffd88
core   0: 0x000101c0 (0x00008b85) c.andi  a5, 1
core   0: 0 0x000101c0 (0x8b85) x15 0x00000001
core   0: 0x000101c2 (0x0000e791) c.bnez  a5, pc + 12
core   0: 0 0x000101c2 (0xe791)
core   0: 0x000101ce (0xfe442783) lw      a5, -28(s0)
core   0: 0 0x000101ce (0xfe442783) x15 0x00000033 mem 0x7ffffd84
core   0: 0x000101d2 (0x00000785) c.addi  a5, 1
core   0: 0 0x000101d2 (0x0785) x15 0x00000034
core   0: 0x000101d4 (0xfef42223) sw      a5, -28(s0)
core   0: 0 0x000101d4 (0xfef42223) mem 0x7ffffd84 0x00000034
core   0: 0x000101d8 (0xfe442703) lw      a4, -28(s0)
core   0: 0 0x000101d8 (0xfe442703) x14 0x00000034 mem 0x7ffffd84
core   0: 0x000101dc (0x06300793) li      a5, 99
core   0: 0 0x000101dc (0x06300793) x15 0x00000063
core   0: 0x000101e0 (0xf6e7fde3) bgeu    a5, a4, pc - 134
core   0: 0 0x000101e0 (0xf6e7fde3)
core   0: 0x0001015a (0xfe442703) lw      a4, -28(s0)
core   0: 0 0x0001015a (0xfe442703) x14 0x00000034 mem 0x7ffffd84
core   0: 0x0001015e (0x03100793) li      a5, 49
core   0: 0 0x0001015e (0x03100793) x15 0x00000031
core   0: 0x00010162 (0x02e7ec63) bltu    a5, a4, pc + 56
core   0: 0 0x00010162 (0x02e7ec63)
core   0: 0x0001019a (0xfec42783) lw      a5, -20(s0)
core   0: 0 0x0001019a (0xfec42783) x15 0x00000034 mem 0x7ffffd8c
core   0: 0x0001019e (0x00000785) c.addi  a5, 1
core   0: 0 0x0001019e (0x0785) x15 0x00000035
core   0: 0x000101a0 (0xfef42623) sw      a5, -20(s0)
core   0: 0 0x000101a0 (0xfef42623) mem 0x7ffffd8c 0x00000035
core   0: 0x000101a4 (0xfec42703) lw      a4, -20(s0)
core   0: 0 0x000101a4 (0xfec42703) x14 0x00000035 mem 0x7ffffd8c
core   0: 0x000101a8 (0x03100793) li      a5, 49
core   0: 0 0x000101a8 (0x03100793) x15 0x00000031
core   0: 0x000101ac (0x00e7e863) bltu    a5, a4, pc + 16
core   0: 0 0x000101ac (0x00e7e863)
core   0: 0x000101bc (0xfe842783) lw      a5, -24(s0)
core   0: 0 0x000101bc (0xfe842783) x15 0x00000013 mem 0x7ffffd88
core   0: 0x000101c0 (0x00008b85) c.andi  a5, 1
core   0: 0 0x000101c0 (0x8b85) x15 0x00000001
core   0: 0x000101c2 (0x0000e791) c.bnez  a5, pc + 12
core   0: 0 0x000101c2 (0xe791)
core   0: 0x000101ce (0xfe442783) lw      a5, -28(s0)
core   0: 0 0x000101ce (0xfe442783) x15 0x00000034 mem 0x7ffffd84
core   0: 0x000101d2 (0x00000785) c.addi  a5, 1
core   0: 0 0x000101d2 (0x0785) x15 0x00000035
core   0: 0x000101d4 (0xfef42223) sw      a5, -28(s0)
core   0: 0 0x000101d4 (0xfef42223) mem 0x7ffffd84 0x00000035
core   0: 0x000101d8 (0xfe442703) lw      a4, -28(s0)
core   0: 0 0x000101d8 (0xfe442703) x14 0x00000035 mem 0x7ffffd84
core   0: 0x000101dc (0x06300793) li      a5, 99
core   0: 0 0x000101dc (0x06300793) x15 0x00000063
core   0: 0x000101e0 (0xf6e7fde3) bgeu    a5, a4, pc - 134
core   0: 0 0x000101e0 (0xf6e7fde3)
core   0: 0x0001015a (0xfe442703) lw      a4, -28(s0)
core   0: 0 0x0001015a (0xfe442703) x14 0x00000035 mem 0x7ffffd84
core   0: 0x0001015e (0x03100793) li      a5, 49
core   0: 0 0x0001015e (0x03100793) x15 0x00000031
core   0: 0x00010162 (0x02e7ec63) bltu    a5, a4, pc + 56
core   0: 0 0x00010162 (0x02e7ec63)
core   0: 0x0001019a (0xfec42783) lw      a5, -20(s0)
core   0: 0 0x0001019a (0xfec42783) x15 0x00000035 mem 0x7ffffd8c
core   0: 0x0001019e (0x00000785) c.addi  a5, 1
core   0: 0 0x0001019e (0x0785) x15 0x00000036
core   0: 0x000101a0 (0xfef42623) sw      a5, -20(s0)
core   0: 0 0x000101a0 (0xfef42623) mem 0x7ffffd8c 0x00000036
core   0: 0x000101a4 (0xfec42703) lw      a4, -20(s0)
core   0: 0 0x000101a4 (0xfec42703) x14 0x00000036 mem 0x7ffffd8c
core   0: 0x000101a8 (0x03100793) li      a5, 49
core   0: 0 0x000101a8 (0x03100793) x15 0x00000031
core   0: 0x000101ac (0x00e7e863) bltu    a5, a4, pc + 16
core   0: 0 0x000101ac (0x00e7e863)
core   0: 0x000101bc (0xfe842783) lw      a5, -24(s0)
core   0: 0 0x000101bc (0xfe842783) x15 0x00000013 mem 0x7ffffd88
core   0: 0x000101c0 (0x00008b85) c.andi  a5, 1
core   0: 0 0x000101c0 (0x8b85) x15 0x00000001
core   0: 0x000101c2 (0x0000e791) c.bnez  a5, pc + 12
core   0: 0 0x000101c2 (0xe791)
core   0: 0x000101ce (0xfe442783) lw      a5, -28(s0)
core   0: 0 0x000101ce (0xfe442783) x15 0x00000035 mem 0x7ffffd84
core   0: 0x000101d2 (0x00000785) c.addi  a5, 1
core   0: 0 0x000101d2 (0x0785) x15 0x00000036
core   0: 0x000101d4 (0xfef42223) sw      a5, -28(s0)
core   0: 0 0x000101d4 (0xfef42223) mem 0x7ffffd84 0x00000036
core   0: 0x000101d8 (0xfe442703) lw      a4, -28(s0)
core   0: 0 0x000101d8 (0xfe442703) x14 0x00000036 mem 0x7ffffd84
core   0: 0x000101dc (0x06300793) li      a5, 99
core   0: 0 0x000101dc (0x06300793) x15 0x00000063
core   0: 0x000101e0 (0xf6e7fde3) bgeu    a5, a4, pc - 134
core   0: 0 0x000101e0 (0xf6e7fde3)
core   0: 0x0001015a (0xfe442703) lw      a4, -28(s0)
core   0: 0 0x0001015a (0xfe442703) x14 0x00000036 mem 0x7ffffd84
core   0: 0x0001015e (0x03100793) li      a5, 49
core   0: 0 0x0001015e (0x03100793) x15 0x00000031
core   0: 0x00010162 (0x02e7ec63) bltu    a5, a4, pc + 56
core   0: 0 0x00010162 (0x02e7ec63)
core   0: 0x0001019a (0xfec42783) lw      a5, -20(s0)
core   0: 0 0x0001019a (0xfec42783) x15 0x00000036 mem 0x7ffffd8c
core   0: 0x0001019e (0x00000785) c.addi  a5, 1
core   0: 0 0x0001019e (0x0785) x15 0x00000037
core   0: 0x000101a0 (0xfef42623) sw      a5, -20(s0)
core   0: 0 0x000101a0 (0xfef42623) mem 0x7ffffd8c 0x00000037
core   0: 0x000101a4 (0xfec42703) lw      a4, -20(s0)
core   0: 0 0x000101a4 (0xfec42703) x14 0x00000037 mem 0x7ffffd8c
core   0: 0x000101a8 (0x03100793) li      a5, 49
core   0: 0 0x000101a8 (0x03100793) x15 0x00000031
core   0: 0x000101ac (0x00e7e863) bltu    a5, a4, pc + 16
core   0: 0 0x000101ac (0x00e7e863)
core   0: 0x000101bc (0xfe842783) lw      a5, -24(s0)
core   0: 0 0x000101bc (0xfe842783) x15 0x00000013 mem 0x7ffffd88
core   0: 0x000101c0 (0x00008b85) c.andi  a5, 1
core   0: 0 0x000101c0 (0x8b85) x15 0x00000001
core   0: 0x000101c2 (0x0000e791) c.bnez  a5, pc + 12
core   0: 0 0x000101c2 (0xe791)
core   0: 0x000101ce (0xfe442783) lw      a5, -28(s0)
core   0: 0 0x000101ce (0xfe442783) x15 0x00000036 mem 0x7ffffd84
core   0: 0x000101d2 (0x00000785) c.addi  a5, 1
core   0: 0 0x000101d2 (0x0785) x15 0x00000037
core   0: 0x000101d4 (0xfef42223) sw      a5, -28(s0)
core   0: 0 0x000101d4 (0xfef42223) mem 0x7ffffd84 0x00000037
core   0: 0x000101d8 (0xfe442703) lw      a4, -28(s0)
core   0: 0 0x000101d8 (0xfe442703) x14 0x00000037 mem 0x7ffffd84
core   0: 0x000101dc (0x06300793) li      a5, 99
core   0: 0 0x000101dc (0x06300793) x15 0x00000063
core   0: 0x000101e0 (0xf6e7fde3) bgeu    a5, a4, pc - 134
core   0: 0 0x000101e0 (0xf6e7fde3)
core   0: 0x0001015a (0xfe442703) lw      a4, -28(s0)
core   0: 0 0x0001015a (0xfe442703) x14 0x00000037 mem 0x7ffffd84
core   0: 0x0001015e (0x03100793) li      a5, 49
core   0: 0 0x0001015e (0x03100793) x15 0x00000031
core   0: 0x00010162 (0x02e7ec63) bltu    a5, a4, pc + 56
core   0: 0 0x00010162 (0x02e7ec63)
core   0: 0x0001019a (0xfec42783) lw      a5, -20(s0)
core   0: 0 0x0001019a (0xfec42783) x15 0x00000037 mem 0x7ffffd8c
core   0: 0x0001019e (0x00000785) c.addi  a5, 1
core   0: 0 0x0001019e (0x0785) x15 0x00000038
core   0: 0x000101a0 (0xfef42623) sw      a5, -20(s0)
core   0: 0 0x000101a0 (0xfef42623) mem 0x7ffffd8c 0x00000038
core   0: 0x000101a4 (0xfec42703) lw      a4, -20(s0)
core   0: 0 0x000101a4 (0xfec42703) x14 0x00000038 mem 0x7ffffd8c
core   0: 0x000101a8 (0x03100793) li      a5, 49
core   0: 0 0x000101a8 (0x03100793) x15 0x00000031
core   0: 0x000101ac (0x00e7e863) bltu    a5, a4, pc + 16
core   0: 0 0x000101ac (0x00e7e863)
core   0: 0x000101bc (0xfe842783) lw      a5, -24(s0)
core   0: 0 0x000101bc (0xfe842783) x15 0x00000013 mem 0x7ffffd88
core   0: 0x000101c0 (0x00008b85) c.andi  a5, 1
core   0: 0 0x000101c0 (0x8b85) x15 0x00000001
core   0: 0x000101c2 (0x0000e791) c.bnez  a5, pc + 12
core   0: 0 0x000101c2 (0xe791)
core   0: 0x000101ce (0xfe442783) lw      a5, -28(s0)
core   0: 0 0x000101ce (0xfe442783) x15 0x00000037 mem 0x7ffffd84
core   0: 0x000101d2 (0x00000785) c.addi  a5, 1
core   0: 0 0x000101d2 (0x0785) x15 0x00000038
core   0: 0x000101d4 (0xfef42223) sw      a5, -28(s0)
core   0: 0 0x000101d4 (0xfef42223) mem 0x7ffffd84 0x00000038
core   0: 0x000101d8 (0xfe442703) lw      a4, -28(s0)
core   0: 0 0x000101d8 (0xfe442703) x14 0x00000038 mem 0x7ffffd84
core   0: 0x000101dc (0x06300793) li      a5, 99
core   0: 0 0x000101dc (0x06300793) x15 0x00000063
core   0: 0x000101e0 (0xf6e7fde3) bgeu    a5, a4, pc - 134
core   0: 0 0x000101e0 (0xf6e7fde3)
core   0: 0x0001015a (0xfe442703) lw      a4, -28(s0)
core   0: 0 0x0001015a (0xfe442703) x14 0x00000038 mem 0x7ffffd84
core   0: 0x0001015e (0x03100793) li      a5, 49
core   0: 0 0x0001015e (0x03100793) x15 0x00000031
core   0: 0x00010162 (0x02e7ec63) bltu    a5, a4, pc + 56
core   0: 0 0x00010162 (0x02e7ec63)
core   0: 0x0001019a (0xfec42783) lw      a5, -20(s0)
core   0: 0 0x0001019a (0xfec42783) x15 0x00000038 mem 0x7ffffd8c
core   0: 0x0001019e (0x00000785) c.addi  a5, 1
core   0: 0 0x0001019e (0x0785) x15 0x00000039
core   0: 0x000101a0 (0xfef42623) sw      a5, -20(s0)
core   0: 0 0x000101a0 (0xfef42623) mem 0x7ffffd8c 0x00000039
core   0: 0x000101a4 (0xfec42703) lw      a4, -20(s0)
core   0: 0 0x000101a4 (0xfec42703) x14 0x00000039 mem 0x7ffffd8c
core   0: 0x000101a8 (0x03100793) li      a5, 49
core   0: 0 0x000101a8 (0x03100793) x15 0x00000031
core   0: 0x000101ac (0x00e7e863) bltu    a5, a4, pc + 16
core   0: 0 0x000101ac (0x00e7e863)
core   0: 0x000101bc (0xfe842783) lw      a5, -24(s0)
core   0: 0 0x000101bc (0xfe842783) x15 0x00000013 mem 0x7ffffd88
core   0: 0x000101c0 (0x00008b85) c.andi  a5, 1
core   0: 0 0x000101c0 (0x8b85) x15 0x00000001
core   0: 0x000101c2 (0x0000e791) c.bnez  a5, pc + 12
core   0: 0 0x000101c2 (0xe791)
core   0: 0x000101ce (0xfe442783) lw      a5, -28(s0)
core   0: 0 0x000101ce (0xfe442783) x15 0x00000038 mem 0x7ffffd84
core   0: 0x000101d2 (0x00000785) c.addi  a5, 1
core   0: 0 0x000101d2 (0x0785) x15 0x00000039
core   0: 0x000101d4 (0xfef42223) sw      a5, -28(s0)
core   0: 0 0x000101d4 (0xfef42223) mem 0x7ffffd84 0x00000039
core   0: 0x000101d8 (0xfe442703) lw      a4, -28(s0)
core   0: 0 0x000101d8 (0xfe442703) x14 0x00000039 mem 0x7ffffd84
core   0: 0x000101dc (0x06300793) li      a5, 99
core   0: 0 0x000101dc (0x06300793) x15 0x00000063
core   0: 0x000101e0 (0xf6e7fde3) bgeu    a5, a4, pc - 134
core   0: 0 0x000101e0 (0xf6e7fde3)
core   0: 0x0001015a (0xfe442703) lw      a4, -28(s0)
core   0: 0 0x0001015a (0xfe442703) x14 0x00000039 mem 0x7ffffd84
core   0: 0x0001015e (0x03100793) li      a5, 49
core   0: 0 0x0001015e (0x03100793) x15 0x00000031
core   0: 0x00010162 (0x02e7ec63) bltu    a5, a4, pc + 56
core   0: 0 0x00010162 (0x02e7ec63)
core   0: 0x0001019a (0xfec42783) lw      a5, -20(s0)
core   0: 0 0x0001019a (0xfec42783) x15 0x00000039 mem 0x7ffffd8c
core   0: 0x0001019e (0x00000785) c.addi  a5, 1
core   0: 0 0x0001019e (0x0785) x15 0x0000003a
core   0: 0x000101a0 (0xfef42623) sw      a5, -20(s0)
core   0: 0 0x000101a0 (0xfef42623) mem 0x7ffffd8c 0x0000003a
core   0: 0x000101a4 (0xfec42703) lw      a4, -20(s0)
core   0: 0 0x000101a4 (0xfec42703) x14 0x0000003a mem 0x7ffffd8c
core   0: 0x000101a8 (0x03100793) li      a5, 49
core   0: 0 0x000101a8 (0x03100793) x15 0x00000031
core   0: 0x000101ac (0x00e7e863) bltu    a5, a4, pc + 16
core   0: 0 0x000101ac (0x00e7e863)
core   0: 0x000101bc (0xfe842783) lw      a5, -24(s0)
core   0: 0 0x000101bc (0xfe842783) x15 0x00000013 mem 0x7ffffd88
core   0: 0x000101c0 (0x00008b85) c.andi  a5, 1
core   0: 0 0x000101c0 (0x8b85) x15 0x00000001
core   0: 0x000101c2 (0x0000e791) c.bnez  a5, pc + 12
core   0: 0 0x000101c2 (0xe791)
core   0: 0x000101ce (0xfe442783) lw      a5, -28(s0)
core   0: 0 0x000101ce (0xfe442783) x15 0x00000039 mem 0x7ffffd84
core   0: 0x000101d2 (0x00000785) c.addi  a5, 1
core   0: 0 0x000101d2 (0x0785) x15 0x0000003a
core   0: 0x000101d4 (0xfef42223) sw      a5, -28(s0)
core   0: 0 0x000101d4 (0xfef42223) mem 0x7ffffd84 0x0000003a
core   0: 0x000101d8 (0xfe442703) lw      a4, -28(s0)
core   0: 0 0x000101d8 (0xfe442703) x14 0x0000003a mem 0x7ffffd84
core   0: 0x000101dc (0x06300793) li      a5, 99
core   0: 0 0x000101dc (0x06300793) x15 0x00000063
core   0: 0x000101e0 (0xf6e7fde3) bgeu    a5, a4, pc - 134
core   0: 0 0x000101e0 (0xf6e7fde3)
core   0: 0x0001015a (0xfe442703) lw      a4, -28(s0)
core   0: 0 0x0001015a (0xfe442703) x14 0x0000003a mem 0x7ffffd84
core   0: 0x0001015e (0x03100793) li      a5, 49
core   0: 0 0x0001015e (0x03100793) x15 0x00000031
core   0: 0x00010162 (0x02e7ec63) bltu    a5, a4, pc + 56
core   0: 0 0x00010162 (0x02e7ec63)
core   0: 0x0001019a (0xfec42783) lw      a5, -20(s0)
core   0: 0 0x0001019a (0xfec42783) x15 0x0000003a mem 0x7ffffd8c
core   0: 0x0001019e (0x00000785) c.addi  a5, 1
core   0: 0 0x0001019e (0x0785) x15 0x0000003b
core   0: 0x000101a0 (0xfef42623) sw      a5, -20(s0)
core   0: 0 0x000101a0 (0xfef42623) mem 0x7ffffd8c 0x0000003b
core   0: 0x000101a4 (0xfec42703) lw      a4, -20(s0)
core   0: 0 0x000101a4 (0xfec42703) x14 0x0000003b mem 0x7ffffd8c
core   0: 0x000101a8 (0x03100793) li      a5, 49
core   0: 0 0x000101a8 (0x03100793) x15 0x00000031
core   0: 0x000101ac (0x00e7e863) bltu    a5, a4, pc + 16
core   0: 0 0x000101ac (0x00e7e863)
core   0: 0x000101bc (0xfe842783) lw      a5, -24(s0)
core   0: 0 0x000101bc (0xfe842783) x15 0x00000013 mem 0x7ffffd88
core   0: 0x000101c0 (0x00008b85) c.andi  a5, 1
core   0: 0 0x000101c0 (0x8b85) x15 0x00000001
core   0: 0x000101c2 (0x0000e791) c.bnez  a5, pc + 12
core   0: 0 0x000101c2 (0xe791)
core   0: 0x000101ce (0xfe442783) lw      a5, -28(s0)
core   0: 0 0x000101ce (0xfe442783) x15 0x0000003a mem 0x7ffffd84
core   0: 0x000101d2 (0x00000785) c.addi  a5, 1
core   0: 0 0x000101d2 (0x0785) x15 0x0000003b
core   0: 0x000101d4 (0xfef42223) sw      a5, -28(s0)
core   0: 0 0x000101d4 (0xfef42223) mem 0x7ffffd84 0x0000003b
core   0: 0x000101d8 (0xfe442703) lw      a4, -28(s0)
core   0: 0 0x000101d8 (0xfe442703) x14 0x0000003b mem 0x7ffffd84
core   0: 0x000101dc (0x06300793) li      a5, 99
core   0: 0 0x000101dc (0x06300793) x15 0x00000063
core   0: 0x000101e0 (0xf6e7fde3) bgeu    a5, a4, pc - 134
core   0: 0 0x000101e0 (0xf6e7fde3)
core   0: 0x0001015a (0xfe442703) lw      a4, -28(s0)
core   0: 0 0x0001015a (0xfe442703) x14 0x0000003b mem 0x7ffffd84
core   0: 0x0001015e (0x03100793) li      a5, 49
core   0: 0 0x0001015e (0x03100793) x15 0x00000031
core   0: 0x00010162 (0x02e7ec63) bltu    a5, a4, pc + 56
core   0: 0 0x00010162 (0x02e7ec63)
core   0: 0x0001019a (0xfec42783) lw      a5, -20(s0)
core   0: 0 0x0001019a (0xfec42783) x15 0x0000003b mem 0x7ffffd8c
core   0: 0x0001019e (0x00000785) c.addi  a5, 1
core   0: 0 0x0001019e (0x0785) x15 0x0000003c
core   0: 0x000101a0 (0xfef42623) sw      a5, -20(s0)
core   0: 0 0x000101a0 (0xfef42623) mem 0x7ffffd8c 0x0000003c
core   0: 0x000101a4 (0xfec42703) lw      a4, -20(s0)
core   0: 0 0x000101a4 (0xfec42703) x14 0x0000003c mem 0x7ffffd8c
core   0: 0x000101a8 (0x03100793) li      a5, 49
core   0: 0 0x000101a8 (0x03100793) x15 0x00000031
core   0: 0x000101ac (0x00e7e863) bltu    a5, a4, pc + 16
core   0: 0 0x000101ac (0x00e7e863)
core   0: 0x000101bc (0xfe842783) lw      a5, -24(s0)
core   0: 0 0x000101bc (0xfe842783) x15 0x00000013 mem 0x7ffffd88
core   0: 0x000101c0 (0x00008b85) c.andi  a5, 1
core   0: 0 0x000101c0 (0x8b85) x15 0x00000001
core   0: 0x000101c2 (0x0000e791) c.bnez  a5, pc + 12
core   0: 0 0x000101c2 (0xe791)
core   0: 0x000101ce (0xfe442783) lw      a5, -28(s0)
core   0: 0 0x000101ce (0xfe442783) x15 0x0000003b mem 0x7ffffd84
core   0: 0x000101d2 (0x00000785) c.addi  a5, 1
core   0: 0 0x000101d2 (0x0785) x15 0x0000003c
core   0: 0x000101d4 (0xfef42223) sw      a5, -28(s0)
core   0: 0 0x000101d4 (0xfef42223) mem 0x7ffffd84 0x0000003c
core   0: 0x000101d8 (0xfe442703) lw      a4, -28(s0)
core   0: 0 0x000101d8 (0xfe442703) x14 0x0000003c mem 0x7ffffd84
core   0: 0x000101dc (0x06300793) li      a5, 99
core   0: 0 0x000101dc (0x06300793) x15 0x00000063
core   0: 0x000101e0 (0xf6e7fde3) bgeu    a5, a4, pc - 134
core   0: 0 0x000101e0 (0xf6e7fde3)
core   0: 0x0001015a (0xfe442703) lw      a4, -28(s0)
core   0: 0 0x0001015a (0xfe442703) x14 0x0000003c mem 0x7ffffd84
core   0: 0x0001015e (0x03100793) li      a5, 49
core   0: 0 0x0001015e (0x03100793) x15 0x00000031
core   0: 0x00010162 (0x02e7ec63) bltu    a5, a4, pc + 56
core   0: 0 0x00010162 (0x02e7ec63)
core   0: 0x0001019a (0xfec42783) lw      a5, -20(s0)
core   0: 0 0x0001019a (0xfec42783) x15 0x0000003c mem 0x7ffffd8c
core   0: 0x0001019e (0x00000785) c.addi  a5, 1
core   0: 0 0x0001019e (0x0785) x15 0x0000003d
core   0: 0x000101a0 (0xfef42623) sw      a5, -20(s0)
core   0: 0 0x000101a0 (0xfef42623) mem 0x7ffffd8c 0x0000003d
core   0: 0x000101a4 (0xfec42703) lw      a4, -20(s0)
core   0: 0 0x000101a4 (0xfec42703) x14 0x0000003d mem 0x7ffffd8c
core   0: 0x000101a8 (0x03100793) li      a5, 49
core   0: 0 0x000101a8 (0x03100793) x15 0x00000031
core   0: 0x000101ac (0x00e7e863) bltu    a5, a4, pc + 16
core   0: 0 0x000101ac (0x00e7e863)
core   0: 0x000101bc (0xfe842783) lw      a5, -24(s0)
core   0: 0 0x000101bc (0xfe842783) x15 0x00000013 mem 0x7ffffd88
core   0: 0x000101c0 (0x00008b85) c.andi  a5, 1
core   0: 0 0x000101c0 (0x8b85) x15 0x00000001
core   0: 0x000101c2 (0x0000e791) c.bnez  a5, pc + 12
core   0: 0 0x000101c2 (0xe791)
core   0: 0x000101ce (0xfe442783) lw      a5, -28(s0)
core   0: 0 0x000101ce (0xfe442783) x15 0x0000003c mem 0x7ffffd84
core   0: 0x000101d2 (0x00000785) c.addi  a5, 1
core   0: 0 0x000101d2 (0x0785) x15 0x0000003d
core   0: 0x000101d4 (0xfef42223) sw      a5, -28(s0)
core   0: 0 0x000101d4 (0xfef42223) mem 0x7ffffd84 0x0000003d
core   0: 0x000101d8 (0xfe442703) lw      a4, -28(s0)
core   0: 0 0x000101d8 (0xfe442703) x14 0x0000003d mem 0x7ffffd84
core   0: 0x000101dc (0x06300793) li      a5, 99
core   0: 0 0x000101dc (0x06300793) x15 0x00000063
core   0: 0x000101e0 (0xf6e7fde3) bgeu    a5, a4, pc - 134
core   0: 0 0x000101e0 (0xf6e7fde3)
core   0: 0x0001015a (0xfe442703) lw      a4, -28(s0)
core   0: 0 0x0001015a (0xfe442703) x14 0x0000003d mem 0x7ffffd84
core   0: 0x0001015e (0x03100793) li      a5, 49
core   0: 0 0x0001015e (0x03100793) x15 0x00000031
core   0: 0x00010162 (0x02e7ec63) bltu    a5, a4, pc + 56
core   0: 0 0x00010162 (0x02e7ec63)
core   0: 0x0001019a (0xfec42783) lw      a5, -20(s0)
core   0: 0 0x0001019a (0xfec42783) x15 0x0000003d mem 0x7ffffd8c
core   0: 0x0001019e (0x00000785) c.addi  a5, 1
core   0: 0 0x0001019e (0x0785) x15 0x0000003e
core   0: 0x000101a0 (0xfef42623) sw      a5, -20(s0)
core   0: 0 0x000101a0 (0xfef42623) mem 0x7ffffd8c 0x0000003e
core   0: 0x000101a4 (0xfec42703) lw      a4, -20(s0)
core   0: 0 0x000101a4 (0xfec42703) x14 0x0000003e mem 0x7ffffd8c
core   0: 0x000101a8 (0x03100793) li      a5, 49
core   0: 0 0x000101a8 (0x03100793) x15 0x00000031
core   0: 0x000101ac (0x00e7e863) bltu    a5, a4, pc + 16
core   0: 0 0x000101ac (0x00e7e863)
core   0: 0x000101bc (0xfe842783) lw      a5, -24(s0)
core   0: 0 0x000101bc (0xfe842783) x15 0x00000013 mem 0x7ffffd88
core   0: 0x000101c0 (0x00008b85) c.andi  a5, 1
core   0: 0 0x000101c0 (0x8b85) x15 0x00000001
core   0: 0x000101c2 (0x0000e791) c.bnez  a5, pc + 12
core   0: 0 0x000101c2 (0xe791)
core   0: 0x000101ce (0xfe442783) lw      a5, -28(s0)
core   0: 0 0x000101ce (0xfe442783) x15 0x0000003d mem 0x7ffffd84
core   0: 0x000101d2 (0x00000785) c.addi  a5, 1
core   0: 0 0x000101d2 (0x0785) x15 0x0000003e
core   0: 0x000101d4 (0xfef42223) sw      a5, -28(s0)
core   0: 0 0x000101d4 (0xfef42223) mem 0x7ffffd84 0x0000003e
core   0: 0x000101d8 (0xfe442703) lw      a4, -28(s0)
core   0: 0 0x000101d8 (0xfe442703) x14 0x0000003e mem 0x7ffffd84
core   0: 0x000101dc (0x06300793) li      a5, 99
core   0: 0 0x000101dc (0x06300793) x15 0x00000063
core   0: 0x000101e0 (0xf6e7fde3) bgeu    a5, a4, pc - 134
core   0: 0 0x000101e0 (0xf6e7fde3)
core   0: 0x0001015a (0xfe442703) lw      a4, -28(s0)
core   0: 0 0x0001015a (0xfe442703) x14 0x0000003e mem 0x7ffffd84
core   0: 0x0001015e (0x03100793) li      a5, 49
core   0: 0 0x0001015e (0x03100793) x15 0x00000031
core   0: 0x00010162 (0x02e7ec63) bltu    a5, a4, pc + 56
core   0: 0 0x00010162 (0x02e7ec63)
core   0: 0x0001019a (0xfec42783) lw      a5, -20(s0)
core   0: 0 0x0001019a (0xfec42783) x15 0x0000003e mem 0x7ffffd8c
core   0: 0x0001019e (0x00000785) c.addi  a5, 1
core   0: 0 0x0001019e (0x0785) x15 0x0000003f
core   0: 0x000101a0 (0xfef42623) sw      a5, -20(s0)
core   0: 0 0x000101a0 (0xfef42623) mem 0x7ffffd8c 0x0000003f
core   0: 0x000101a4 (0xfec42703) lw      a4, -20(s0)
core   0: 0 0x000101a4 (0xfec42703) x14 0x0000003f mem 0x7ffffd8c
core   0: 0x000101a8 (0x03100793) li      a5, 49
core   0: 0 0x000101a8 (0x03100793) x15 0x00000031
core   0: 0x000101ac (0x00e7e863) bltu    a5, a4, pc + 16
core   0: 0 0x000101ac (0x00e7e863)
core   0: 0x000101bc (0xfe842783) lw      a5, -24(s0)
core   0: 0 0x000101bc (0xfe842783) x15 0x00000013 mem 0x7ffffd88
core   0: 0x000101c0 (0x00008b85) c.andi  a5, 1
core   0: 0 0x000101c0 (0x8b85) x15 0x00000001
core   0: 0x000101c2 (0x0000e791) c.bnez  a5, pc + 12
core   0: 0 0x000101c2 (0xe791)
core   0: 0x000101ce (0xfe442783) lw      a5, -28(s0)
core   0: 0 0x000101ce (0xfe442783) x15 0x0000003e mem 0x7ffffd84
core   0: 0x000101d2 (0x00000785) c.addi  a5, 1
core   0: 0 0x000101d2 (0x0785) x15 0x0000003f
core   0: 0x000101d4 (0xfef42223) sw      a5, -28(s0)
core   0: 0 0x000101d4 (0xfef42223) mem 0x7ffffd84 0x0000003f
core   0: 0x000101d8 (0xfe442703) lw      a4, -28(s0)
core   0: 0 0x000101d8 (0xfe442703) x14 0x0000003f mem 0x7ffffd84
core   0: 0x000101dc (0x06300793) li      a5, 99
core   0: 0 0x000101dc (0x06300793) x15 0x00000063
core   0: 0x000101e0 (0xf6e7fde3) bgeu    a5, a4, pc - 134
core   0: 0 0x000101e0 (0xf6e7fde3)
core   0: 0x0001015a (0xfe442703) lw      a4, -28(s0)
core   0: 0 0x0001015a (0xfe442703) x14 0x0000003f mem 0x7ffffd84
core   0: 0x0001015e (0x03100793) li      a5, 49
core   0: 0 0x0001015e (0x03100793) x15 0x00000031
core   0: 0x00010162 (0x02e7ec63) bltu    a5, a4, pc + 56
core   0: 0 0x00010162 (0x02e7ec63)
core   0: 0x0001019a (0xfec42783) lw      a5, -20(s0)
core   0: 0 0x0001019a (0xfec42783) x15 0x0000003f mem 0x7ffffd8c
core   0: 0x0001019e (0x00000785) c.addi  a5, 1
core   0: 0 0x0001019e (0x0785) x15 0x00000040
core   0: 0x000101a0 (0xfef42623) sw      a5, -20(s0)
core   0: 0 0x000101a0 (0xfef42623) mem 0x7ffffd8c 0x00000040
core   0: 0x000101a4 (0xfec42703) lw      a4, -20(s0)
core   0: 0 0x000101a4 (0xfec42703) x14 0x00000040 mem 0x7ffffd8c
core   0: 0x000101a8 (0x03100793) li      a5, 49
core   0: 0 0x000101a8 (0x03100793) x15 0x00000031
core   0: 0x000101ac (0x00e7e863) bltu    a5, a4, pc + 16
core   0: 0 0x000101ac (0x00e7e863)
core   0: 0x000101bc (0xfe842783) lw      a5, -24(s0)
core   0: 0 0x000101bc (0xfe842783) x15 0x00000013 mem 0x7ffffd88
core   0: 0x000101c0 (0x00008b85) c.andi  a5, 1
core   0: 0 0x000101c0 (0x8b85) x15 0x00000001
core   0: 0x000101c2 (0x0000e791) c.bnez  a5, pc + 12
core   0: 0 0x000101c2 (0xe791)
core   0: 0x000101ce (0xfe442783) lw      a5, -28(s0)
core   0: 0 0x000101ce (0xfe442783) x15 0x0000003f mem 0x7ffffd84
core   0: 0x000101d2 (0x00000785) c.addi  a5, 1
core   0: 0 0x000101d2 (0x0785) x15 0x00000040
core   0: 0x000101d4 (0xfef42223) sw      a5, -28(s0)
core   0: 0 0x000101d4 (0xfef42223) mem 0x7ffffd84 0x00000040
core   0: 0x000101d8 (0xfe442703) lw      a4, -28(s0)
core   0: 0 0x000101d8 (0xfe442703) x14 0x00000040 mem 0x7ffffd84
core   0: 0x000101dc (0x06300793) li      a5, 99
core   0: 0 0x000101dc (0x06300793) x15 0x00000063
core   0: 0x000101e0 (0xf6e7fde3) bgeu    a5, a4, pc - 134
core   0: 0 0x000101e0 (0xf6e7fde3)
core   0: 0x0001015a (0xfe442703) lw      a4, -28(s0)
core   0: 0 0x0001015a (0xfe442703) x14 0x00000040 mem 0x7ffffd84
core   0: 0x0001015e (0x03100793) li      a5, 49
core   0: 0 0x0001015e (0x03100793) x15 0x00000031
core   0: 0x00010162 (0x02e7ec63) bltu    a5, a4, pc + 56
core   0: 0 0x00010162 (0x02e7ec63)
core   0: 0x0001019a (0xfec42783) lw      a5, -20(s0)
core   0: 0 0x0001019a (0xfec42783) x15 0x00000040 mem 0x7ffffd8c
core   0: 0x0001019e (0x00000785) c.addi  a5, 1
core   0: 0 0x0001019e (0x0785) x15 0x00000041
core   0: 0x000101a0 (0xfef42623) sw      a5, -20(s0)
core   0: 0 0x000101a0 (0xfef42623) mem 0x7ffffd8c 0x00000041
core   0: 0x000101a4 (0xfec42703) lw      a4, -20(s0)
core   0: 0 0x000101a4 (0xfec42703) x14 0x00000041 mem 0x7ffffd8c
core   0: 0x000101a8 (0x03100793) li      a5, 49
core   0: 0 0x000101a8 (0x03100793) x15 0x00000031
core   0: 0x000101ac (0x00e7e863) bltu    a5, a4, pc + 16
core   0: 0 0x000101ac (0x00e7e863)
core   0: 0x000101bc (0xfe842783) lw      a5, -24(s0)
core   0: 0 0x000101bc (0xfe842783) x15 0x00000013 mem 0x7ffffd88
core   0: 0x000101c0 (0x00008b85) c.andi  a5, 1
core   0: 0 0x000101c0 (0x8b85) x15 0x00000001
core   0: 0x000101c2 (0x0000e791) c.bnez  a5, pc + 12
core   0: 0 0x000101c2 (0xe791)
core   0: 0x000101ce (0xfe442783) lw      a5, -28(s0)
core   0: 0 0x000101ce (0xfe442783) x15 0x00000040 mem 0x7ffffd84
core   0: 0x000101d2 (0x00000785) c.addi  a5, 1
core   0: 0 0x000101d2 (0x0785) x15 0x00000041
core   0: 0x000101d4 (0xfef42223) sw      a5, -28(s0)
core   0: 0 0x000101d4 (0xfef42223) mem 0x7ffffd84 0x00000041
core   0: 0x000101d8 (0xfe442703) lw      a4, -28(s0)
core   0: 0 0x000101d8 (0xfe442703) x14 0x00000041 mem 0x7ffffd84
core   0: 0x000101dc (0x06300793) li      a5, 99
core   0: 0 0x000101dc (0x06300793) x15 0x00000063
core   0: 0x000101e0 (0xf6e7fde3) bgeu    a5, a4, pc - 134
core   0: 0 0x000101e0 (0xf6e7fde3)
core   0: 0x0001015a (0xfe442703) lw      a4, -28(s0)
core   0: 0 0x0001015a (0xfe442703) x14 0x00000041 mem 0x7ffffd84
core   0: 0x0001015e (0x03100793) li      a5, 49
core   0: 0 0x0001015e (0x03100793) x15 0x00000031
core   0: 0x00010162 (0x02e7ec63) bltu    a5, a4, pc + 56
core   0: 0 0x00010162 (0x02e7ec63)
core   0: 0x0001019a (0xfec42783) lw      a5, -20(s0)
core   0: 0 0x0001019a (0xfec42783) x15 0x00000041 mem 0x7ffffd8c
core   0: 0x0001019e (0x00000785) c.addi  a5, 1
core   0: 0 0x0001019e (0x0785) x15 0x00000042
core   0: 0x000101a0 (0xfef42623) sw      a5, -20(s0)
core   0: 0 0x000101a0 (0xfef42623) mem 0x7ffffd8c 0x00000042
core   0: 0x000101a4 (0xfec42703) lw      a4, -20(s0)
core   0: 0 0x000101a4 (0xfec42703) x14 0x00000042 mem 0x7ffffd8c
core   0: 0x000101a8 (0x03100793) li      a5, 49
core   0: 0 0x000101a8 (0x03100793) x15 0x00000031
core   0: 0x000101ac (0x00e7e863) bltu    a5, a4, pc + 16
core   0: 0 0x000101ac (0x00e7e863)
core   0: 0x000101bc (0xfe842783) lw      a5, -24(s0)
core   0: 0 0x000101bc (0xfe842783) x15 0x00000013 mem 0x7ffffd88
core   0: 0x000101c0 (0x00008b85) c.andi  a5, 1
core   0: 0 0x000101c0 (0x8b85) x15 0x00000001
core   0: 0x000101c2 (0x0000e791) c.bnez  a5, pc + 12
core   0: 0 0x000101c2 (0xe791)
core   0: 0x000101ce (0xfe442783) lw      a5, -28(s0)
core   0: 0 0x000101ce (0xfe442783) x15 0x00000041 mem 0x7ffffd84
core   0: 0x000101d2 (0x00000785) c.addi  a5, 1
core   0: 0 0x000101d2 (0x0785) x15 0x00000042
core   0: 0x000101d4 (0xfef42223) sw      a5, -28(s0)
core   0: 0 0x000101d4 (0xfef42223) mem 0x7ffffd84 0x00000042
core   0: 0x000101d8 (0xfe442703) lw      a4, -28(s0)
core   0: 0 0x000101d8 (0xfe442703) x14 0x00000042 mem 0x7ffffd84
core   0: 0x000101dc (0x06300793) li      a5, 99
core   0: 0 0x000101dc (0x06300793) x15 0x00000063
core   0: 0x000101e0 (0xf6e7fde3) bgeu    a5, a4, pc - 134
core   0: 0 0x000101e0 (0xf6e7fde3)
core   0: 0x0001015a (0xfe442703) lw      a4, -28(s0)
core   0: 0 0x0001015a (0xfe442703) x14 0x00000042 mem 0x7ffffd84
core   0: 0x0001015e (0x03100793) li      a5, 49
core   0: 0 0x0001015e (0x03100793) x15 0x00000031
core   0: 0x00010162 (0x02e7ec63) bltu    a5, a4, pc + 56
core   0: 0 0x00010162 (0x02e7ec63)
core   0: 0x0001019a (0xfec42783) lw      a5, -20(s0)
core   0: 0 0x0001019a (0xfec42783) x15 0x00000042 mem 0x7ffffd8c
core   0: 0x0001019e (0x00000785) c.addi  a5, 1
core   0: 0 0x0001019e (0x0785) x15 0x00000043
core   0: 0x000101a0 (0xfef42623) sw      a5, -20(s0)
core   0: 0 0x000101a0 (0xfef42623) mem 0x7ffffd8c 0x00000043
core   0: 0x000101a4 (0xfec42703) lw      a4, -20(s0)
core   0: 0 0x000101a4 (0xfec42703) x14 0x00000043 mem 0x7ffffd8c
core   0: 0x000101a8 (0x03100793) li      a5, 49
core   0: 0 0x000101a8 (0x03100793) x15 0x00000031
core   0: 0x000101ac (0x00e7e863) bltu    a5, a4, pc + 16
core   0: 0 0x000101ac (0x00e7e863)
core   0: 0x000101bc (0xfe842783) lw      a5, -24(s0)
core   0: 0 0x000101bc (0xfe842783) x15 0x00000013 mem 0x7ffffd88
core   0: 0x000101c0 (0x00008b85) c.andi  a5, 1
core   0: 0 0x000101c0 (0x8b85) x15 0x00000001
core   0: 0x000101c2 (0x0000e791) c.bnez  a5, pc + 12
core   0: 0 0x000101c2 (0xe791)
core   0: 0x000101ce (0xfe442783) lw      a5, -28(s0)
core   0: 0 0x000101ce (0xfe442783) x15 0x00000042 mem 0x7ffffd84
core   0: 0x000101d2 (0x00000785) c.addi  a5, 1
core   0: 0 0x000101d2 (0x0785) x15 0x00000043
core   0: 0x000101d4 (0xfef42223) sw      a5, -28(s0)
core   0: 0 0x000101d4 (0xfef42223) mem 0x7ffffd84 0x00000043
core   0: 0x000101d8 (0xfe442703) lw      a4, -28(s0)
core   0: 0 0x000101d8 (0xfe442703) x14 0x00000043 mem 0x7ffffd84
core   0: 0x000101dc (0x06300793) li      a5, 99
core   0: 0 0x000101dc (0x06300793) x15 0x00000063
core   0: 0x000101e0 (0xf6e7fde3) bgeu    a5, a4, pc - 134
core   0: 0 0x000101e0 (0xf6e7fde3)
core   0: 0x0001015a (0xfe442703) lw      a4, -28(s0)
core   0: 0 0x0001015a (0xfe442703) x14 0x00000043 mem 0x7ffffd84
core   0: 0x0001015e (0x03100793) li      a5, 49
core   0: 0 0x0001015e (0x03100793) x15 0x00000031
core   0: 0x00010162 (0x02e7ec63) bltu    a5, a4, pc + 56
core   0: 0 0x00010162 (0x02e7ec63)
core   0: 0x0001019a (0xfec42783) lw      a5, -20(s0)
core   0: 0 0x0001019a (0xfec42783) x15 0x00000043 mem 0x7ffffd8c
core   0: 0x0001019e (0x00000785) c.addi  a5, 1
core   0: 0 0x0001019e (0x0785) x15 0x00000044
core   0: 0x000101a0 (0xfef42623) sw      a5, -20(s0)
core   0: 0 0x000101a0 (0xfef42623) mem 0x7ffffd8c 0x00000044
core   0: 0x000101a4 (0xfec42703) lw      a4, -20(s0)
core   0: 0 0x000101a4 (0xfec42703) x14 0x00000044 mem 0x7ffffd8c
core   0: 0x000101a8 (0x03100793) li      a5, 49
core   0: 0 0x000101a8 (0x03100793) x15 0x00000031
core   0: 0x000101ac (0x00e7e863) bltu    a5, a4, pc + 16
core   0: 0 0x000101ac (0x00e7e863)
core   0: 0x000101bc (0xfe842783) lw      a5, -24(s0)
core   0: 0 0x000101bc (0xfe842783) x15 0x00000013 mem 0x7ffffd88
core   0: 0x000101c0 (0x00008b85) c.andi  a5, 1
core   0: 0 0x000101c0 (0x8b85) x15 0x00000001
core   0: 0x000101c2 (0x0000e791) c.bnez  a5, pc + 12
core   0: 0 0x000101c2 (0xe791)
core   0: 0x000101ce (0xfe442783) lw      a5, -28(s0)
core   0: 0 0x000101ce (0xfe442783) x15 0x00000043 mem 0x7ffffd84
core   0: 0x000101d2 (0x00000785) c.addi  a5, 1
core   0: 0 0x000101d2 (0x0785) x15 0x00000044
core   0: 0x000101d4 (0xfef42223) sw      a5, -28(s0)
core   0: 0 0x000101d4 (0xfef42223) mem 0x7ffffd84 0x00000044
core   0: 0x000101d8 (0xfe442703) lw      a4, -28(s0)
core   0: 0 0x000101d8 (0xfe442703) x14 0x00000044 mem 0x7ffffd84
core   0: 0x000101dc (0x06300793) li      a5, 99
core   0: 0 0x000101dc (0x06300793) x15 0x00000063
core   0: 0x000101e0 (0xf6e7fde3) bgeu    a5, a4, pc - 134
core   0: 0 0x000101e0 (0xf6e7fde3)
core   0: 0x0001015a (0xfe442703) lw      a4, -28(s0)
core   0: 0 0x0001015a (0xfe442703) x14 0x00000044 mem 0x7ffffd84
core   0: 0x0001015e (0x03100793) li      a5, 49
core   0: 0 0x0001015e (0x03100793) x15 0x00000031
core   0: 0x00010162 (0x02e7ec63) bltu    a5, a4, pc + 56
core   0: 0 0x00010162 (0x02e7ec63)
core   0: 0x0001019a (0xfec42783) lw      a5, -20(s0)
core   0: 0 0x0001019a (0xfec42783) x15 0x00000044 mem 0x7ffffd8c
core   0: 0x0001019e (0x00000785) c.addi  a5, 1
core   0: 0 0x0001019e (0x0785) x15 0x00000045
core   0: 0x000101a0 (0xfef42623) sw      a5, -20(s0)
core   0: 0 0x000101a0 (0xfef42623) mem 0x7ffffd8c 0x00000045
core   0: 0x000101a4 (0xfec42703) lw      a4, -20(s0)
core   0: 0 0x000101a4 (0xfec42703) x14 0x00000045 mem 0x7ffffd8c
core   0: 0x000101a8 (0x03100793) li      a5, 49
core   0: 0 0x000101a8 (0x03100793) x15 0x00000031
core   0: 0x000101ac (0x00e7e863) bltu    a5, a4, pc + 16
core   0: 0 0x000101ac (0x00e7e863)
core   0: 0x000101bc (0xfe842783) lw      a5, -24(s0)
core   0: 0 0x000101bc (0xfe842783) x15 0x00000013 mem 0x7ffffd88
core   0: 0x000101c0 (0x00008b85) c.andi  a5, 1
core   0: 0 0x000101c0 (0x8b85) x15 0x00000001
core   0: 0x000101c2 (0x0000e791) c.bnez  a5, pc + 12
core   0: 0 0x000101c2 (0xe791)
core   0: 0x000101ce (0xfe442783) lw      a5, -28(s0)
core   0: 0 0x000101ce (0xfe442783) x15 0x00000044 mem 0x7ffffd84
core   0: 0x000101d2 (0x00000785) c.addi  a5, 1
core   0: 0 0x000101d2 (0x0785) x15 0x00000045
core   0: 0x000101d4 (0xfef42223) sw      a5, -28(s0)
core   0: 0 0x000101d4 (0xfef42223) mem 0x7ffffd84 0x00000045
core   0: 0x000101d8 (0xfe442703) lw      a4, -28(s0)
core   0: 0 0x000101d8 (0xfe442703) x14 0x00000045 mem 0x7ffffd84
core   0: 0x000101dc (0x06300793) li      a5, 99
core   0: 0 0x000101dc (0x06300793) x15 0x00000063
core   0: 0x000101e0 (0xf6e7fde3) bgeu    a5, a4, pc - 134
core   0: 0 0x000101e0 (0xf6e7fde3)
core   0: 0x0001015a (0xfe442703) lw      a4, -28(s0)
core   0: 0 0x0001015a (0xfe442703) x14 0x00000045 mem 0x7ffffd84
core   0: 0x0001015e (0x03100793) li      a5, 49
core   0: 0 0x0001015e (0x03100793) x15 0x00000031
core   0: 0x00010162 (0x02e7ec63) bltu    a5, a4, pc + 56
core   0: 0 0x00010162 (0x02e7ec63)
core   0: 0x0001019a (0xfec42783) lw      a5, -20(s0)
core   0: 0 0x0001019a (0xfec42783) x15 0x00000045 mem 0x7ffffd8c
core   0: 0x0001019e (0x00000785) c.addi  a5, 1
core   0: 0 0x0001019e (0x0785) x15 0x00000046
core   0: 0x000101a0 (0xfef42623) sw      a5, -20(s0)
core   0: 0 0x000101a0 (0xfef42623) mem 0x7ffffd8c 0x00000046
core   0: 0x000101a4 (0xfec42703) lw      a4, -20(s0)
core   0: 0 0x000101a4 (0xfec42703) x14 0x00000046 mem 0x7ffffd8c
core   0: 0x000101a8 (0x03100793) li      a5, 49
core   0: 0 0x000101a8 (0x03100793) x15 0x00000031
core   0: 0x000101ac (0x00e7e863) bltu    a5, a4, pc + 16
core   0: 0 0x000101ac (0x00e7e863)
core   0: 0x000101bc (0xfe842783) lw      a5, -24(s0)
core   0: 0 0x000101bc (0xfe842783) x15 0x00000013 mem 0x7ffffd88
core   0: 0x000101c0 (0x00008b85) c.andi  a5, 1
core   0: 0 0x000101c0 (0x8b85) x15 0x00000001
core   0: 0x000101c2 (0x0000e791) c.bnez  a5, pc + 12
core   0: 0 0x000101c2 (0xe791)
core   0: 0x000101ce (0xfe442783) lw      a5, -28(s0)
core   0: 0 0x000101ce (0xfe442783) x15 0x00000045 mem 0x7ffffd84
core   0: 0x000101d2 (0x00000785) c.addi  a5, 1
core   0: 0 0x000101d2 (0x0785) x15 0x00000046
core   0: 0x000101d4 (0xfef42223) sw      a5, -28(s0)
core   0: 0 0x000101d4 (0xfef42223) mem 0x7ffffd84 0x00000046
core   0: 0x000101d8 (0xfe442703) lw      a4, -28(s0)
core   0: 0 0x000101d8 (0xfe442703) x14 0x00000046 mem 0x7ffffd84
core   0: 0x000101dc (0x06300793) li      a5, 99
core   0: 0 0x000101dc (0x06300793) x15 0x00000063
core   0: 0x000101e0 (0xf6e7fde3) bgeu    a5, a4, pc - 134
core   0: 0 0x000101e0 (0xf6e7fde3)
core   0: 0x0001015a (0xfe442703) lw      a4, -28(s0)
core   0: 0 0x0001015a (0xfe442703) x14 0x00000046 mem 0x7ffffd84
core   0: 0x0001015e (0x03100793) li      a5, 49
core   0: 0 0x0001015e (0x03100793) x15 0x00000031
core   0: 0x00010162 (0x02e7ec63) bltu    a5, a4, pc + 56
core   0: 0 0x00010162 (0x02e7ec63)
core   0: 0x0001019a (0xfec42783) lw      a5, -20(s0)
core   0: 0 0x0001019a (0xfec42783) x15 0x00000046 mem 0x7ffffd8c
core   0: 0x0001019e (0x00000785) c.addi  a5, 1
core   0: 0 0x0001019e (0x0785) x15 0x00000047
core   0: 0x000101a0 (0xfef42623) sw      a5, -20(s0)
core   0: 0 0x000101a0 (0xfef42623) mem 0x7ffffd8c 0x00000047
core   0: 0x000101a4 (0xfec42703) lw      a4, -20(s0)
core   0: 0 0x000101a4 (0xfec42703) x14 0x00000047 mem 0x7ffffd8c
core   0: 0x000101a8 (0x03100793) li      a5, 49
core   0: 0 0x000101a8 (0x03100793) x15 0x00000031
core   0: 0x000101ac (0x00e7e863) bltu    a5, a4, pc + 16
core   0: 0 0x000101ac (0x00e7e863)
core   0: 0x000101bc (0xfe842783) lw      a5, -24(s0)
core   0: 0 0x000101bc (0xfe842783) x15 0x00000013 mem 0x7ffffd88
core   0: 0x000101c0 (0x00008b85) c.andi  a5, 1
core   0: 0 0x000101c0 (0x8b85) x15 0x00000001
core   0: 0x000101c2 (0x0000e791) c.bnez  a5, pc + 12
core   0: 0 0x000101c2 (0xe791)
core   0: 0x000101ce (0xfe442783) lw      a5, -28(s0)
core   0: 0 0x000101ce (0xfe442783) x15 0x00000046 mem 0x7ffffd84
core   0: 0x000101d2 (0x00000785) c.addi  a5, 1
core   0: 0 0x000101d2 (0x0785) x15 0x00000047
core   0: 0x000101d4 (0xfef42223) sw      a5, -28(s0)
core   0: 0 0x000101d4 (0xfef42223) mem 0x7ffffd84 0x00000047
core   0: 0x000101d8 (0xfe442703) lw      a4, -28(s0)
core   0: 0 0x000101d8 (0xfe442703) x14 0x00000047 mem 0x7ffffd84
core   0: 0x000101dc (0x06300793) li      a5, 99
core   0: 0 0x000101dc (0x06300793) x15 0x00000063
core   0: 0x000101e0 (0xf6e7fde3) bgeu    a5, a4, pc - 134
core   0: 0 0x000101e0 (0xf6e7fde3)
core   0: 0x0001015a (0xfe442703) lw      a4, -28(s0)
core   0: 0 0x0001015a (0xfe442703) x14 0x00000047 mem 0x7ffffd84
core   0: 0x0001015e (0x03100793) li      a5, 49
core   0: 0 0x0001015e (0x03100793) x15 0x00000031
core   0: 0x00010162 (0x02e7ec63) bltu    a5, a4, pc + 56
core   0: 0 0x00010162 (0x02e7ec63)
core   0: 0x0001019a (0xfec42783) lw      a5, -20(s0)
core   0: 0 0x0001019a (0xfec42783) x15 0x00000047 mem 0x7ffffd8c
core   0: 0x0001019e (0x00000785) c.addi  a5, 1
core   0: 0 0x0001019e (0x0785) x15 0x00000048
core   0: 0x000101a0 (0xfef42623) sw      a5, -20(s0)
core   0: 0 0x000101a0 (0xfef42623) mem 0x7ffffd8c 0x00000048
core   0: 0x000101a4 (0xfec42703) lw      a4, -20(s0)
core   0: 0 0x000101a4 (0xfec42703) x14 0x00000048 mem 0x7ffffd8c
core   0: 0x000101a8 (0x03100793) li      a5, 49
core   0: 0 0x000101a8 (0x03100793) x15 0x00000031
core   0: 0x000101ac (0x00e7e863) bltu    a5, a4, pc + 16
core   0: 0 0x000101ac (0x00e7e863)
core   0: 0x000101bc (0xfe842783) lw      a5, -24(s0)
core   0: 0 0x000101bc (0xfe842783) x15 0x00000013 mem 0x7ffffd88
core   0: 0x000101c0 (0x00008b85) c.andi  a5, 1
core   0: 0 0x000101c0 (0x8b85) x15 0x00000001
core   0: 0x000101c2 (0x0000e791) c.bnez  a5, pc + 12
core   0: 0 0x000101c2 (0xe791)
core   0: 0x000101ce (0xfe442783) lw      a5, -28(s0)
core   0: 0 0x000101ce (0xfe442783) x15 0x00000047 mem 0x7ffffd84
core   0: 0x000101d2 (0x00000785) c.addi  a5, 1
core   0: 0 0x000101d2 (0x0785) x15 0x00000048
core   0: 0x000101d4 (0xfef42223) sw      a5, -28(s0)
core   0: 0 0x000101d4 (0xfef42223) mem 0x7ffffd84 0x00000048
core   0: 0x000101d8 (0xfe442703) lw      a4, -28(s0)
core   0: 0 0x000101d8 (0xfe442703) x14 0x00000048 mem 0x7ffffd84
core   0: 0x000101dc (0x06300793) li      a5, 99
core   0: 0 0x000101dc (0x06300793) x15 0x00000063
core   0: 0x000101e0 (0xf6e7fde3) bgeu    a5, a4, pc - 134
core   0: 0 0x000101e0 (0xf6e7fde3)
core   0: 0x0001015a (0xfe442703) lw      a4, -28(s0)
core   0: 0 0x0001015a (0xfe442703) x14 0x00000048 mem 0x7ffffd84
core   0: 0x0001015e (0x03100793) li      a5, 49
core   0: 0 0x0001015e (0x03100793) x15 0x00000031
core   0: 0x00010162 (0x02e7ec63) bltu    a5, a4, pc + 56
core   0: 0 0x00010162 (0x02e7ec63)
core   0: 0x0001019a (0xfec42783) lw      a5, -20(s0)
core   0: 0 0x0001019a (0xfec42783) x15 0x00000048 mem 0x7ffffd8c
core   0: 0x0001019e (0x00000785) c.addi  a5, 1
core   0: 0 0x0001019e (0x0785) x15 0x00000049
core   0: 0x000101a0 (0xfef42623) sw      a5, -20(s0)
core   0: 0 0x000101a0 (0xfef42623) mem 0x7ffffd8c 0x00000049
core   0: 0x000101a4 (0xfec42703) lw      a4, -20(s0)
core   0: 0 0x000101a4 (0xfec42703) x14 0x00000049 mem 0x7ffffd8c
core   0: 0x000101a8 (0x03100793) li      a5, 49
core   0: 0 0x000101a8 (0x03100793) x15 0x00000031
core   0: 0x000101ac (0x00e7e863) bltu    a5, a4, pc + 16
core   0: 0 0x000101ac (0x00e7e863)
core   0: 0x000101bc (0xfe842783) lw      a5, -24(s0)
core   0: 0 0x000101bc (0xfe842783) x15 0x00000013 mem 0x7ffffd88
core   0: 0x000101c0 (0x00008b85) c.andi  a5, 1
core   0: 0 0x000101c0 (0x8b85) x15 0x00000001
core   0: 0x000101c2 (0x0000e791) c.bnez  a5, pc + 12
core   0: 0 0x000101c2 (0xe791)
core   0: 0x000101ce (0xfe442783) lw      a5, -28(s0)
core   0: 0 0x000101ce (0xfe442783) x15 0x00000048 mem 0x7ffffd84
core   0: 0x000101d2 (0x00000785) c.addi  a5, 1
core   0: 0 0x000101d2 (0x0785) x15 0x00000049
core   0: 0x000101d4 (0xfef42223) sw      a5, -28(s0)
core   0: 0 0x000101d4 (0xfef42223) mem 0x7ffffd84 0x00000049
core   0: 0x000101d8 (0xfe442703) lw      a4, -28(s0)
core   0: 0 0x000101d8 (0xfe442703) x14 0x00000049 mem 0x7ffffd84
core   0: 0x000101dc (0x06300793) li      a5, 99
core   0: 0 0x000101dc (0x06300793) x15 0x00000063
core   0: 0x000101e0 (0xf6e7fde3) bgeu    a5, a4, pc - 134
core   0: 0 0x000101e0 (0xf6e7fde3)
core   0: 0x0001015a (0xfe442703) lw      a4, -28(s0)
core   0: 0 0x0001015a (0xfe442703) x14 0x00000049 mem 0x7ffffd84
core   0: 0x0001015e (0x03100793) li      a5, 49
core   0: 0 0x0001015e (0x03100793) x15 0x00000031
core   0: 0x00010162 (0x02e7ec63) bltu    a5, a4, pc + 56
core   0: 0 0x00010162 (0x02e7ec63)
core   0: 0x0001019a (0xfec42783) lw      a5, -20(s0)
core   0: 0 0x0001019a (0xfec42783) x15 0x00000049 mem 0x7ffffd8c
core   0: 0x0001019e (0x00000785) c.addi  a5, 1
core   0: 0 0x0001019e (0x0785) x15 0x0000004a
core   0: 0x000101a0 (0xfef42623) sw      a5, -20(s0)
core   0: 0 0x000101a0 (0xfef42623) mem 0x7ffffd8c 0x0000004a
core   0: 0x000101a4 (0xfec42703) lw      a4, -20(s0)
core   0: 0 0x000101a4 (0xfec42703) x14 0x0000004a mem 0x7ffffd8c
core   0: 0x000101a8 (0x03100793) li      a5, 49
core   0: 0 0x000101a8 (0x03100793) x15 0x00000031
core   0: 0x000101ac (0x00e7e863) bltu    a5, a4, pc + 16
core   0: 0 0x000101ac (0x00e7e863)
core   0: 0x000101bc (0xfe842783) lw      a5, -24(s0)
core   0: 0 0x000101bc (0xfe842783) x15 0x00000013 mem 0x7ffffd88
core   0: 0x000101c0 (0x00008b85) c.andi  a5, 1
core   0: 0 0x000101c0 (0x8b85) x15 0x00000001
core   0: 0x000101c2 (0x0000e791) c.bnez  a5, pc + 12
core   0: 0 0x000101c2 (0xe791)
core   0: 0x000101ce (0xfe442783) lw      a5, -28(s0)
core   0: 0 0x000101ce (0xfe442783) x15 0x00000049 mem 0x7ffffd84
core   0: 0x000101d2 (0x00000785) c.addi  a5, 1
core   0: 0 0x000101d2 (0x0785) x15 0x0000004a
core   0: 0x000101d4 (0xfef42223) sw      a5, -28(s0)
core   0: 0 0x000101d4 (0xfef42223) mem 0x7ffffd84 0x0000004a
core   0: 0x000101d8 (0xfe442703) lw      a4, -28(s0)
core   0: 0 0x000101d8 (0xfe442703) x14 0x0000004a mem 0x7ffffd84
core   0: 0x000101dc (0x06300793) li      a5, 99
core   0: 0 0x000101dc (0x06300793) x15 0x00000063
core   0: 0x000101e0 (0xf6e7fde3) bgeu    a5, a4, pc - 134
core   0: 0 0x000101e0 (0xf6e7fde3)
core   0: 0x0001015a (0xfe442703) lw      a4, -28(s0)
core   0: 0 0x0001015a (0xfe442703) x14 0x0000004a mem 0x7ffffd84
core   0: 0x0001015e (0x03100793) li      a5, 49
core   0: 0 0x0001015e (0x03100793) x15 0x00000031
core   0: 0x00010162 (0x02e7ec63) bltu    a5, a4, pc + 56
core   0: 0 0x00010162 (0x02e7ec63)
core   0: 0x0001019a (0xfec42783) lw      a5, -20(s0)
core   0: 0 0x0001019a (0xfec42783) x15 0x0000004a mem 0x7ffffd8c
core   0: 0x0001019e (0x00000785) c.addi  a5, 1
core   0: 0 0x0001019e (0x0785) x15 0x0000004b
core   0: 0x000101a0 (0xfef42623) sw      a5, -20(s0)
core   0: 0 0x000101a0 (0xfef42623) mem 0x7ffffd8c 0x0000004b
core   0: 0x000101a4 (0xfec42703) lw      a4, -20(s0)
core   0: 0 0x000101a4 (0xfec42703) x14 0x0000004b mem 0x7ffffd8c
core   0: 0x000101a8 (0x03100793) li      a5, 49
core   0: 0 0x000101a8 (0x03100793) x15 0x00000031
core   0: 0x000101ac (0x00e7e863) bltu    a5, a4, pc + 16
core   0: 0 0x000101ac (0x00e7e863)
core   0: 0x000101bc (0xfe842783) lw      a5, -24(s0)
core   0: 0 0x000101bc (0xfe842783) x15 0x00000013 mem 0x7ffffd88
core   0: 0x000101c0 (0x00008b85) c.andi  a5, 1
core   0: 0 0x000101c0 (0x8b85) x15 0x00000001
core   0: 0x000101c2 (0x0000e791) c.bnez  a5, pc + 12
core   0: 0 0x000101c2 (0xe791)
core   0: 0x000101ce (0xfe442783) lw      a5, -28(s0)
core   0: 0 0x000101ce (0xfe442783) x15 0x0000004a mem 0x7ffffd84
core   0: 0x000101d2 (0x00000785) c.addi  a5, 1
core   0: 0 0x000101d2 (0x0785) x15 0x0000004b
core   0: 0x000101d4 (0xfef42223) sw      a5, -28(s0)
core   0: 0 0x000101d4 (0xfef42223) mem 0x7ffffd84 0x0000004b
core   0: 0x000101d8 (0xfe442703) lw      a4, -28(s0)
core   0: 0 0x000101d8 (0xfe442703) x14 0x0000004b mem 0x7ffffd84
core   0: 0x000101dc (0x06300793) li      a5, 99
core   0: 0 0x000101dc (0x06300793) x15 0x00000063
core   0: 0x000101e0 (0xf6e7fde3) bgeu    a5, a4, pc - 134
core   0: 0 0x000101e0 (0xf6e7fde3)
core   0: 0x0001015a (0xfe442703) lw      a4, -28(s0)
core   0: 0 0x0001015a (0xfe442703) x14 0x0000004b mem 0x7ffffd84
core   0: 0x0001015e (0x03100793) li      a5, 49
core   0: 0 0x0001015e (0x03100793) x15 0x00000031
core   0: 0x00010162 (0x02e7ec63) bltu    a5, a4, pc + 56
core   0: 0 0x00010162 (0x02e7ec63)
core   0: 0x0001019a (0xfec42783) lw      a5, -20(s0)
core   0: 0 0x0001019a (0xfec42783) x15 0x0000004b mem 0x7ffffd8c
core   0: 0x0001019e (0x00000785) c.addi  a5, 1
core   0: 0 0x0001019e (0x0785) x15 0x0000004c
core   0: 0x000101a0 (0xfef42623) sw      a5, -20(s0)
core   0: 0 0x000101a0 (0xfef42623) mem 0x7ffffd8c 0x0000004c
core   0: 0x000101a4 (0xfec42703) lw      a4, -20(s0)
core   0: 0 0x000101a4 (0xfec42703) x14 0x0000004c mem 0x7ffffd8c
core   0: 0x000101a8 (0x03100793) li      a5, 49
core   0: 0 0x000101a8 (0x03100793) x15 0x00000031
core   0: 0x000101ac (0x00e7e863) bltu    a5, a4, pc + 16
core   0: 0 0x000101ac (0x00e7e863)
core   0: 0x000101bc (0xfe842783) lw      a5, -24(s0)
core   0: 0 0x000101bc (0xfe842783) x15 0x00000013 mem 0x7ffffd88
core   0: 0x000101c0 (0x00008b85) c.andi  a5, 1
core   0: 0 0x000101c0 (0x8b85) x15 0x00000001
core   0: 0x000101c2 (0x0000e791) c.bnez  a5, pc + 12
core   0: 0 0x000101c2 (0xe791)
core   0: 0x000101ce (0xfe442783) lw      a5, -28(s0)
core   0: 0 0x000101ce (0xfe442783) x15 0x0000004b mem 0x7ffffd84
core   0: 0x000101d2 (0x00000785) c.addi  a5, 1
core   0: 0 0x000101d2 (0x0785) x15 0x0000004c
core   0: 0x000101d4 (0xfef42223) sw      a5, -28(s0)
core   0: 0 0x000101d4 (0xfef42223) mem 0x7ffffd84 0x0000004c
core   0: 0x000101d8 (0xfe442703) lw      a4, -28(s0)
core   0: 0 0x000101d8 (0xfe442703) x14 0x0000004c mem 0x7ffffd84
core   0: 0x000101dc (0x06300793) li      a5, 99
core   0: 0 0x000101dc (0x06300793) x15 0x00000063
core   0: 0x000101e0 (0xf6e7fde3) bgeu    a5, a4, pc - 134
core   0: 0 0x000101e0 (0xf6e7fde3)
core   0: 0x0001015a (0xfe442703) lw      a4, -28(s0)
core   0: 0 0x0001015a (0xfe442703) x14 0x0000004c mem 0x7ffffd84
core   0: 0x0001015e (0x03100793) li      a5, 49
core   0: 0 0x0001015e (0x03100793) x15 0x00000031
core   0: 0x00010162 (0x02e7ec63) bltu    a5, a4, pc + 56
core   0: 0 0x00010162 (0x02e7ec63)
core   0: 0x0001019a (0xfec42783) lw      a5, -20(s0)
core   0: 0 0x0001019a (0xfec42783) x15 0x0000004c mem 0x7ffffd8c
core   0: 0x0001019e (0x00000785) c.addi  a5, 1
core   0: 0 0x0001019e (0x0785) x15 0x0000004d
core   0: 0x000101a0 (0xfef42623) sw      a5, -20(s0)
core   0: 0 0x000101a0 (0xfef42623) mem 0x7ffffd8c 0x0000004d
core   0: 0x000101a4 (0xfec42703) lw      a4, -20(s0)
core   0: 0 0x000101a4 (0xfec42703) x14 0x0000004d mem 0x7ffffd8c
core   0: 0x000101a8 (0x03100793) li      a5, 49
core   0: 0 0x000101a8 (0x03100793) x15 0x00000031
core   0: 0x000101ac (0x00e7e863) bltu    a5, a4, pc + 16
core   0: 0 0x000101ac (0x00e7e863)
core   0: 0x000101bc (0xfe842783) lw      a5, -24(s0)
core   0: 0 0x000101bc (0xfe842783) x15 0x00000013 mem 0x7ffffd88
core   0: 0x000101c0 (0x00008b85) c.andi  a5, 1
core   0: 0 0x000101c0 (0x8b85) x15 0x00000001
core   0: 0x000101c2 (0x0000e791) c.bnez  a5, pc + 12
core   0: 0 0x000101c2 (0xe791)
core   0: 0x000101ce (0xfe442783) lw      a5, -28(s0)
core   0: 0 0x000101ce (0xfe442783) x15 0x0000004c mem 0x7ffffd84
core   0: 0x000101d2 (0x00000785) c.addi  a5, 1
core   0: 0 0x000101d2 (0x0785) x15 0x0000004d
core   0: 0x000101d4 (0xfef42223) sw      a5, -28(s0)
core   0: 0 0x000101d4 (0xfef42223) mem 0x7ffffd84 0x0000004d
core   0: 0x000101d8 (0xfe442703) lw      a4, -28(s0)
core   0: 0 0x000101d8 (0xfe442703) x14 0x0000004d mem 0x7ffffd84
core   0: 0x000101dc (0x06300793) li      a5, 99
core   0: 0 0x000101dc (0x06300793) x15 0x00000063
core   0: 0x000101e0 (0xf6e7fde3) bgeu    a5, a4, pc - 134
core   0: 0 0x000101e0 (0xf6e7fde3)
core   0: 0x0001015a (0xfe442703) lw      a4, -28(s0)
core   0: 0 0x0001015a (0xfe442703) x14 0x0000004d mem 0x7ffffd84
core   0: 0x0001015e (0x03100793) li      a5, 49
core   0: 0 0x0001015e (0x03100793) x15 0x00000031
core   0: 0x00010162 (0x02e7ec63) bltu    a5, a4, pc + 56
core   0: 0 0x00010162 (0x02e7ec63)
core   0: 0x0001019a (0xfec42783) lw      a5, -20(s0)
core   0: 0 0x0001019a (0xfec42783) x15 0x0000004d mem 0x7ffffd8c
core   0: 0x0001019e (0x00000785) c.addi  a5, 1
core   0: 0 0x0001019e (0x0785) x15 0x0000004e
core   0: 0x000101a0 (0xfef42623) sw      a5, -20(s0)
core   0: 0 0x000101a0 (0xfef42623) mem 0x7ffffd8c 0x0000004e
core   0: 0x000101a4 (0xfec42703) lw      a4, -20(s0)
core   0: 0 0x000101a4 (0xfec42703) x14 0x0000004e mem 0x7ffffd8c
core   0: 0x000101a8 (0x03100793) li      a5, 49
core   0: 0 0x000101a8 (0x03100793) x15 0x00000031
core   0: 0x000101ac (0x00e7e863) bltu    a5, a4, pc + 16
core   0: 0 0x000101ac (0x00e7e863)
core   0: 0x000101bc (0xfe842783) lw      a5, -24(s0)
core   0: 0 0x000101bc (0xfe842783) x15 0x00000013 mem 0x7ffffd88
core   0: 0x000101c0 (0x00008b85) c.andi  a5, 1
core   0: 0 0x000101c0 (0x8b85) x15 0x00000001
core   0: 0x000101c2 (0x0000e791) c.bnez  a5, pc + 12
core   0: 0 0x000101c2 (0xe791)
core   0: 0x000101ce (0xfe442783) lw      a5, -28(s0)
core   0: 0 0x000101ce (0xfe442783) x15 0x0000004d mem 0x7ffffd84
core   0: 0x000101d2 (0x00000785) c.addi  a5, 1
core   0: 0 0x000101d2 (0x0785) x15 0x0000004e
core   0: 0x000101d4 (0xfef42223) sw      a5, -28(s0)
core   0: 0 0x000101d4 (0xfef42223) mem 0x7ffffd84 0x0000004e
core   0: 0x000101d8 (0xfe442703) lw      a4, -28(s0)
core   0: 0 0x000101d8 (0xfe442703) x14 0x0000004e mem 0x7ffffd84
core   0: 0x000101dc (0x06300793) li      a5, 99
core   0: 0 0x000101dc (0x06300793) x15 0x00000063
core   0: 0x000101e0 (0xf6e7fde3) bgeu    a5, a4, pc - 134
core   0: 0 0x000101e0 (0xf6e7fde3)
core   0: 0x0001015a (0xfe442703) lw      a4, -28(s0)
core   0: 0 0x0001015a (0xfe442703) x14 0x0000004e mem 0x7ffffd84
core   0: 0x0001015e (0x03100793) li      a5, 49
core   0: 0 0x0001015e (0x03100793) x15 0x00000031
core   0: 0x00010162 (0x02e7ec63) bltu    a5, a4, pc + 56
core   0: 0 0x00010162 (0x02e7ec63)
core   0: 0x0001019a (0xfec42783) lw      a5, -20(s0)
core   0: 0 0x0001019a (0xfec42783) x15 0x0000004e mem 0x7ffffd8c
core   0: 0x0001019e (0x00000785) c.addi  a5, 1
core   0: 0 0x0001019e (0x0785) x15 0x0000004f
core   0: 0x000101a0 (0xfef42623) sw      a5, -20(s0)
core   0: 0 0x000101a0 (0xfef42623) mem 0x7ffffd8c 0x0000004f
core   0: 0x000101a4 (0xfec42703) lw      a4, -20(s0)
core   0: 0 0x000101a4 (0xfec42703) x14 0x0000004f mem 0x7ffffd8c
core   0: 0x000101a8 (0x03100793) li      a5, 49
core   0: 0 0x000101a8 (0x03100793) x15 0x00000031
core   0: 0x000101ac (0x00e7e863) bltu    a5, a4, pc + 16
core   0: 0 0x000101ac (0x00e7e863)
core   0: 0x000101bc (0xfe842783) lw      a5, -24(s0)
core   0: 0 0x000101bc (0xfe842783) x15 0x00000013 mem 0x7ffffd88
core   0: 0x000101c0 (0x00008b85) c.andi  a5, 1
core   0: 0 0x000101c0 (0x8b85) x15 0x00000001
core   0: 0x000101c2 (0x0000e791) c.bnez  a5, pc + 12
core   0: 0 0x000101c2 (0xe791)
core   0: 0x000101ce (0xfe442783) lw      a5, -28(s0)
core   0: 0 0x000101ce (0xfe442783) x15 0x0000004e mem 0x7ffffd84
core   0: 0x000101d2 (0x00000785) c.addi  a5, 1
core   0: 0 0x000101d2 (0x0785) x15 0x0000004f
core   0: 0x000101d4 (0xfef42223) sw      a5, -28(s0)
core   0: 0 0x000101d4 (0xfef42223) mem 0x7ffffd84 0x0000004f
core   0: 0x000101d8 (0xfe442703) lw      a4, -28(s0)
core   0: 0 0x000101d8 (0xfe442703) x14 0x0000004f mem 0x7ffffd84
core   0: 0x000101dc (0x06300793) li      a5, 99
core   0: 0 0x000101dc (0x06300793) x15 0x00000063
core   0: 0x000101e0 (0xf6e7fde3) bgeu    a5, a4, pc - 134
core   0: 0 0x000101e0 (0xf6e7fde3)
core   0: 0x0001015a (0xfe442703) lw      a4, -28(s0)
core   0: 0 0x0001015a (0xfe442703) x14 0x0000004f mem 0x7ffffd84
core   0: 0x0001015e (0x03100793) li      a5, 49
core   0: 0 0x0001015e (0x03100793) x15 0x00000031
core   0: 0x00010162 (0x02e7ec63) bltu    a5, a4, pc + 56
core   0: 0 0x00010162 (0x02e7ec63)
core   0: 0x0001019a (0xfec42783) lw      a5, -20(s0)
core   0: 0 0x0001019a (0xfec42783) x15 0x0000004f mem 0x7ffffd8c
core   0: 0x0001019e (0x00000785) c.addi  a5, 1
core   0: 0 0x0001019e (0x0785) x15 0x00000050
core   0: 0x000101a0 (0xfef42623) sw      a5, -20(s0)
core   0: 0 0x000101a0 (0xfef42623) mem 0x7ffffd8c 0x00000050
core   0: 0x000101a4 (0xfec42703) lw      a4, -20(s0)
core   0: 0 0x000101a4 (0xfec42703) x14 0x00000050 mem 0x7ffffd8c
core   0: 0x000101a8 (0x03100793) li      a5, 49
core   0: 0 0x000101a8 (0x03100793) x15 0x00000031
core   0: 0x000101ac (0x00e7e863) bltu    a5, a4, pc + 16
core   0: 0 0x000101ac (0x00e7e863)
core   0: 0x000101bc (0xfe842783) lw      a5, -24(s0)
core   0: 0 0x000101bc (0xfe842783) x15 0x00000013 mem 0x7ffffd88
core   0: 0x000101c0 (0x00008b85) c.andi  a5, 1
core   0: 0 0x000101c0 (0x8b85) x15 0x00000001
core   0: 0x000101c2 (0x0000e791) c.bnez  a5, pc + 12
core   0: 0 0x000101c2 (0xe791)
core   0: 0x000101ce (0xfe442783) lw      a5, -28(s0)
core   0: 0 0x000101ce (0xfe442783) x15 0x0000004f mem 0x7ffffd84
core   0: 0x000101d2 (0x00000785) c.addi  a5, 1
core   0: 0 0x000101d2 (0x0785) x15 0x00000050
core   0: 0x000101d4 (0xfef42223) sw      a5, -28(s0)
core   0: 0 0x000101d4 (0xfef42223) mem 0x7ffffd84 0x00000050
core   0: 0x000101d8 (0xfe442703) lw      a4, -28(s0)
core   0: 0 0x000101d8 (0xfe442703) x14 0x00000050 mem 0x7ffffd84
core   0: 0x000101dc (0x06300793) li      a5, 99
core   0: 0 0x000101dc (0x06300793) x15 0x00000063
core   0: 0x000101e0 (0xf6e7fde3) bgeu    a5, a4, pc - 134
core   0: 0 0x000101e0 (0xf6e7fde3)
core   0: 0x0001015a (0xfe442703) lw      a4, -28(s0)
core   0: 0 0x0001015a (0xfe442703) x14 0x00000050 mem 0x7ffffd84
core   0: 0x0001015e (0x03100793) li      a5, 49
core   0: 0 0x0001015e (0x03100793) x15 0x00000031
core   0: 0x00010162 (0x02e7ec63) bltu    a5, a4, pc + 56
core   0: 0 0x00010162 (0x02e7ec63)
core   0: 0x0001019a (0xfec42783) lw      a5, -20(s0)
core   0: 0 0x0001019a (0xfec42783) x15 0x00000050 mem 0x7ffffd8c
core   0: 0x0001019e (0x00000785) c.addi  a5, 1
core   0: 0 0x0001019e (0x0785) x15 0x00000051
core   0: 0x000101a0 (0xfef42623) sw      a5, -20(s0)
core   0: 0 0x000101a0 (0xfef42623) mem 0x7ffffd8c 0x00000051
core   0: 0x000101a4 (0xfec42703) lw      a4, -20(s0)
core   0: 0 0x000101a4 (0xfec42703) x14 0x00000051 mem 0x7ffffd8c
core   0: 0x000101a8 (0x03100793) li      a5, 49
core   0: 0 0x000101a8 (0x03100793) x15 0x00000031
core   0: 0x000101ac (0x00e7e863) bltu    a5, a4, pc + 16
core   0: 0 0x000101ac (0x00e7e863)
core   0: 0x000101bc (0xfe842783) lw      a5, -24(s0)
core   0: 0 0x000101bc (0xfe842783) x15 0x00000013 mem 0x7ffffd88
core   0: 0x000101c0 (0x00008b85) c.andi  a5, 1
core   0: 0 0x000101c0 (0x8b85) x15 0x00000001
core   0: 0x000101c2 (0x0000e791) c.bnez  a5, pc + 12
core   0: 0 0x000101c2 (0xe791)
core   0: 0x000101ce (0xfe442783) lw      a5, -28(s0)
core   0: 0 0x000101ce (0xfe442783) x15 0x00000050 mem 0x7ffffd84
core   0: 0x000101d2 (0x00000785) c.addi  a5, 1
core   0: 0 0x000101d2 (0x0785) x15 0x00000051
core   0: 0x000101d4 (0xfef42223) sw      a5, -28(s0)
core   0: 0 0x000101d4 (0xfef42223) mem 0x7ffffd84 0x00000051
core   0: 0x000101d8 (0xfe442703) lw      a4, -28(s0)
core   0: 0 0x000101d8 (0xfe442703) x14 0x00000051 mem 0x7ffffd84
core   0: 0x000101dc (0x06300793) li      a5, 99
core   0: 0 0x000101dc (0x06300793) x15 0x00000063
core   0: 0x000101e0 (0xf6e7fde3) bgeu    a5, a4, pc - 134
core   0: 0 0x000101e0 (0xf6e7fde3)
core   0: 0x0001015a (0xfe442703) lw      a4, -28(s0)
core   0: 0 0x0001015a (0xfe442703) x14 0x00000051 mem 0x7ffffd84
core   0: 0x0001015e (0x03100793) li      a5, 49
core   0: 0 0x0001015e (0x03100793) x15 0x00000031
core   0: 0x00010162 (0x02e7ec63) bltu    a5, a4, pc + 56
core   0: 0 0x00010162 (0x02e7ec63)
core   0: 0x0001019a (0xfec42783) lw      a5, -20(s0)
core   0: 0 0x0001019a (0xfec42783) x15 0x00000051 mem 0x7ffffd8c
core   0: 0x0001019e (0x00000785) c.addi  a5, 1
core   0: 0 0x0001019e (0x0785) x15 0x00000052
core   0: 0x000101a0 (0xfef42623) sw      a5, -20(s0)
core   0: 0 0x000101a0 (0xfef42623) mem 0x7ffffd8c 0x00000052
core   0: 0x000101a4 (0xfec42703) lw      a4, -20(s0)
core   0: 0 0x000101a4 (0xfec42703) x14 0x00000052 mem 0x7ffffd8c
core   0: 0x000101a8 (0x03100793) li      a5, 49
core   0: 0 0x000101a8 (0x03100793) x15 0x00000031
core   0: 0x000101ac (0x00e7e863) bltu    a5, a4, pc + 16
core   0: 0 0x000101ac (0x00e7e863)
core   0: 0x000101bc (0xfe842783) lw      a5, -24(s0)
core   0: 0 0x000101bc (0xfe842783) x15 0x00000013 mem 0x7ffffd88
core   0: 0x000101c0 (0x00008b85) c.andi  a5, 1
core   0: 0 0x000101c0 (0x8b85) x15 0x00000001
core   0: 0x000101c2 (0x0000e791) c.bnez  a5, pc + 12
core   0: 0 0x000101c2 (0xe791)
core   0: 0x000101ce (0xfe442783) lw      a5, -28(s0)
core   0: 0 0x000101ce (0xfe442783) x15 0x00000051 mem 0x7ffffd84
core   0: 0x000101d2 (0x00000785) c.addi  a5, 1
core   0: 0 0x000101d2 (0x0785) x15 0x00000052
core   0: 0x000101d4 (0xfef42223) sw      a5, -28(s0)
core   0: 0 0x000101d4 (0xfef42223) mem 0x7ffffd84 0x00000052
core   0: 0x000101d8 (0xfe442703) lw      a4, -28(s0)
core   0: 0 0x000101d8 (0xfe442703) x14 0x00000052 mem 0x7ffffd84
core   0: 0x000101dc (0x06300793) li      a5, 99
core   0: 0 0x000101dc (0x06300793) x15 0x00000063
core   0: 0x000101e0 (0xf6e7fde3) bgeu    a5, a4, pc - 134
core   0: 0 0x000101e0 (0xf6e7fde3)
core   0: 0x0001015a (0xfe442703) lw      a4, -28(s0)
core   0: 0 0x0001015a (0xfe442703) x14 0x00000052 mem 0x7ffffd84
core   0: 0x0001015e (0x03100793) li      a5, 49
core   0: 0 0x0001015e (0x03100793) x15 0x00000031
core   0: 0x00010162 (0x02e7ec63) bltu    a5, a4, pc + 56
core   0: 0 0x00010162 (0x02e7ec63)
core   0: 0x0001019a (0xfec42783) lw      a5, -20(s0)
core   0: 0 0x0001019a (0xfec42783) x15 0x00000052 mem 0x7ffffd8c
core   0: 0x0001019e (0x00000785) c.addi  a5, 1
core   0: 0 0x0001019e (0x0785) x15 0x00000053
core   0: 0x000101a0 (0xfef42623) sw      a5, -20(s0)
core   0: 0 0x000101a0 (0xfef42623) mem 0x7ffffd8c 0x00000053
core   0: 0x000101a4 (0xfec42703) lw      a4, -20(s0)
core   0: 0 0x000101a4 (0xfec42703) x14 0x00000053 mem 0x7ffffd8c
core   0: 0x000101a8 (0x03100793) li      a5, 49
core   0: 0 0x000101a8 (0x03100793) x15 0x00000031
core   0: 0x000101ac (0x00e7e863) bltu    a5, a4, pc + 16
core   0: 0 0x000101ac (0x00e7e863)
core   0: 0x000101bc (0xfe842783) lw      a5, -24(s0)
core   0: 0 0x000101bc (0xfe842783) x15 0x00000013 mem 0x7ffffd88
core   0: 0x000101c0 (0x00008b85) c.andi  a5, 1
core   0: 0 0x000101c0 (0x8b85) x15 0x00000001
core   0: 0x000101c2 (0x0000e791) c.bnez  a5, pc + 12
core   0: 0 0x000101c2 (0xe791)
core   0: 0x000101ce (0xfe442783) lw      a5, -28(s0)
core   0: 0 0x000101ce (0xfe442783) x15 0x00000052 mem 0x7ffffd84
core   0: 0x000101d2 (0x00000785) c.addi  a5, 1
core   0: 0 0x000101d2 (0x0785) x15 0x00000053
core   0: 0x000101d4 (0xfef42223) sw      a5, -28(s0)
core   0: 0 0x000101d4 (0xfef42223) mem 0x7ffffd84 0x00000053
core   0: 0x000101d8 (0xfe442703) lw      a4, -28(s0)
core   0: 0 0x000101d8 (0xfe442703) x14 0x00000053 mem 0x7ffffd84
core   0: 0x000101dc (0x06300793) li      a5, 99
core   0: 0 0x000101dc (0x06300793) x15 0x00000063
core   0: 0x000101e0 (0xf6e7fde3) bgeu    a5, a4, pc - 134
core   0: 0 0x000101e0 (0xf6e7fde3)
core   0: 0x0001015a (0xfe442703) lw      a4, -28(s0)
core   0: 0 0x0001015a (0xfe442703) x14 0x00000053 mem 0x7ffffd84
core   0: 0x0001015e (0x03100793) li      a5, 49
core   0: 0 0x0001015e (0x03100793) x15 0x00000031
core   0: 0x00010162 (0x02e7ec63) bltu    a5, a4, pc + 56
core   0: 0 0x00010162 (0x02e7ec63)
core   0: 0x0001019a (0xfec42783) lw      a5, -20(s0)
core   0: 0 0x0001019a (0xfec42783) x15 0x00000053 mem 0x7ffffd8c
core   0: 0x0001019e (0x00000785) c.addi  a5, 1
core   0: 0 0x0001019e (0x0785) x15 0x00000054
core   0: 0x000101a0 (0xfef42623) sw      a5, -20(s0)
core   0: 0 0x000101a0 (0xfef42623) mem 0x7ffffd8c 0x00000054
core   0: 0x000101a4 (0xfec42703) lw      a4, -20(s0)
core   0: 0 0x000101a4 (0xfec42703) x14 0x00000054 mem 0x7ffffd8c
core   0: 0x000101a8 (0x03100793) li      a5, 49
core   0: 0 0x000101a8 (0x03100793) x15 0x00000031
core   0: 0x000101ac (0x00e7e863) bltu    a5, a4, pc + 16
core   0: 0 0x000101ac (0x00e7e863)
core   0: 0x000101bc (0xfe842783) lw      a5, -24(s0)
core   0: 0 0x000101bc (0xfe842783) x15 0x00000013 mem 0x7ffffd88
core   0: 0x000101c0 (0x00008b85) c.andi  a5, 1
core   0: 0 0x000101c0 (0x8b85) x15 0x00000001
core   0: 0x000101c2 (0x0000e791) c.bnez  a5, pc + 12
core   0: 0 0x000101c2 (0xe791)
core   0: 0x000101ce (0xfe442783) lw      a5, -28(s0)
core   0: 0 0x000101ce (0xfe442783) x15 0x00000053 mem 0x7ffffd84
core   0: 0x000101d2 (0x00000785) c.addi  a5, 1
core   0: 0 0x000101d2 (0x0785) x15 0x00000054
core   0: 0x000101d4 (0xfef42223) sw      a5, -28(s0)
core   0: 0 0x000101d4 (0xfef42223) mem 0x7ffffd84 0x00000054
core   0: 0x000101d8 (0xfe442703) lw      a4, -28(s0)
core   0: 0 0x000101d8 (0xfe442703) x14 0x00000054 mem 0x7ffffd84
core   0: 0x000101dc (0x06300793) li      a5, 99
core   0: 0 0x000101dc (0x06300793) x15 0x00000063
core   0: 0x000101e0 (0xf6e7fde3) bgeu    a5, a4, pc - 134
core   0: 0 0x000101e0 (0xf6e7fde3)
core   0: 0x0001015a (0xfe442703) lw      a4, -28(s0)
core   0: 0 0x0001015a (0xfe442703) x14 0x00000054 mem 0x7ffffd84
core   0: 0x0001015e (0x03100793) li      a5, 49
core   0: 0 0x0001015e (0x03100793) x15 0x00000031
core   0: 0x00010162 (0x02e7ec63) bltu    a5, a4, pc + 56
core   0: 0 0x00010162 (0x02e7ec63)
core   0: 0x0001019a (0xfec42783) lw      a5, -20(s0)
core   0: 0 0x0001019a (0xfec42783) x15 0x00000054 mem 0x7ffffd8c
core   0: 0x0001019e (0x00000785) c.addi  a5, 1
core   0: 0 0x0001019e (0x0785) x15 0x00000055
core   0: 0x000101a0 (0xfef42623) sw      a5, -20(s0)
core   0: 0 0x000101a0 (0xfef42623) mem 0x7ffffd8c 0x00000055
core   0: 0x000101a4 (0xfec42703) lw      a4, -20(s0)
core   0: 0 0x000101a4 (0xfec42703) x14 0x00000055 mem 0x7ffffd8c
core   0: 0x000101a8 (0x03100793) li      a5, 49
core   0: 0 0x000101a8 (0x03100793) x15 0x00000031
core   0: 0x000101ac (0x00e7e863) bltu    a5, a4, pc + 16
core   0: 0 0x000101ac (0x00e7e863)
core   0: 0x000101bc (0xfe842783) lw      a5, -24(s0)
core   0: 0 0x000101bc (0xfe842783) x15 0x00000013 mem 0x7ffffd88
core   0: 0x000101c0 (0x00008b85) c.andi  a5, 1
core   0: 0 0x000101c0 (0x8b85) x15 0x00000001
core   0: 0x000101c2 (0x0000e791) c.bnez  a5, pc + 12
core   0: 0 0x000101c2 (0xe791)
core   0: 0x000101ce (0xfe442783) lw      a5, -28(s0)
core   0: 0 0x000101ce (0xfe442783) x15 0x00000054 mem 0x7ffffd84
core   0: 0x000101d2 (0x00000785) c.addi  a5, 1
core   0: 0 0x000101d2 (0x0785) x15 0x00000055
core   0: 0x000101d4 (0xfef42223) sw      a5, -28(s0)
core   0: 0 0x000101d4 (0xfef42223) mem 0x7ffffd84 0x00000055
core   0: 0x000101d8 (0xfe442703) lw      a4, -28(s0)
core   0: 0 0x000101d8 (0xfe442703) x14 0x00000055 mem 0x7ffffd84
core   0: 0x000101dc (0x06300793) li      a5, 99
core   0: 0 0x000101dc (0x06300793) x15 0x00000063
core   0: 0x000101e0 (0xf6e7fde3) bgeu    a5, a4, pc - 134
core   0: 0 0x000101e0 (0xf6e7fde3)
core   0: 0x0001015a (0xfe442703) lw      a4, -28(s0)
core   0: 0 0x0001015a (0xfe442703) x14 0x00000055 mem 0x7ffffd84
core   0: 0x0001015e (0x03100793) li      a5, 49
core   0: 0 0x0001015e (0x03100793) x15 0x00000031
core   0: 0x00010162 (0x02e7ec63) bltu    a5, a4, pc + 56
core   0: 0 0x00010162 (0x02e7ec63)
core   0: 0x0001019a (0xfec42783) lw      a5, -20(s0)
core   0: 0 0x0001019a (0xfec42783) x15 0x00000055 mem 0x7ffffd8c
core   0: 0x0001019e (0x00000785) c.addi  a5, 1
core   0: 0 0x0001019e (0x0785) x15 0x00000056
core   0: 0x000101a0 (0xfef42623) sw      a5, -20(s0)
core   0: 0 0x000101a0 (0xfef42623) mem 0x7ffffd8c 0x00000056
core   0: 0x000101a4 (0xfec42703) lw      a4, -20(s0)
core   0: 0 0x000101a4 (0xfec42703) x14 0x00000056 mem 0x7ffffd8c
core   0: 0x000101a8 (0x03100793) li      a5, 49
core   0: 0 0x000101a8 (0x03100793) x15 0x00000031
core   0: 0x000101ac (0x00e7e863) bltu    a5, a4, pc + 16
core   0: 0 0x000101ac (0x00e7e863)
core   0: 0x000101bc (0xfe842783) lw      a5, -24(s0)
core   0: 0 0x000101bc (0xfe842783) x15 0x00000013 mem 0x7ffffd88
core   0: 0x000101c0 (0x00008b85) c.andi  a5, 1
core   0: 0 0x000101c0 (0x8b85) x15 0x00000001
core   0: 0x000101c2 (0x0000e791) c.bnez  a5, pc + 12
core   0: 0 0x000101c2 (0xe791)
core   0: 0x000101ce (0xfe442783) lw      a5, -28(s0)
core   0: 0 0x000101ce (0xfe442783) x15 0x00000055 mem 0x7ffffd84
core   0: 0x000101d2 (0x00000785) c.addi  a5, 1
core   0: 0 0x000101d2 (0x0785) x15 0x00000056
core   0: 0x000101d4 (0xfef42223) sw      a5, -28(s0)
core   0: 0 0x000101d4 (0xfef42223) mem 0x7ffffd84 0x00000056
core   0: 0x000101d8 (0xfe442703) lw      a4, -28(s0)
core   0: 0 0x000101d8 (0xfe442703) x14 0x00000056 mem 0x7ffffd84
core   0: 0x000101dc (0x06300793) li      a5, 99
core   0: 0 0x000101dc (0x06300793) x15 0x00000063
core   0: 0x000101e0 (0xf6e7fde3) bgeu    a5, a4, pc - 134
core   0: 0 0x000101e0 (0xf6e7fde3)
core   0: 0x0001015a (0xfe442703) lw      a4, -28(s0)
core   0: 0 0x0001015a (0xfe442703) x14 0x00000056 mem 0x7ffffd84
core   0: 0x0001015e (0x03100793) li      a5, 49
core   0: 0 0x0001015e (0x03100793) x15 0x00000031
core   0: 0x00010162 (0x02e7ec63) bltu    a5, a4, pc + 56
core   0: 0 0x00010162 (0x02e7ec63)
core   0: 0x0001019a (0xfec42783) lw      a5, -20(s0)
core   0: 0 0x0001019a (0xfec42783) x15 0x00000056 mem 0x7ffffd8c
core   0: 0x0001019e (0x00000785) c.addi  a5, 1
core   0: 0 0x0001019e (0x0785) x15 0x00000057
core   0: 0x000101a0 (0xfef42623) sw      a5, -20(s0)
core   0: 0 0x000101a0 (0xfef42623) mem 0x7ffffd8c 0x00000057
core   0: 0x000101a4 (0xfec42703) lw      a4, -20(s0)
core   0: 0 0x000101a4 (0xfec42703) x14 0x00000057 mem 0x7ffffd8c
core   0: 0x000101a8 (0x03100793) li      a5, 49
core   0: 0 0x000101a8 (0x03100793) x15 0x00000031
core   0: 0x000101ac (0x00e7e863) bltu    a5, a4, pc + 16
core   0: 0 0x000101ac (0x00e7e863)
core   0: 0x000101bc (0xfe842783) lw      a5, -24(s0)
core   0: 0 0x000101bc (0xfe842783) x15 0x00000013 mem 0x7ffffd88
core   0: 0x000101c0 (0x00008b85) c.andi  a5, 1
core   0: 0 0x000101c0 (0x8b85) x15 0x00000001
core   0: 0x000101c2 (0x0000e791) c.bnez  a5, pc + 12
core   0: 0 0x000101c2 (0xe791)
core   0: 0x000101ce (0xfe442783) lw      a5, -28(s0)
core   0: 0 0x000101ce (0xfe442783) x15 0x00000056 mem 0x7ffffd84
core   0: 0x000101d2 (0x00000785) c.addi  a5, 1
core   0: 0 0x000101d2 (0x0785) x15 0x00000057
core   0: 0x000101d4 (0xfef42223) sw      a5, -28(s0)
core   0: 0 0x000101d4 (0xfef42223) mem 0x7ffffd84 0x00000057
core   0: 0x000101d8 (0xfe442703) lw      a4, -28(s0)
core   0: 0 0x000101d8 (0xfe442703) x14 0x00000057 mem 0x7ffffd84
core   0: 0x000101dc (0x06300793) li      a5, 99
core   0: 0 0x000101dc (0x06300793) x15 0x00000063
core   0: 0x000101e0 (0xf6e7fde3) bgeu    a5, a4, pc - 134
core   0: 0 0x000101e0 (0xf6e7fde3)
core   0: 0x0001015a (0xfe442703) lw      a4, -28(s0)
core   0: 0 0x0001015a (0xfe442703) x14 0x00000057 mem 0x7ffffd84
core   0: 0x0001015e (0x03100793) li      a5, 49
core   0: 0 0x0001015e (0x03100793) x15 0x00000031
core   0: 0x00010162 (0x02e7ec63) bltu    a5, a4, pc + 56
core   0: 0 0x00010162 (0x02e7ec63)
core   0: 0x0001019a (0xfec42783) lw      a5, -20(s0)
core   0: 0 0x0001019a (0xfec42783) x15 0x00000057 mem 0x7ffffd8c
core   0: 0x0001019e (0x00000785) c.addi  a5, 1
core   0: 0 0x0001019e (0x0785) x15 0x00000058
core   0: 0x000101a0 (0xfef42623) sw      a5, -20(s0)
core   0: 0 0x000101a0 (0xfef42623) mem 0x7ffffd8c 0x00000058
core   0: 0x000101a4 (0xfec42703) lw      a4, -20(s0)
core   0: 0 0x000101a4 (0xfec42703) x14 0x00000058 mem 0x7ffffd8c
core   0: 0x000101a8 (0x03100793) li      a5, 49
core   0: 0 0x000101a8 (0x03100793) x15 0x00000031
core   0: 0x000101ac (0x00e7e863) bltu    a5, a4, pc + 16
core   0: 0 0x000101ac (0x00e7e863)
core   0: 0x000101bc (0xfe842783) lw      a5, -24(s0)
core   0: 0 0x000101bc (0xfe842783) x15 0x00000013 mem 0x7ffffd88
core   0: 0x000101c0 (0x00008b85) c.andi  a5, 1
core   0: 0 0x000101c0 (0x8b85) x15 0x00000001
core   0: 0x000101c2 (0x0000e791) c.bnez  a5, pc + 12
core   0: 0 0x000101c2 (0xe791)
core   0: 0x000101ce (0xfe442783) lw      a5, -28(s0)
core   0: 0 0x000101ce (0xfe442783) x15 0x00000057 mem 0x7ffffd84
core   0: 0x000101d2 (0x00000785) c.addi  a5, 1
core   0: 0 0x000101d2 (0x0785) x15 0x00000058
core   0: 0x000101d4 (0xfef42223) sw      a5, -28(s0)
core   0: 0 0x000101d4 (0xfef42223) mem 0x7ffffd84 0x00000058
core   0: 0x000101d8 (0xfe442703) lw      a4, -28(s0)
core   0: 0 0x000101d8 (0xfe442703) x14 0x00000058 mem 0x7ffffd84
core   0: 0x000101dc (0x06300793) li      a5, 99
core   0: 0 0x000101dc (0x06300793) x15 0x00000063
core   0: 0x000101e0 (0xf6e7fde3) bgeu    a5, a4, pc - 134
core   0: 0 0x000101e0 (0xf6e7fde3)
core   0: 0x0001015a (0xfe442703) lw      a4, -28(s0)
core   0: 0 0x0001015a (0xfe442703) x14 0x00000058 mem 0x7ffffd84
core   0: 0x0001015e (0x03100793) li      a5, 49
core   0: 0 0x0001015e (0x03100793) x15 0x00000031
core   0: 0x00010162 (0x02e7ec63) bltu    a5, a4, pc + 56
core   0: 0 0x00010162 (0x02e7ec63)
core   0: 0x0001019a (0xfec42783) lw      a5, -20(s0)
core   0: 0 0x0001019a (0xfec42783) x15 0x00000058 mem 0x7ffffd8c
core   0: 0x0001019e (0x00000785) c.addi  a5, 1
core   0: 0 0x0001019e (0x0785) x15 0x00000059
core   0: 0x000101a0 (0xfef42623) sw      a5, -20(s0)
core   0: 0 0x000101a0 (0xfef42623) mem 0x7ffffd8c 0x00000059
core   0: 0x000101a4 (0xfec42703) lw      a4, -20(s0)
core   0: 0 0x000101a4 (0xfec42703) x14 0x00000059 mem 0x7ffffd8c
core   0: 0x000101a8 (0x03100793) li      a5, 49
core   0: 0 0x000101a8 (0x03100793) x15 0x00000031
core   0: 0x000101ac (0x00e7e863) bltu    a5, a4, pc + 16
core   0: 0 0x000101ac (0x00e7e863)
core   0: 0x000101bc (0xfe842783) lw      a5, -24(s0)
core   0: 0 0x000101bc (0xfe842783) x15 0x00000013 mem 0x7ffffd88
core   0: 0x000101c0 (0x00008b85) c.andi  a5, 1
core   0: 0 0x000101c0 (0x8b85) x15 0x00000001
core   0: 0x000101c2 (0x0000e791) c.bnez  a5, pc + 12
core   0: 0 0x000101c2 (0xe791)
core   0: 0x000101ce (0xfe442783) lw      a5, -28(s0)
core   0: 0 0x000101ce (0xfe442783) x15 0x00000058 mem 0x7ffffd84
core   0: 0x000101d2 (0x00000785) c.addi  a5, 1
core   0: 0 0x000101d2 (0x0785) x15 0x00000059
core   0: 0x000101d4 (0xfef42223) sw      a5, -28(s0)
core   0: 0 0x000101d4 (0xfef42223) mem 0x7ffffd84 0x00000059
core   0: 0x000101d8 (0xfe442703) lw      a4, -28(s0)
core   0: 0 0x000101d8 (0xfe442703) x14 0x00000059 mem 0x7ffffd84
core   0: 0x000101dc (0x06300793) li      a5, 99
core   0: 0 0x000101dc (0x06300793) x15 0x00000063
core   0: 0x000101e0 (0xf6e7fde3) bgeu    a5, a4, pc - 134
core   0: 0 0x000101e0 (0xf6e7fde3)
core   0: 0x0001015a (0xfe442703) lw      a4, -28(s0)
core   0: 0 0x0001015a (0xfe442703) x14 0x00000059 mem 0x7ffffd84
core   0: 0x0001015e (0x03100793) li      a5, 49
core   0: 0 0x0001015e (0x03100793) x15 0x00000031
core   0: 0x00010162 (0x02e7ec63) bltu    a5, a4, pc + 56
core   0: 0 0x00010162 (0x02e7ec63)
core   0: 0x0001019a (0xfec42783) lw      a5, -20(s0)
core   0: 0 0x0001019a (0xfec42783) x15 0x00000059 mem 0x7ffffd8c
core   0: 0x0001019e (0x00000785) c.addi  a5, 1
core   0: 0 0x0001019e (0x0785) x15 0x0000005a
core   0: 0x000101a0 (0xfef42623) sw      a5, -20(s0)
core   0: 0 0x000101a0 (0xfef42623) mem 0x7ffffd8c 0x0000005a
core   0: 0x000101a4 (0xfec42703) lw      a4, -20(s0)
core   0: 0 0x000101a4 (0xfec42703) x14 0x0000005a mem 0x7ffffd8c
core   0: 0x000101a8 (0x03100793) li      a5, 49
core   0: 0 0x000101a8 (0x03100793) x15 0x00000031
core   0: 0x000101ac (0x00e7e863) bltu    a5, a4, pc + 16
core   0: 0 0x000101ac (0x00e7e863)
core   0: 0x000101bc (0xfe842783) lw      a5, -24(s0)
core   0: 0 0x000101bc (0xfe842783) x15 0x00000013 mem 0x7ffffd88
core   0: 0x000101c0 (0x00008b85) c.andi  a5, 1
core   0: 0 0x000101c0 (0x8b85) x15 0x00000001
core   0: 0x000101c2 (0x0000e791) c.bnez  a5, pc + 12
core   0: 0 0x000101c2 (0xe791)
core   0: 0x000101ce (0xfe442783) lw      a5, -28(s0)
core   0: 0 0x000101ce (0xfe442783) x15 0x00000059 mem 0x7ffffd84
core   0: 0x000101d2 (0x00000785) c.addi  a5, 1
core   0: 0 0x000101d2 (0x0785) x15 0x0000005a
core   0: 0x000101d4 (0xfef42223) sw      a5, -28(s0)
core   0: 0 0x000101d4 (0xfef42223) mem 0x7ffffd84 0x0000005a
core   0: 0x000101d8 (0xfe442703) lw      a4, -28(s0)
core   0: 0 0x000101d8 (0xfe442703) x14 0x0000005a mem 0x7ffffd84
core   0: 0x000101dc (0x06300793) li      a5, 99
core   0: 0 0x000101dc (0x06300793) x15 0x00000063
core   0: 0x000101e0 (0xf6e7fde3) bgeu    a5, a4, pc - 134
core   0: 0 0x000101e0 (0xf6e7fde3)
core   0: 0x0001015a (0xfe442703) lw      a4, -28(s0)
core   0: 0 0x0001015a (0xfe442703) x14 0x0000005a mem 0x7ffffd84
core   0: 0x0001015e (0x03100793) li      a5, 49
core   0: 0 0x0001015e (0x03100793) x15 0x00000031
core   0: 0x00010162 (0x02e7ec63) bltu    a5, a4, pc + 56
core   0: 0 0x00010162 (0x02e7ec63)
core   0: 0x0001019a (0xfec42783) lw      a5, -20(s0)
core   0: 0 0x0001019a (0xfec42783) x15 0x0000005a mem 0x7ffffd8c
core   0: 0x0001019e (0x00000785) c.addi  a5, 1
core   0: 0 0x0001019e (0x0785) x15 0x0000005b
core   0: 0x000101a0 (0xfef42623) sw      a5, -20(s0)
core   0: 0 0x000101a0 (0xfef42623) mem 0x7ffffd8c 0x0000005b
core   0: 0x000101a4 (0xfec42703) lw      a4, -20(s0)
core   0: 0 0x000101a4 (0xfec42703) x14 0x0000005b mem 0x7ffffd8c
core   0: 0x000101a8 (0x03100793) li      a5, 49
core   0: 0 0x000101a8 (0x03100793) x15 0x00000031
core   0: 0x000101ac (0x00e7e863) bltu    a5, a4, pc + 16
core   0: 0 0x000101ac (0x00e7e863)
core   0: 0x000101bc (0xfe842783) lw      a5, -24(s0)
core   0: 0 0x000101bc (0xfe842783) x15 0x00000013 mem 0x7ffffd88
core   0: 0x000101c0 (0x00008b85) c.andi  a5, 1
core   0: 0 0x000101c0 (0x8b85) x15 0x00000001
core   0: 0x000101c2 (0x0000e791) c.bnez  a5, pc + 12
core   0: 0 0x000101c2 (0xe791)
core   0: 0x000101ce (0xfe442783) lw      a5, -28(s0)
core   0: 0 0x000101ce (0xfe442783) x15 0x0000005a mem 0x7ffffd84
core   0: 0x000101d2 (0x00000785) c.addi  a5, 1
core   0: 0 0x000101d2 (0x0785) x15 0x0000005b
core   0: 0x000101d4 (0xfef42223) sw      a5, -28(s0)
core   0: 0 0x000101d4 (0xfef42223) mem 0x7ffffd84 0x0000005b
core   0: 0x000101d8 (0xfe442703) lw      a4, -28(s0)
core   0: 0 0x000101d8 (0xfe442703) x14 0x0000005b mem 0x7ffffd84
core   0: 0x000101dc (0x06300793) li      a5, 99
core   0: 0 0x000101dc (0x06300793) x15 0x00000063
core   0: 0x000101e0 (0xf6e7fde3) bgeu    a5, a4, pc - 134
core   0: 0 0x000101e0 (0xf6e7fde3)
core   0: 0x0001015a (0xfe442703) lw      a4, -28(s0)
core   0: 0 0x0001015a (0xfe442703) x14 0x0000005b mem 0x7ffffd84
core   0: 0x0001015e (0x03100793) li      a5, 49
core   0: 0 0x0001015e (0x03100793) x15 0x00000031
core   0: 0x00010162 (0x02e7ec63) bltu    a5, a4, pc + 56
core   0: 0 0x00010162 (0x02e7ec63)
core   0: 0x0001019a (0xfec42783) lw      a5, -20(s0)
core   0: 0 0x0001019a (0xfec42783) x15 0x0000005b mem 0x7ffffd8c
core   0: 0x0001019e (0x00000785) c.addi  a5, 1
core   0: 0 0x0001019e (0x0785) x15 0x0000005c
core   0: 0x000101a0 (0xfef42623) sw      a5, -20(s0)
core   0: 0 0x000101a0 (0xfef42623) mem 0x7ffffd8c 0x0000005c
core   0: 0x000101a4 (0xfec42703) lw      a4, -20(s0)
core   0: 0 0x000101a4 (0xfec42703) x14 0x0000005c mem 0x7ffffd8c
core   0: 0x000101a8 (0x03100793) li      a5, 49
core   0: 0 0x000101a8 (0x03100793) x15 0x00000031
core   0: 0x000101ac (0x00e7e863) bltu    a5, a4, pc + 16
core   0: 0 0x000101ac (0x00e7e863)
core   0: 0x000101bc (0xfe842783) lw      a5, -24(s0)
core   0: 0 0x000101bc (0xfe842783) x15 0x00000013 mem 0x7ffffd88
core   0: 0x000101c0 (0x00008b85) c.andi  a5, 1
core   0: 0 0x000101c0 (0x8b85) x15 0x00000001
core   0: 0x000101c2 (0x0000e791) c.bnez  a5, pc + 12
core   0: 0 0x000101c2 (0xe791)
core   0: 0x000101ce (0xfe442783) lw      a5, -28(s0)
core   0: 0 0x000101ce (0xfe442783) x15 0x0000005b mem 0x7ffffd84
core   0: 0x000101d2 (0x00000785) c.addi  a5, 1
core   0: 0 0x000101d2 (0x0785) x15 0x0000005c
core   0: 0x000101d4 (0xfef42223) sw      a5, -28(s0)
core   0: 0 0x000101d4 (0xfef42223) mem 0x7ffffd84 0x0000005c
core   0: 0x000101d8 (0xfe442703) lw      a4, -28(s0)
core   0: 0 0x000101d8 (0xfe442703) x14 0x0000005c mem 0x7ffffd84
core   0: 0x000101dc (0x06300793) li      a5, 99
core   0: 0 0x000101dc (0x06300793) x15 0x00000063
core   0: 0x000101e0 (0xf6e7fde3) bgeu    a5, a4, pc - 134
core   0: 0 0x000101e0 (0xf6e7fde3)
core   0: 0x0001015a (0xfe442703) lw      a4, -28(s0)
core   0: 0 0x0001015a (0xfe442703) x14 0x0000005c mem 0x7ffffd84
core   0: 0x0001015e (0x03100793) li      a5, 49
core   0: 0 0x0001015e (0x03100793) x15 0x00000031
core   0: 0x00010162 (0x02e7ec63) bltu    a5, a4, pc + 56
core   0: 0 0x00010162 (0x02e7ec63)
core   0: 0x0001019a (0xfec42783) lw      a5, -20(s0)
core   0: 0 0x0001019a (0xfec42783) x15 0x0000005c mem 0x7ffffd8c
core   0: 0x0001019e (0x00000785) c.addi  a5, 1
core   0: 0 0x0001019e (0x0785) x15 0x0000005d
core   0: 0x000101a0 (0xfef42623) sw      a5, -20(s0)
core   0: 0 0x000101a0 (0xfef42623) mem 0x7ffffd8c 0x0000005d
core   0: 0x000101a4 (0xfec42703) lw      a4, -20(s0)
core   0: 0 0x000101a4 (0xfec42703) x14 0x0000005d mem 0x7ffffd8c
core   0: 0x000101a8 (0x03100793) li      a5, 49
core   0: 0 0x000101a8 (0x03100793) x15 0x00000031
core   0: 0x000101ac (0x00e7e863) bltu    a5, a4, pc + 16
core   0: 0 0x000101ac (0x00e7e863)
core   0: 0x000101bc (0xfe842783) lw      a5, -24(s0)
core   0: 0 0x000101bc (0xfe842783) x15 0x00000013 mem 0x7ffffd88
core   0: 0x000101c0 (0x00008b85) c.andi  a5, 1
core   0: 0 0x000101c0 (0x8b85) x15 0x00000001
core   0: 0x000101c2 (0x0000e791) c.bnez  a5, pc + 12
core   0: 0 0x000101c2 (0xe791)
core   0: 0x000101ce (0xfe442783) lw      a5, -28(s0)
core   0: 0 0x000101ce (0xfe442783) x15 0x0000005c mem 0x7ffffd84
core   0: 0x000101d2 (0x00000785) c.addi  a5, 1
core   0: 0 0x000101d2 (0x0785) x15 0x0000005d
core   0: 0x000101d4 (0xfef42223) sw      a5, -28(s0)
core   0: 0 0x000101d4 (0xfef42223) mem 0x7ffffd84 0x0000005d
core   0: 0x000101d8 (0xfe442703) lw      a4, -28(s0)
core   0: 0 0x000101d8 (0xfe442703) x14 0x0000005d mem 0x7ffffd84
core   0: 0x000101dc (0x06300793) li      a5, 99
core   0: 0 0x000101dc (0x06300793) x15 0x00000063
core   0: 0x000101e0 (0xf6e7fde3) bgeu    a5, a4, pc - 134
core   0: 0 0x000101e0 (0xf6e7fde3)
core   0: 0x0001015a (0xfe442703) lw      a4, -28(s0)
core   0: 0 0x0001015a (0xfe442703) x14 0x0000005d mem 0x7ffffd84
core   0: 0x0001015e (0x03100793) li      a5, 49
core   0: 0 0x0001015e (0x03100793) x15 0x00000031
core   0: 0x00010162 (0x02e7ec63) bltu    a5, a4, pc + 56
core   0: 0 0x00010162 (0x02e7ec63)
core   0: 0x0001019a (0xfec42783) lw      a5, -20(s0)
core   0: 0 0x0001019a (0xfec42783) x15 0x0000005d mem 0x7ffffd8c
core   0: 0x0001019e (0x00000785) c.addi  a5, 1
core   0: 0 0x0001019e (0x0785) x15 0x0000005e
core   0: 0x000101a0 (0xfef42623) sw      a5, -20(s0)
core   0: 0 0x000101a0 (0xfef42623) mem 0x7ffffd8c 0x0000005e
core   0: 0x000101a4 (0xfec42703) lw      a4, -20(s0)
core   0: 0 0x000101a4 (0xfec42703) x14 0x0000005e mem 0x7ffffd8c
core   0: 0x000101a8 (0x03100793) li      a5, 49
core   0: 0 0x000101a8 (0x03100793) x15 0x00000031
core   0: 0x000101ac (0x00e7e863) bltu    a5, a4, pc + 16
core   0: 0 0x000101ac (0x00e7e863)
core   0: 0x000101bc (0xfe842783) lw      a5, -24(s0)
core   0: 0 0x000101bc (0xfe842783) x15 0x00000013 mem 0x7ffffd88
core   0: 0x000101c0 (0x00008b85) c.andi  a5, 1
core   0: 0 0x000101c0 (0x8b85) x15 0x00000001
core   0: 0x000101c2 (0x0000e791) c.bnez  a5, pc + 12
core   0: 0 0x000101c2 (0xe791)
core   0: 0x000101ce (0xfe442783) lw      a5, -28(s0)
core   0: 0 0x000101ce (0xfe442783) x15 0x0000005d mem 0x7ffffd84
core   0: 0x000101d2 (0x00000785) c.addi  a5, 1
core   0: 0 0x000101d2 (0x0785) x15 0x0000005e
core   0: 0x000101d4 (0xfef42223) sw      a5, -28(s0)
core   0: 0 0x000101d4 (0xfef42223) mem 0x7ffffd84 0x0000005e
core   0: 0x000101d8 (0xfe442703) lw      a4, -28(s0)
core   0: 0 0x000101d8 (0xfe442703) x14 0x0000005e mem 0x7ffffd84
core   0: 0x000101dc (0x06300793) li      a5, 99
core   0: 0 0x000101dc (0x06300793) x15 0x00000063
core   0: 0x000101e0 (0xf6e7fde3) bgeu    a5, a4, pc - 134
core   0: 0 0x000101e0 (0xf6e7fde3)
core   0: 0x0001015a (0xfe442703) lw      a4, -28(s0)
core   0: 0 0x0001015a (0xfe442703) x14 0x0000005e mem 0x7ffffd84
core   0: 0x0001015e (0x03100793) li      a5, 49
core   0: 0 0x0001015e (0x03100793) x15 0x00000031
core   0: 0x00010162 (0x02e7ec63) bltu    a5, a4, pc + 56
core   0: 0 0x00010162 (0x02e7ec63)
core   0: 0x0001019a (0xfec42783) lw      a5, -20(s0)
core   0: 0 0x0001019a (0xfec42783) x15 0x0000005e mem 0x7ffffd8c
core   0: 0x0001019e (0x00000785) c.addi  a5, 1
core   0: 0 0x0001019e (0x0785) x15 0x0000005f
core   0: 0x000101a0 (0xfef42623) sw      a5, -20(s0)
core   0: 0 0x000101a0 (0xfef42623) mem 0x7ffffd8c 0x0000005f
core   0: 0x000101a4 (0xfec42703) lw      a4, -20(s0)
core   0: 0 0x000101a4 (0xfec42703) x14 0x0000005f mem 0x7ffffd8c
core   0: 0x000101a8 (0x03100793) li      a5, 49
core   0: 0 0x000101a8 (0x03100793) x15 0x00000031
core   0: 0x000101ac (0x00e7e863) bltu    a5, a4, pc + 16
core   0: 0 0x000101ac (0x00e7e863)
core   0: 0x000101bc (0xfe842783) lw      a5, -24(s0)
core   0: 0 0x000101bc (0xfe842783) x15 0x00000013 mem 0x7ffffd88
core   0: 0x000101c0 (0x00008b85) c.andi  a5, 1
core   0: 0 0x000101c0 (0x8b85) x15 0x00000001
core   0: 0x000101c2 (0x0000e791) c.bnez  a5, pc + 12
core   0: 0 0x000101c2 (0xe791)
core   0: 0x000101ce (0xfe442783) lw      a5, -28(s0)
core   0: 0 0x000101ce (0xfe442783) x15 0x0000005e mem 0x7ffffd84
core   0: 0x000101d2 (0x00000785) c.addi  a5, 1
core   0: 0 0x000101d2 (0x0785) x15 0x0000005f
core   0: 0x000101d4 (0xfef42223) sw      a5, -28(s0)
core   0: 0 0x000101d4 (0xfef42223) mem 0x7ffffd84 0x0000005f
core   0: 0x000101d8 (0xfe442703) lw      a4, -28(s0)
core   0: 0 0x000101d8 (0xfe442703) x14 0x0000005f mem 0x7ffffd84
core   0: 0x000101dc (0x06300793) li      a5, 99
core   0: 0 0x000101dc (0x06300793) x15 0x00000063
core   0: 0x000101e0 (0xf6e7fde3) bgeu    a5, a4, pc - 134
core   0: 0 0x000101e0 (0xf6e7fde3)
core   0: 0x0001015a (0xfe442703) lw      a4, -28(s0)
core   0: 0 0x0001015a (0xfe442703) x14 0x0000005f mem 0x7ffffd84
core   0: 0x0001015e (0x03100793) li      a5, 49
core   0: 0 0x0001015e (0x03100793) x15 0x00000031
core   0: 0x00010162 (0x02e7ec63) bltu    a5, a4, pc + 56
core   0: 0 0x00010162 (0x02e7ec63)
core   0: 0x0001019a (0xfec42783) lw      a5, -20(s0)
core   0: 0 0x0001019a (0xfec42783) x15 0x0000005f mem 0x7ffffd8c
core   0: 0x0001019e (0x00000785) c.addi  a5, 1
core   0: 0 0x0001019e (0x0785) x15 0x00000060
core   0: 0x000101a0 (0xfef42623) sw      a5, -20(s0)
core   0: 0 0x000101a0 (0xfef42623) mem 0x7ffffd8c 0x00000060
core   0: 0x000101a4 (0xfec42703) lw      a4, -20(s0)
core   0: 0 0x000101a4 (0xfec42703) x14 0x00000060 mem 0x7ffffd8c
core   0: 0x000101a8 (0x03100793) li      a5, 49
core   0: 0 0x000101a8 (0x03100793) x15 0x00000031
core   0: 0x000101ac (0x00e7e863) bltu    a5, a4, pc + 16
core   0: 0 0x000101ac (0x00e7e863)
core   0: 0x000101bc (0xfe842783) lw      a5, -24(s0)
core   0: 0 0x000101bc (0xfe842783) x15 0x00000013 mem 0x7ffffd88
core   0: 0x000101c0 (0x00008b85) c.andi  a5, 1
core   0: 0 0x000101c0 (0x8b85) x15 0x00000001
core   0: 0x000101c2 (0x0000e791) c.bnez  a5, pc + 12
core   0: 0 0x000101c2 (0xe791)
core   0: 0x000101ce (0xfe442783) lw      a5, -28(s0)
core   0: 0 0x000101ce (0xfe442783) x15 0x0000005f mem 0x7ffffd84
core   0: 0x000101d2 (0x00000785) c.addi  a5, 1
core   0: 0 0x000101d2 (0x0785) x15 0x00000060
core   0: 0x000101d4 (0xfef42223) sw      a5, -28(s0)
core   0: 0 0x000101d4 (0xfef42223) mem 0x7ffffd84 0x00000060
core   0: 0x000101d8 (0xfe442703) lw      a4, -28(s0)
core   0: 0 0x000101d8 (0xfe442703) x14 0x00000060 mem 0x7ffffd84
core   0: 0x000101dc (0x06300793) li      a5, 99
core   0: 0 0x000101dc (0x06300793) x15 0x00000063
core   0: 0x000101e0 (0xf6e7fde3) bgeu    a5, a4, pc - 134
core   0: 0 0x000101e0 (0xf6e7fde3)
core   0: 0x0001015a (0xfe442703) lw      a4, -28(s0)
core   0: 0 0x0001015a (0xfe442703) x14 0x00000060 mem 0x7ffffd84
core   0: 0x0001015e (0x03100793) li      a5, 49
core   0: 0 0x0001015e (0x03100793) x15 0x00000031
core   0: 0x00010162 (0x02e7ec63) bltu    a5, a4, pc + 56
core   0: 0 0x00010162 (0x02e7ec63)
core   0: 0x0001019a (0xfec42783) lw      a5, -20(s0)
core   0: 0 0x0001019a (0xfec42783) x15 0x00000060 mem 0x7ffffd8c
core   0: 0x0001019e (0x00000785) c.addi  a5, 1
core   0: 0 0x0001019e (0x0785) x15 0x00000061
core   0: 0x000101a0 (0xfef42623) sw      a5, -20(s0)
core   0: 0 0x000101a0 (0xfef42623) mem 0x7ffffd8c 0x00000061
core   0: 0x000101a4 (0xfec42703) lw      a4, -20(s0)
core   0: 0 0x000101a4 (0xfec42703) x14 0x00000061 mem 0x7ffffd8c
core   0: 0x000101a8 (0x03100793) li      a5, 49
core   0: 0 0x000101a8 (0x03100793) x15 0x00000031
core   0: 0x000101ac (0x00e7e863) bltu    a5, a4, pc + 16
core   0: 0 0x000101ac (0x00e7e863)
core   0: 0x000101bc (0xfe842783) lw      a5, -24(s0)
core   0: 0 0x000101bc (0xfe842783) x15 0x00000013 mem 0x7ffffd88
core   0: 0x000101c0 (0x00008b85) c.andi  a5, 1
core   0: 0 0x000101c0 (0x8b85) x15 0x00000001
core   0: 0x000101c2 (0x0000e791) c.bnez  a5, pc + 12
core   0: 0 0x000101c2 (0xe791)
core   0: 0x000101ce (0xfe442783) lw      a5, -28(s0)
core   0: 0 0x000101ce (0xfe442783) x15 0x00000060 mem 0x7ffffd84
core   0: 0x000101d2 (0x00000785) c.addi  a5, 1
core   0: 0 0x000101d2 (0x0785) x15 0x00000061
core   0: 0x000101d4 (0xfef42223) sw      a5, -28(s0)
core   0: 0 0x000101d4 (0xfef42223) mem 0x7ffffd84 0x00000061
core   0: 0x000101d8 (0xfe442703) lw      a4, -28(s0)
core   0: 0 0x000101d8 (0xfe442703) x14 0x00000061 mem 0x7ffffd84
core   0: 0x000101dc (0x06300793) li      a5, 99
core   0: 0 0x000101dc (0x06300793) x15 0x00000063
core   0: 0x000101e0 (0xf6e7fde3) bgeu    a5, a4, pc - 134
core   0: 0 0x000101e0 (0xf6e7fde3)
core   0: 0x0001015a (0xfe442703) lw      a4, -28(s0)
core   0: 0 0x0001015a (0xfe442703) x14 0x00000061 mem 0x7ffffd84
core   0: 0x0001015e (0x03100793) li      a5, 49
core   0: 0 0x0001015e (0x03100793) x15 0x00000031
core   0: 0x00010162 (0x02e7ec63) bltu    a5, a4, pc + 56
core   0: 0 0x00010162 (0x02e7ec63)
core   0: 0x0001019a (0xfec42783) lw      a5, -20(s0)
core   0: 0 0x0001019a (0xfec42783) x15 0x00000061 mem 0x7ffffd8c
core   0: 0x0001019e (0x00000785) c.addi  a5, 1
core   0: 0 0x0001019e (0x0785) x15 0x00000062
core   0: 0x000101a0 (0xfef42623) sw      a5, -20(s0)
core   0: 0 0x000101a0 (0xfef42623) mem 0x7ffffd8c 0x00000062
core   0: 0x000101a4 (0xfec42703) lw      a4, -20(s0)
core   0: 0 0x000101a4 (0xfec42703) x14 0x00000062 mem 0x7ffffd8c
core   0: 0x000101a8 (0x03100793) li      a5, 49
core   0: 0 0x000101a8 (0x03100793) x15 0x00000031
core   0: 0x000101ac (0x00e7e863) bltu    a5, a4, pc + 16
core   0: 0 0x000101ac (0x00e7e863)
core   0: 0x000101bc (0xfe842783) lw      a5, -24(s0)
core   0: 0 0x000101bc (0xfe842783) x15 0x00000013 mem 0x7ffffd88
core   0: 0x000101c0 (0x00008b85) c.andi  a5, 1
core   0: 0 0x000101c0 (0x8b85) x15 0x00000001
core   0: 0x000101c2 (0x0000e791) c.bnez  a5, pc + 12
core   0: 0 0x000101c2 (0xe791)
core   0: 0x000101ce (0xfe442783) lw      a5, -28(s0)
core   0: 0 0x000101ce (0xfe442783) x15 0x00000061 mem 0x7ffffd84
core   0: 0x000101d2 (0x00000785) c.addi  a5, 1
core   0: 0 0x000101d2 (0x0785) x15 0x00000062
core   0: 0x000101d4 (0xfef42223) sw      a5, -28(s0)
core   0: 0 0x000101d4 (0xfef42223) mem 0x7ffffd84 0x00000062
core   0: 0x000101d8 (0xfe442703) lw      a4, -28(s0)
core   0: 0 0x000101d8 (0xfe442703) x14 0x00000062 mem 0x7ffffd84
core   0: 0x000101dc (0x06300793) li      a5, 99
core   0: 0 0x000101dc (0x06300793) x15 0x00000063
core   0: 0x000101e0 (0xf6e7fde3) bgeu    a5, a4, pc - 134
core   0: 0 0x000101e0 (0xf6e7fde3)
core   0: 0x0001015a (0xfe442703) lw      a4, -28(s0)
core   0: 0 0x0001015a (0xfe442703) x14 0x00000062 mem 0x7ffffd84
core   0: 0x0001015e (0x03100793) li      a5, 49
core   0: 0 0x0001015e (0x03100793) x15 0x00000031
core   0: 0x00010162 (0x02e7ec63) bltu    a5, a4, pc + 56
core   0: 0 0x00010162 (0x02e7ec63)
core   0: 0x0001019a (0xfec42783) lw      a5, -20(s0)
core   0: 0 0x0001019a (0xfec42783) x15 0x00000062 mem 0x7ffffd8c
core   0: 0x0001019e (0x00000785) c.addi  a5, 1
core   0: 0 0x0001019e (0x0785) x15 0x00000063
core   0: 0x000101a0 (0xfef42623) sw      a5, -20(s0)
core   0: 0 0x000101a0 (0xfef42623) mem 0x7ffffd8c 0x00000063
core   0: 0x000101a4 (0xfec42703) lw      a4, -20(s0)
core   0: 0 0x000101a4 (0xfec42703) x14 0x00000063 mem 0x7ffffd8c
core   0: 0x000101a8 (0x03100793) li      a5, 49
core   0: 0 0x000101a8 (0x03100793) x15 0x00000031
core   0: 0x000101ac (0x00e7e863) bltu    a5, a4, pc + 16
core   0: 0 0x000101ac (0x00e7e863)
core   0: 0x000101bc (0xfe842783) lw      a5, -24(s0)
core   0: 0 0x000101bc (0xfe842783) x15 0x00000013 mem 0x7ffffd88
core   0: 0x000101c0 (0x00008b85) c.andi  a5, 1
core   0: 0 0x000101c0 (0x8b85) x15 0x00000001
core   0: 0x000101c2 (0x0000e791) c.bnez  a5, pc + 12
core   0: 0 0x000101c2 (0xe791)
core   0: 0x000101ce (0xfe442783) lw      a5, -28(s0)
core   0: 0 0x000101ce (0xfe442783) x15 0x00000062 mem 0x7ffffd84
core   0: 0x000101d2 (0x00000785) c.addi  a5, 1
core   0: 0 0x000101d2 (0x0785) x15 0x00000063
core   0: 0x000101d4 (0xfef42223) sw      a5, -28(s0)
core   0: 0 0x000101d4 (0xfef42223) mem 0x7ffffd84 0x00000063
core   0: 0x000101d8 (0xfe442703) lw      a4, -28(s0)
core   0: 0 0x000101d8 (0xfe442703) x14 0x00000063 mem 0x7ffffd84
core   0: 0x000101dc (0x06300793) li      a5, 99
core   0: 0 0x000101dc (0x06300793) x15 0x00000063
core   0: 0x000101e0 (0xf6e7fde3) bgeu    a5, a4, pc - 134
core   0: 0 0x000101e0 (0xf6e7fde3)
core   0: 0x0001015a (0xfe442703) lw      a4, -28(s0)
core   0: 0 0x0001015a (0xfe442703) x14 0x00000063 mem 0x7ffffd84
core   0: 0x0001015e (0x03100793) li      a5, 49
core   0: 0 0x0001015e (0x03100793) x15 0x00000031
core   0: 0x00010162 (0x02e7ec63) bltu    a5, a4, pc + 56
core   0: 0 0x00010162 (0x02e7ec63)
core   0: 0x0001019a (0xfec42783) lw      a5, -20(s0)
core   0: 0 0x0001019a (0xfec42783) x15 0x00000063 mem 0x7ffffd8c
core   0: 0x0001019e (0x00000785) c.addi  a5, 1
core   0: 0 0x0001019e (0x0785) x15 0x00000064
core   0: 0x000101a0 (0xfef42623) sw      a5, -20(s0)
core   0: 0 0x000101a0 (0xfef42623) mem 0x7ffffd8c 0x00000064
core   0: 0x000101a4 (0xfec42703) lw      a4, -20(s0)
core   0: 0 0x000101a4 (0xfec42703) x14 0x00000064 mem 0x7ffffd8c
core   0: 0x000101a8 (0x03100793) li      a5, 49
core   0: 0 0x000101a8 (0x03100793) x15 0x00000031
core   0: 0x000101ac (0x00e7e863) bltu    a5, a4, pc + 16
core   0: 0 0x000101ac (0x00e7e863)
core   0: 0x000101bc (0xfe842783) lw      a5, -24(s0)
core   0: 0 0x000101bc (0xfe842783) x15 0x00000013 mem 0x7ffffd88
core   0: 0x000101c0 (0x00008b85) c.andi  a5, 1
core   0: 0 0x000101c0 (0x8b85) x15 0x00000001
core   0: 0x000101c2 (0x0000e791) c.bnez  a5, pc + 12
core   0: 0 0x000101c2 (0xe791)
core   0: 0x000101ce (0xfe442783) lw      a5, -28(s0)
core   0: 0 0x000101ce (0xfe442783) x15 0x00000063 mem 0x7ffffd84
core   0: 0x000101d2 (0x00000785) c.addi  a5, 1
core   0: 0 0x000101d2 (0x0785) x15 0x00000064
core   0: 0x000101d4 (0xfef42223) sw      a5, -28(s0)
core   0: 0 0x000101d4 (0xfef42223) mem 0x7ffffd84 0x00000064
core   0: 0x000101d8 (0xfe442703) lw      a4, -28(s0)
core   0: 0 0x000101d8 (0xfe442703) x14 0x00000064 mem 0x7ffffd84
core   0: 0x000101dc (0x06300793) li      a5, 99
core   0: 0 0x000101dc (0x06300793) x15 0x00000063
core   0: 0x000101e0 (0xf6e7fde3) bgeu    a5, a4, pc - 134
core   0: 0 0x000101e0 (0xf6e7fde3)
core   0: 0x000101e4 (0x00006789) c.lui   a5, 0x2
core   0: 0 0x000101e4 (0x6789) x15 0x00002000
core   0: 0x000101e6 (0x2b878793) addi    a5, a5, 696
core   0: 0 0x000101e6 (0x2b878793) x15 0x000022b8
core   0: 0x000101ea (0xfcf42e23) sw      a5, -36(s0)
core   0: 0 0x000101ea (0xfcf42e23) mem 0x7ffffd7c 0x000022b8
core   0: 0x000101ee (0x00004781) c.li    a5, 0
core   0: 0 0x000101ee (0x4781) x15 0x00000000
core   0: 0x000101f0 (0x0000853e) c.mv    a0, a5
core   0: 0 0x000101f0 (0x853e) x10 0x00000000
core   0: 0x000101f2 (0x00005432) c.lwsp  s0, 44(sp)
core   0: 0 0x000101f2 (0x5432) x8  0x00000000 mem 0x7ffffd9c
core   0: 0x000101f4 (0x00006145) c.addi16sp sp, 48
core   0: 0 0x000101f4 (0x6145) x2  0x7ffffda0
core   0: 0x000101f6 (0x00008082) ret
core   0: 0 0x000101f6 (0x8082)